16
MT_CONF=0
Nthreads: 1  Runtime(sec): 10  Throughput(Kops/sec): 1215.79
MT_CONF=0,1
Nthreads: 2  Runtime(sec): 10  Throughput(Kops/sec): 1390.55
MT_CONF=0,1,2,3
Nthreads: 4  Runtime(sec): 10  Throughput(Kops/sec): 2781.68
1024
MT_CONF=0
Nthreads: 1  Runtime(sec): 10  Throughput(Kops/sec): 167.45
MT_CONF=0,1
Nthreads: 2  Runtime(sec): 10  Throughput(Kops/sec): 338.16
MT_CONF=0,1,2,3
Nthreads: 4  Runtime(sec): 10  Throughput(Kops/sec): 674.91
8192
MT_CONF=0
Nthreads: 1  Runtime(sec): 10  Throughput(Kops/sec): 26.04
MT_CONF=0,1
Nthreads: 2  Runtime(sec): 10  Throughput(Kops/sec): 52.08
MT_CONF=0,1,2,3
Nthreads: 4  Runtime(sec): 10  Throughput(Kops/sec): 104.81
