16
MT_CONF=0
Nthreads: 1  Runtime(sec): 10  Throughput(Kops/sec): 1513.51
MT_CONF=0,1
Nthreads: 2  Runtime(sec): 10  Throughput(Kops/sec): 3019.89
MT_CONF=0,1,2,3
Nthreads: 4  Runtime(sec): 10  Throughput(Kops/sec): 5674.99
1024
MT_CONF=0
Nthreads: 1  Runtime(sec): 10  Throughput(Kops/sec): 381.81
MT_CONF=0,1
Nthreads: 2  Runtime(sec): 10  Throughput(Kops/sec): 468.97
MT_CONF=0,1,2,3
Nthreads: 4  Runtime(sec): 10  Throughput(Kops/sec): 444.03
8192
MT_CONF=0
Nthreads: 1  Runtime(sec): 10  Throughput(Kops/sec): 59.08
MT_CONF=0,1
Nthreads: 2  Runtime(sec): 10  Throughput(Kops/sec): 33.69
MT_CONF=0,1,2,3
Nthreads: 4  Runtime(sec): 10  Throughput(Kops/sec): 26.33
