Benchmark started on Mon Jan 16 02:02:32 EET 2017 in termi3
kernel:0Matrix size: 1024
Adjusted matrix size: 1024
>>>> Begin of record <<<<
Serial version:
Elapsed time: 0.004779 s
Performance:  0.438827 Gflop/s
>>>> End of record <<<<
>>>> Begin of record <<<<
Block size: 16x1
Grid size : 64x1
Shared memory size: 140 bytes
GPU kernel version: naive
Checking ... PASSED
Elapsed time: 0.000872 s
Performance:  2.404991 Gflop/s
>>>> End of record <<<<
kernel:0Matrix size: 1024
Adjusted matrix size: 1024
>>>> Begin of record <<<<
Serial version:
Elapsed time: 0.004771 s
Performance:  0.439562 Gflop/s
>>>> End of record <<<<
>>>> Begin of record <<<<
Block size: 32x1
Grid size : 32x1
Shared memory size: 140 bytes
GPU kernel version: naive
Checking ... PASSED
Elapsed time: 0.001415 s
Performance:  1.482086 Gflop/s
>>>> End of record <<<<
kernel:0Matrix size: 1024
Adjusted matrix size: 1024
>>>> Begin of record <<<<
Serial version:
Elapsed time: 0.004765 s
Performance:  0.440116 Gflop/s
>>>> End of record <<<<
>>>> Begin of record <<<<
Block size: 48x1
Grid size : 22x1
Shared memory size: 140 bytes
GPU kernel version: naive
Checking ... PASSED
Elapsed time: 0.001417 s
Performance:  1.479994 Gflop/s
>>>> End of record <<<<
kernel:0Matrix size: 1024
Adjusted matrix size: 1024
>>>> Begin of record <<<<
Serial version:
Elapsed time: 0.004765 s
Performance:  0.440116 Gflop/s
>>>> End of record <<<<
>>>> Begin of record <<<<
Block size: 64x1
Grid size : 16x1
Shared memory size: 140 bytes
GPU kernel version: naive
Checking ... PASSED
Elapsed time: 0.001351 s
Performance:  1.552296 Gflop/s
>>>> End of record <<<<
kernel:0Matrix size: 1024
Adjusted matrix size: 1024
>>>> Begin of record <<<<
Serial version:
Elapsed time: 0.004770 s
Performance:  0.439655 Gflop/s
>>>> End of record <<<<
>>>> Begin of record <<<<
Block size: 80x1
Grid size : 13x1
Shared memory size: 140 bytes
GPU kernel version: naive
Checking ... PASSED
Elapsed time: 0.001331 s
Performance:  1.575621 Gflop/s
>>>> End of record <<<<
kernel:0Matrix size: 1024
Adjusted matrix size: 1024
>>>> Begin of record <<<<
Serial version:
Elapsed time: 0.004764 s
Performance:  0.440208 Gflop/s
>>>> End of record <<<<
>>>> Begin of record <<<<
Block size: 96x1
Grid size : 11x1
Shared memory size: 140 bytes
GPU kernel version: naive
Checking ... PASSED
Elapsed time: 0.001615 s
Performance:  1.298546 Gflop/s
>>>> End of record <<<<
kernel:0Matrix size: 1024
Adjusted matrix size: 1024
>>>> Begin of record <<<<
Serial version:
Elapsed time: 0.004774 s
Performance:  0.439286 Gflop/s
>>>> End of record <<<<
>>>> Begin of record <<<<
Block size: 112x1
Grid size : 10x1
Shared memory size: 140 bytes
GPU kernel version: naive
Checking ... PASSED
Elapsed time: 0.001650 s
Performance:  1.271001 Gflop/s
>>>> End of record <<<<
kernel:0Matrix size: 1024
Adjusted matrix size: 1024
>>>> Begin of record <<<<
Serial version:
Elapsed time: 0.004771 s
Performance:  0.439562 Gflop/s
>>>> End of record <<<<
>>>> Begin of record <<<<
Block size: 128x1
Grid size : 8x1
Shared memory size: 140 bytes
GPU kernel version: naive
Checking ... PASSED
Elapsed time: 0.001343 s
Performance:  1.561543 Gflop/s
>>>> End of record <<<<
kernel:0Matrix size: 1024
Adjusted matrix size: 1024
>>>> Begin of record <<<<
Serial version:
Elapsed time: 0.004770 s
Performance:  0.439655 Gflop/s
>>>> End of record <<<<
>>>> Begin of record <<<<
Block size: 144x1
Grid size : 8x1
Shared memory size: 140 bytes
GPU kernel version: naive
Checking ... PASSED
Elapsed time: 0.001476 s
Performance:  1.420835 Gflop/s
>>>> End of record <<<<
kernel:0Matrix size: 1024
Adjusted matrix size: 1024
>>>> Begin of record <<<<
Serial version:
Elapsed time: 0.004771 s
Performance:  0.439562 Gflop/s
>>>> End of record <<<<
>>>> Begin of record <<<<
Block size: 160x1
Grid size : 7x1
Shared memory size: 140 bytes
GPU kernel version: naive
Checking ... PASSED
Elapsed time: 0.001397 s
Performance:  1.501183 Gflop/s
>>>> End of record <<<<
kernel:0Matrix size: 1024
Adjusted matrix size: 1024
>>>> Begin of record <<<<
Serial version:
Elapsed time: 0.004769 s
Performance:  0.439747 Gflop/s
>>>> End of record <<<<
>>>> Begin of record <<<<
Block size: 176x1
Grid size : 6x1
Shared memory size: 140 bytes
GPU kernel version: naive
Checking ... PASSED
Elapsed time: 0.001495 s
Performance:  1.402777 Gflop/s
>>>> End of record <<<<
kernel:0Matrix size: 1024
Adjusted matrix size: 1024
>>>> Begin of record <<<<
Serial version:
Elapsed time: 0.004774 s
Performance:  0.439286 Gflop/s
>>>> End of record <<<<
>>>> Begin of record <<<<
Block size: 192x1
Grid size : 6x1
Shared memory size: 140 bytes
GPU kernel version: naive
Checking ... PASSED
Elapsed time: 0.001462 s
Performance:  1.434440 Gflop/s
>>>> End of record <<<<
kernel:0Matrix size: 1024
Adjusted matrix size: 1024
>>>> Begin of record <<<<
Serial version:
Elapsed time: 0.004770 s
Performance:  0.439655 Gflop/s
>>>> End of record <<<<
>>>> Begin of record <<<<
Block size: 208x1
Grid size : 5x1
Shared memory size: 140 bytes
GPU kernel version: naive
Checking ... PASSED
Elapsed time: 0.001603 s
Performance:  1.308267 Gflop/s
>>>> End of record <<<<
kernel:0Matrix size: 1024
Adjusted matrix size: 1024
>>>> Begin of record <<<<
Serial version:
Elapsed time: 0.004770 s
Performance:  0.439655 Gflop/s
>>>> End of record <<<<
>>>> Begin of record <<<<
Block size: 224x1
Grid size : 5x1
Shared memory size: 140 bytes
GPU kernel version: naive
Checking ... PASSED
Elapsed time: 0.001723 s
Performance:  1.217151 Gflop/s
>>>> End of record <<<<
kernel:0Matrix size: 1024
Adjusted matrix size: 1024
>>>> Begin of record <<<<
Serial version:
Elapsed time: 0.004772 s
Performance:  0.439470 Gflop/s
>>>> End of record <<<<
>>>> Begin of record <<<<
Block size: 240x1
Grid size : 5x1
Shared memory size: 140 bytes
GPU kernel version: naive
Checking ... PASSED
Elapsed time: 0.001858 s
Performance:  1.128715 Gflop/s
>>>> End of record <<<<
kernel:0Matrix size: 1024
Adjusted matrix size: 1024
>>>> Begin of record <<<<
Serial version:
Elapsed time: 0.004774 s
Performance:  0.439286 Gflop/s
>>>> End of record <<<<
>>>> Begin of record <<<<
Block size: 256x1
Grid size : 4x1
Shared memory size: 140 bytes
GPU kernel version: naive
Checking ... PASSED
Elapsed time: 0.001969 s
Performance:  1.065085 Gflop/s
>>>> End of record <<<<
kernel:0Matrix size: 1024
Adjusted matrix size: 1024
>>>> Begin of record <<<<
Serial version:
Elapsed time: 0.004765 s
Performance:  0.440116 Gflop/s
>>>> End of record <<<<
>>>> Begin of record <<<<
Block size: 272x1
Grid size : 4x1
Shared memory size: 140 bytes
GPU kernel version: naive
Checking ... PASSED
Elapsed time: 0.002134 s
Performance:  0.982733 Gflop/s
>>>> End of record <<<<
kernel:0Matrix size: 1024
Adjusted matrix size: 1024
>>>> Begin of record <<<<
Serial version:
Elapsed time: 0.004765 s
Performance:  0.440116 Gflop/s
>>>> End of record <<<<
>>>> Begin of record <<<<
Block size: 288x1
Grid size : 4x1
Shared memory size: 140 bytes
GPU kernel version: naive
Checking ... PASSED
Elapsed time: 0.002320 s
Performance:  0.903945 Gflop/s
>>>> End of record <<<<
kernel:0Matrix size: 1024
Adjusted matrix size: 1024
>>>> Begin of record <<<<
Serial version:
Elapsed time: 0.004771 s
Performance:  0.439562 Gflop/s
>>>> End of record <<<<
>>>> Begin of record <<<<
Block size: 304x1
Grid size : 4x1
Shared memory size: 140 bytes
GPU kernel version: naive
Checking ... PASSED
Elapsed time: 0.002463 s
Performance:  0.851462 Gflop/s
>>>> End of record <<<<
kernel:0Matrix size: 1024
Adjusted matrix size: 1024
>>>> Begin of record <<<<
Serial version:
Elapsed time: 0.004766 s
Performance:  0.440023 Gflop/s
>>>> End of record <<<<
>>>> Begin of record <<<<
Block size: 320x1
Grid size : 4x1
Shared memory size: 140 bytes
GPU kernel version: naive
Checking ... PASSED
Elapsed time: 0.002512 s
Performance:  0.834854 Gflop/s
>>>> End of record <<<<
kernel:0Matrix size: 1024
Adjusted matrix size: 1024
>>>> Begin of record <<<<
Serial version:
Elapsed time: 0.004768 s
Performance:  0.439839 Gflop/s
>>>> End of record <<<<
>>>> Begin of record <<<<
Block size: 336x1
Grid size : 4x1
Shared memory size: 140 bytes
GPU kernel version: naive
Checking ... PASSED
Elapsed time: 0.002633 s
Performance:  0.796488 Gflop/s
>>>> End of record <<<<
kernel:0Matrix size: 1024
Adjusted matrix size: 1024
>>>> Begin of record <<<<
Serial version:
Elapsed time: 0.004765 s
Performance:  0.440116 Gflop/s
>>>> End of record <<<<
>>>> Begin of record <<<<
Block size: 352x1
Grid size : 3x1
Shared memory size: 140 bytes
GPU kernel version: naive
Checking ... PASSED
Elapsed time: 0.002772 s
Performance:  0.756548 Gflop/s
>>>> End of record <<<<
kernel:0Matrix size: 1024
Adjusted matrix size: 1024
>>>> Begin of record <<<<
Serial version:
Elapsed time: 0.004768 s
Performance:  0.439839 Gflop/s
>>>> End of record <<<<
>>>> Begin of record <<<<
Block size: 368x1
Grid size : 3x1
Shared memory size: 140 bytes
GPU kernel version: naive
Checking ... PASSED
Elapsed time: 0.002851 s
Performance:  0.735585 Gflop/s
>>>> End of record <<<<
kernel:0Matrix size: 1024
Adjusted matrix size: 1024
>>>> Begin of record <<<<
Serial version:
Elapsed time: 0.004769 s
Performance:  0.439747 Gflop/s
>>>> End of record <<<<
>>>> Begin of record <<<<
Block size: 384x1
Grid size : 3x1
Shared memory size: 140 bytes
GPU kernel version: naive
Checking ... PASSED
Elapsed time: 0.002968 s
Performance:  0.706588 Gflop/s
>>>> End of record <<<<
kernel:0Matrix size: 1024
Adjusted matrix size: 1024
>>>> Begin of record <<<<
Serial version:
Elapsed time: 0.004770 s
Performance:  0.439655 Gflop/s
>>>> End of record <<<<
>>>> Begin of record <<<<
Block size: 400x1
Grid size : 3x1
Shared memory size: 140 bytes
GPU kernel version: naive
Checking ... PASSED
Elapsed time: 0.003059 s
Performance:  0.685568 Gflop/s
>>>> End of record <<<<
kernel:0Matrix size: 1024
Adjusted matrix size: 1024
>>>> Begin of record <<<<
Serial version:
Elapsed time: 0.004772 s
Performance:  0.439470 Gflop/s
>>>> End of record <<<<
>>>> Begin of record <<<<
Block size: 416x1
Grid size : 3x1
Shared memory size: 140 bytes
GPU kernel version: naive
Checking ... PASSED
Elapsed time: 0.003180 s
Performance:  0.659482 Gflop/s
>>>> End of record <<<<
kernel:0Matrix size: 1024
Adjusted matrix size: 1024
>>>> Begin of record <<<<
Serial version:
Elapsed time: 0.004769 s
Performance:  0.439747 Gflop/s
>>>> End of record <<<<
>>>> Begin of record <<<<
Block size: 432x1
Grid size : 3x1
Shared memory size: 140 bytes
GPU kernel version: naive
Checking ... PASSED
Elapsed time: 0.003325 s
Performance:  0.630722 Gflop/s
>>>> End of record <<<<
kernel:0Matrix size: 1024
Adjusted matrix size: 1024
>>>> Begin of record <<<<
Serial version:
Elapsed time: 0.004767 s
Performance:  0.439931 Gflop/s
>>>> End of record <<<<
>>>> Begin of record <<<<
Block size: 448x1
Grid size : 3x1
Shared memory size: 140 bytes
GPU kernel version: naive
Checking ... PASSED
Elapsed time: 0.003404 s
Performance:  0.616085 Gflop/s
>>>> End of record <<<<
kernel:0Matrix size: 1024
Adjusted matrix size: 1024
>>>> Begin of record <<<<
Serial version:
Elapsed time: 0.004776 s
Performance:  0.439102 Gflop/s
>>>> End of record <<<<
>>>> Begin of record <<<<
Block size: 464x1
Grid size : 3x1
Shared memory size: 140 bytes
GPU kernel version: naive
Checking ... PASSED
Elapsed time: 0.003574 s
Performance:  0.586780 Gflop/s
>>>> End of record <<<<
kernel:0Matrix size: 1024
Adjusted matrix size: 1024
>>>> Begin of record <<<<
Serial version:
Elapsed time: 0.004771 s
Performance:  0.439562 Gflop/s
>>>> End of record <<<<
>>>> Begin of record <<<<
Block size: 480x1
Grid size : 3x1
Shared memory size: 140 bytes
GPU kernel version: naive
Checking ... PASSED
Elapsed time: 0.003675 s
Performance:  0.570654 Gflop/s
>>>> End of record <<<<
kernel:0Matrix size: 1024
Adjusted matrix size: 1024
>>>> Begin of record <<<<
Serial version:
Elapsed time: 0.004764 s
Performance:  0.440208 Gflop/s
>>>> End of record <<<<
>>>> Begin of record <<<<
Block size: 496x1
Grid size : 3x1
Shared memory size: 140 bytes
GPU kernel version: naive
Checking ... PASSED
Elapsed time: 0.003805 s
Performance:  0.551157 Gflop/s
>>>> End of record <<<<
kernel:0Matrix size: 1024
Adjusted matrix size: 1024
>>>> Begin of record <<<<
Serial version:
Elapsed time: 0.004758 s
Performance:  0.440763 Gflop/s
>>>> End of record <<<<
>>>> Begin of record <<<<
Block size: 512x1
Grid size : 2x1
Shared memory size: 140 bytes
GPU kernel version: naive
Checking ... PASSED
Elapsed time: 0.003854 s
Performance:  0.544149 Gflop/s
>>>> End of record <<<<
kernel:0Matrix size: 2048
Adjusted matrix size: 2048
>>>> Begin of record <<<<
Serial version:
Elapsed time: 0.019284 s
Performance:  0.435004 Gflop/s
>>>> End of record <<<<
>>>> Begin of record <<<<
Block size: 16x1
Grid size : 128x1
Shared memory size: 140 bytes
GPU kernel version: naive
Checking ... PASSED
Elapsed time: 0.003528 s
Performance:  2.377723 Gflop/s
>>>> End of record <<<<
kernel:0Matrix size: 2048
Adjusted matrix size: 2048
>>>> Begin of record <<<<
Serial version:
Elapsed time: 0.019281 s
Performance:  0.435071 Gflop/s
>>>> End of record <<<<
>>>> Begin of record <<<<
Block size: 32x1
Grid size : 64x1
Shared memory size: 140 bytes
GPU kernel version: naive
Checking ... PASSED
Elapsed time: 0.002909 s
Performance:  2.883674 Gflop/s
>>>> End of record <<<<
kernel:0Matrix size: 2048
Adjusted matrix size: 2048
>>>> Begin of record <<<<
Serial version:
Elapsed time: 0.019267 s
Performance:  0.435387 Gflop/s
>>>> End of record <<<<
>>>> Begin of record <<<<
Block size: 48x1
Grid size : 43x1
Shared memory size: 140 bytes
GPU kernel version: naive
Checking ... PASSED
Elapsed time: 0.003589 s
Performance:  2.337311 Gflop/s
>>>> End of record <<<<
kernel:0Matrix size: 2048
Adjusted matrix size: 2048
>>>> Begin of record <<<<
Serial version:
Elapsed time: 0.019266 s
Performance:  0.435410 Gflop/s
>>>> End of record <<<<
>>>> Begin of record <<<<
Block size: 64x1
Grid size : 32x1
Shared memory size: 140 bytes
GPU kernel version: naive
Checking ... PASSED
Elapsed time: 0.003166 s
Performance:  2.649592 Gflop/s
>>>> End of record <<<<
kernel:0Matrix size: 2048
Adjusted matrix size: 2048
>>>> Begin of record <<<<
Serial version:
Elapsed time: 0.019263 s
Performance:  0.435478 Gflop/s
>>>> End of record <<<<
>>>> Begin of record <<<<
Block size: 80x1
Grid size : 26x1
Shared memory size: 140 bytes
GPU kernel version: naive
Checking ... PASSED
Elapsed time: 0.004006 s
Performance:  2.094011 Gflop/s
>>>> End of record <<<<
kernel:0Matrix size: 2048
Adjusted matrix size: 2048
>>>> Begin of record <<<<
Serial version:
Elapsed time: 0.019270 s
Performance:  0.435320 Gflop/s
>>>> End of record <<<<
>>>> Begin of record <<<<
Block size: 96x1
Grid size : 22x1
Shared memory size: 140 bytes
GPU kernel version: naive
Checking ... PASSED
Elapsed time: 0.004647 s
Performance:  1.805166 Gflop/s
>>>> End of record <<<<
kernel:0Matrix size: 2048
Adjusted matrix size: 2048
>>>> Begin of record <<<<
Serial version:
Elapsed time: 0.019268 s
Performance:  0.435365 Gflop/s
>>>> End of record <<<<
>>>> Begin of record <<<<
Block size: 112x1
Grid size : 19x1
Shared memory size: 140 bytes
GPU kernel version: naive
Checking ... PASSED
Elapsed time: 0.005462 s
Performance:  1.535813 Gflop/s
>>>> End of record <<<<
kernel:0Matrix size: 2048
Adjusted matrix size: 2048
>>>> Begin of record <<<<
Serial version:
Elapsed time: 0.019255 s
Performance:  0.435659 Gflop/s
>>>> End of record <<<<
>>>> Begin of record <<<<
Block size: 128x1
Grid size : 16x1
Shared memory size: 140 bytes
GPU kernel version: naive
Checking ... PASSED
Elapsed time: 0.004428 s
Performance:  1.894446 Gflop/s
>>>> End of record <<<<
kernel:0Matrix size: 2048
Adjusted matrix size: 2048
>>>> Begin of record <<<<
Serial version:
Elapsed time: 0.019255 s
Performance:  0.435659 Gflop/s
>>>> End of record <<<<
>>>> Begin of record <<<<
Block size: 144x1
Grid size : 15x1
Shared memory size: 140 bytes
GPU kernel version: naive
Checking ... PASSED
Elapsed time: 0.004867 s
Performance:  1.723569 Gflop/s
>>>> End of record <<<<
kernel:0Matrix size: 2048
Adjusted matrix size: 2048
>>>> Begin of record <<<<
Serial version:
Elapsed time: 0.019252 s
Performance:  0.435727 Gflop/s
>>>> End of record <<<<
>>>> Begin of record <<<<
Block size: 160x1
Grid size : 13x1
Shared memory size: 140 bytes
GPU kernel version: naive
Checking ... PASSED
Elapsed time: 0.005125 s
Performance:  1.636802 Gflop/s
>>>> End of record <<<<
kernel:0Matrix size: 2048
Adjusted matrix size: 2048
>>>> Begin of record <<<<
Serial version:
Elapsed time: 0.019267 s
Performance:  0.435387 Gflop/s
>>>> End of record <<<<
>>>> Begin of record <<<<
Block size: 176x1
Grid size : 12x1
Shared memory size: 140 bytes
GPU kernel version: naive
Checking ... PASSED
Elapsed time: 0.005698 s
Performance:  1.472202 Gflop/s
>>>> End of record <<<<
kernel:0Matrix size: 2048
Adjusted matrix size: 2048
>>>> Begin of record <<<<
Serial version:
Elapsed time: 0.019264 s
Performance:  0.435455 Gflop/s
>>>> End of record <<<<
>>>> Begin of record <<<<
Block size: 192x1
Grid size : 11x1
Shared memory size: 140 bytes
GPU kernel version: naive
Checking ... PASSED
Elapsed time: 0.006020 s
Performance:  1.393456 Gflop/s
>>>> End of record <<<<
kernel:0Matrix size: 2048
Adjusted matrix size: 2048
>>>> Begin of record <<<<
Serial version:
Elapsed time: 0.019270 s
Performance:  0.435320 Gflop/s
>>>> End of record <<<<
>>>> Begin of record <<<<
Block size: 208x1
Grid size : 10x1
Shared memory size: 140 bytes
GPU kernel version: naive
Checking ... PASSED
Elapsed time: 0.006481 s
Performance:  1.294339 Gflop/s
>>>> End of record <<<<
kernel:0Matrix size: 2048
Adjusted matrix size: 2048
>>>> Begin of record <<<<
Serial version:
Elapsed time: 0.019266 s
Performance:  0.435410 Gflop/s
>>>> End of record <<<<
>>>> Begin of record <<<<
Block size: 224x1
Grid size : 10x1
Shared memory size: 140 bytes
GPU kernel version: naive
Checking ... PASSED
Elapsed time: 0.007070 s
Performance:  1.186507 Gflop/s
>>>> End of record <<<<
kernel:0Matrix size: 2048
Adjusted matrix size: 2048
>>>> Begin of record <<<<
Serial version:
Elapsed time: 0.019263 s
Performance:  0.435478 Gflop/s
>>>> End of record <<<<
>>>> Begin of record <<<<
Block size: 240x1
Grid size : 9x1
Shared memory size: 140 bytes
GPU kernel version: naive
Checking ... PASSED
Elapsed time: 0.005959 s
Performance:  1.407721 Gflop/s
>>>> End of record <<<<
kernel:0Matrix size: 2048
Adjusted matrix size: 2048
>>>> Begin of record <<<<
Serial version:
Elapsed time: 0.019237 s
Performance:  0.436066 Gflop/s
>>>> End of record <<<<
>>>> Begin of record <<<<
Block size: 256x1
Grid size : 8x1
Shared memory size: 140 bytes
GPU kernel version: naive
Checking ... PASSED
Elapsed time: 0.004395 s
Performance:  1.908671 Gflop/s
>>>> End of record <<<<
kernel:0Matrix size: 2048
Adjusted matrix size: 2048
>>>> Begin of record <<<<
Serial version:
Elapsed time: 0.019250 s
Performance:  0.435772 Gflop/s
>>>> End of record <<<<
>>>> Begin of record <<<<
Block size: 272x1
Grid size : 8x1
Shared memory size: 140 bytes
GPU kernel version: naive
Checking ... PASSED
Elapsed time: 0.004695 s
Performance:  1.786711 Gflop/s
>>>> End of record <<<<
kernel:0Matrix size: 2048
Adjusted matrix size: 2048
>>>> Begin of record <<<<
Serial version:
Elapsed time: 0.019265 s
Performance:  0.435433 Gflop/s
>>>> End of record <<<<
>>>> Begin of record <<<<
Block size: 288x1
Grid size : 8x1
Shared memory size: 140 bytes
GPU kernel version: naive
Checking ... PASSED
Elapsed time: 0.005003 s
Performance:  1.676716 Gflop/s
>>>> End of record <<<<
kernel:0Matrix size: 2048
Adjusted matrix size: 2048
>>>> Begin of record <<<<
Serial version:
Elapsed time: 0.019267 s
Performance:  0.435387 Gflop/s
>>>> End of record <<<<
>>>> Begin of record <<<<
Block size: 304x1
Grid size : 7x1
Shared memory size: 140 bytes
GPU kernel version: naive
Checking ... PASSED
Elapsed time: 0.005058 s
Performance:  1.658483 Gflop/s
>>>> End of record <<<<
kernel:0Matrix size: 2048
Adjusted matrix size: 2048
>>>> Begin of record <<<<
Serial version:
Elapsed time: 0.019263 s
Performance:  0.435478 Gflop/s
>>>> End of record <<<<
>>>> Begin of record <<<<
Block size: 320x1
Grid size : 7x1
Shared memory size: 140 bytes
GPU kernel version: naive
Checking ... PASSED
Elapsed time: 0.005167 s
Performance:  1.623497 Gflop/s
>>>> End of record <<<<
kernel:0Matrix size: 2048
Adjusted matrix size: 2048
>>>> Begin of record <<<<
Serial version:
Elapsed time: 0.019278 s
Performance:  0.435139 Gflop/s
>>>> End of record <<<<
>>>> Begin of record <<<<
Block size: 336x1
Grid size : 7x1
Shared memory size: 140 bytes
GPU kernel version: naive
Checking ... PASSED
Elapsed time: 0.005506 s
Performance:  1.523539 Gflop/s
>>>> End of record <<<<
kernel:0Matrix size: 2048
Adjusted matrix size: 2048
>>>> Begin of record <<<<
Serial version:
Elapsed time: 0.019285 s
Performance:  0.434981 Gflop/s
>>>> End of record <<<<
>>>> Begin of record <<<<
Block size: 352x1
Grid size : 6x1
Shared memory size: 140 bytes
GPU kernel version: naive
Checking ... PASSED
Elapsed time: 0.005542 s
Performance:  1.513643 Gflop/s
>>>> End of record <<<<
kernel:0Matrix size: 2048
Adjusted matrix size: 2048
>>>> Begin of record <<<<
Serial version:
Elapsed time: 0.019264 s
Performance:  0.435455 Gflop/s
>>>> End of record <<<<
>>>> Begin of record <<<<
Block size: 368x1
Grid size : 6x1
Shared memory size: 140 bytes
GPU kernel version: naive
Checking ... PASSED
Elapsed time: 0.005885 s
Performance:  1.425422 Gflop/s
>>>> End of record <<<<
kernel:0Matrix size: 2048
Adjusted matrix size: 2048
>>>> Begin of record <<<<
Serial version:
Elapsed time: 0.019270 s
Performance:  0.435320 Gflop/s
>>>> End of record <<<<
>>>> Begin of record <<<<
Block size: 384x1
Grid size : 6x1
Shared memory size: 140 bytes
GPU kernel version: naive
Checking ... PASSED
Elapsed time: 0.006076 s
Performance:  1.380614 Gflop/s
>>>> End of record <<<<
kernel:0Matrix size: 2048
Adjusted matrix size: 2048
>>>> Begin of record <<<<
Serial version:
Elapsed time: 0.019264 s
Performance:  0.435455 Gflop/s
>>>> End of record <<<<
>>>> Begin of record <<<<
Block size: 400x1
Grid size : 6x1
Shared memory size: 140 bytes
GPU kernel version: naive
Checking ... PASSED
Elapsed time: 0.006333 s
Performance:  1.324587 Gflop/s
>>>> End of record <<<<
kernel:0Matrix size: 2048
Adjusted matrix size: 2048
>>>> Begin of record <<<<
Serial version:
Elapsed time: 0.019269 s
Performance:  0.435342 Gflop/s
>>>> End of record <<<<
>>>> Begin of record <<<<
Block size: 416x1
Grid size : 5x1
Shared memory size: 140 bytes
GPU kernel version: naive
Checking ... PASSED
Elapsed time: 0.006557 s
Performance:  1.279336 Gflop/s
>>>> End of record <<<<
kernel:0Matrix size: 2048
Adjusted matrix size: 2048
>>>> Begin of record <<<<
Serial version:
Elapsed time: 0.019270 s
Performance:  0.435320 Gflop/s
>>>> End of record <<<<
>>>> Begin of record <<<<
Block size: 432x1
Grid size : 5x1
Shared memory size: 140 bytes
GPU kernel version: naive
Checking ... PASSED
Elapsed time: 0.006793 s
Performance:  1.234890 Gflop/s
>>>> End of record <<<<
kernel:0Matrix size: 2048
Adjusted matrix size: 2048
>>>> Begin of record <<<<
Serial version:
Elapsed time: 0.019264 s
Performance:  0.435455 Gflop/s
>>>> End of record <<<<
>>>> Begin of record <<<<
Block size: 448x1
Grid size : 5x1
Shared memory size: 140 bytes
GPU kernel version: naive
Checking ... PASSED
Elapsed time: 0.006923 s
Performance:  1.211701 Gflop/s
>>>> End of record <<<<
kernel:0Matrix size: 2048
Adjusted matrix size: 2048
>>>> Begin of record <<<<
Serial version:
Elapsed time: 0.019250 s
Performance:  0.435772 Gflop/s
>>>> End of record <<<<
>>>> Begin of record <<<<
Block size: 464x1
Grid size : 5x1
Shared memory size: 140 bytes
GPU kernel version: naive
Checking ... PASSED
Elapsed time: 0.007290 s
Performance:  1.150701 Gflop/s
>>>> End of record <<<<
kernel:0Matrix size: 2048
Adjusted matrix size: 2048
>>>> Begin of record <<<<
Serial version:
Elapsed time: 0.019255 s
Performance:  0.435659 Gflop/s
>>>> End of record <<<<
>>>> Begin of record <<<<
Block size: 480x1
Grid size : 5x1
Shared memory size: 140 bytes
GPU kernel version: naive
Checking ... PASSED
Elapsed time: 0.007368 s
Performance:  1.138519 Gflop/s
>>>> End of record <<<<
kernel:0Matrix size: 2048
Adjusted matrix size: 2048
>>>> Begin of record <<<<
Serial version:
Elapsed time: 0.019258 s
Performance:  0.435591 Gflop/s
>>>> End of record <<<<
>>>> Begin of record <<<<
Block size: 496x1
Grid size : 5x1
Shared memory size: 140 bytes
GPU kernel version: naive
Checking ... PASSED
Elapsed time: 0.007773 s
Performance:  1.079198 Gflop/s
>>>> End of record <<<<
kernel:0Matrix size: 2048
Adjusted matrix size: 2048
>>>> Begin of record <<<<
Serial version:
Elapsed time: 0.019269 s
Performance:  0.435342 Gflop/s
>>>> End of record <<<<
>>>> Begin of record <<<<
Block size: 512x1
Grid size : 4x1
Shared memory size: 140 bytes
GPU kernel version: naive
Checking ... PASSED
Elapsed time: 0.007774 s
Performance:  1.079059 Gflop/s
>>>> End of record <<<<
kernel:0Matrix size: 4096
Adjusted matrix size: 4096
>>>> Begin of record <<<<
Serial version:
Elapsed time: 0.077153 s
Performance:  0.434908 Gflop/s
>>>> End of record <<<<
>>>> Begin of record <<<<
Block size: 16x1
Grid size : 256x1
Shared memory size: 140 bytes
GPU kernel version: naive
Checking ... PASSED
Elapsed time: 0.010620 s
Performance:  3.159551 Gflop/s
>>>> End of record <<<<
kernel:0Matrix size: 4096
Adjusted matrix size: 4096
>>>> Begin of record <<<<
Serial version:
Elapsed time: 0.077101 s
Performance:  0.435201 Gflop/s
>>>> End of record <<<<
>>>> Begin of record <<<<
Block size: 32x1
Grid size : 128x1
Shared memory size: 140 bytes
GPU kernel version: naive
Checking ... PASSED
Elapsed time: 0.014099 s
Performance:  2.379916 Gflop/s
>>>> End of record <<<<
kernel:0Matrix size: 4096
Adjusted matrix size: 4096
>>>> Begin of record <<<<
Serial version:
Elapsed time: 0.077126 s
Performance:  0.435060 Gflop/s
>>>> End of record <<<<
>>>> Begin of record <<<<
Block size: 48x1
Grid size : 86x1
Shared memory size: 140 bytes
GPU kernel version: naive
Checking ... PASSED
Elapsed time: 0.011693 s
Performance:  2.869617 Gflop/s
>>>> End of record <<<<
kernel:0Matrix size: 4096
Adjusted matrix size: 4096
>>>> Begin of record <<<<
Serial version:
Elapsed time: 0.077080 s
Performance:  0.435320 Gflop/s
>>>> End of record <<<<
>>>> Begin of record <<<<
Block size: 64x1
Grid size : 64x1
Shared memory size: 140 bytes
GPU kernel version: naive
Checking ... PASSED
Elapsed time: 0.011574 s
Performance:  2.899121 Gflop/s
>>>> End of record <<<<
kernel:0Matrix size: 4096
Adjusted matrix size: 4096
>>>> Begin of record <<<<
Serial version:
Elapsed time: 0.077117 s
Performance:  0.435111 Gflop/s
>>>> End of record <<<<
>>>> Begin of record <<<<
Block size: 80x1
Grid size : 52x1
Shared memory size: 140 bytes
GPU kernel version: naive
Checking ... PASSED
Elapsed time: 0.013569 s
Performance:  2.472874 Gflop/s
>>>> End of record <<<<
kernel:0Matrix size: 4096
Adjusted matrix size: 4096
>>>> Begin of record <<<<
Serial version:
Elapsed time: 0.077106 s
Performance:  0.435173 Gflop/s
>>>> End of record <<<<
>>>> Begin of record <<<<
Block size: 96x1
Grid size : 43x1
Shared memory size: 140 bytes
GPU kernel version: naive
Checking ... PASSED
Elapsed time: 0.013242 s
Performance:  2.533940 Gflop/s
>>>> End of record <<<<
kernel:0Matrix size: 4096
Adjusted matrix size: 4096
>>>> Begin of record <<<<
Serial version:
Elapsed time: 0.077107 s
Performance:  0.435167 Gflop/s
>>>> End of record <<<<
>>>> Begin of record <<<<
Block size: 112x1
Grid size : 37x1
Shared memory size: 140 bytes
GPU kernel version: naive
Checking ... PASSED
Elapsed time: 0.014891 s
Performance:  2.253336 Gflop/s
>>>> End of record <<<<
kernel:0Matrix size: 4096
Adjusted matrix size: 4096
>>>> Begin of record <<<<
Serial version:
Elapsed time: 0.077137 s
Performance:  0.434998 Gflop/s
>>>> End of record <<<<
>>>> Begin of record <<<<
Block size: 128x1
Grid size : 32x1
Shared memory size: 140 bytes
GPU kernel version: naive
Checking ... PASSED
Elapsed time: 0.013602 s
Performance:  2.466875 Gflop/s
>>>> End of record <<<<
kernel:0Matrix size: 4096
Adjusted matrix size: 4096
>>>> Begin of record <<<<
Serial version:
Elapsed time: 0.077120 s
Performance:  0.435094 Gflop/s
>>>> End of record <<<<
>>>> Begin of record <<<<
Block size: 144x1
Grid size : 29x1
Shared memory size: 140 bytes
GPU kernel version: naive
Checking ... PASSED
Elapsed time: 0.015103 s
Performance:  2.221706 Gflop/s
>>>> End of record <<<<
kernel:0Matrix size: 4096
Adjusted matrix size: 4096
>>>> Begin of record <<<<
Serial version:
Elapsed time: 0.077120 s
Performance:  0.435094 Gflop/s
>>>> End of record <<<<
>>>> Begin of record <<<<
Block size: 160x1
Grid size : 26x1
Shared memory size: 140 bytes
GPU kernel version: naive
Checking ... PASSED
Elapsed time: 0.016356 s
Performance:  2.051506 Gflop/s
>>>> End of record <<<<
kernel:0Matrix size: 4096
Adjusted matrix size: 4096
>>>> Begin of record <<<<
Serial version:
Elapsed time: 0.077147 s
Performance:  0.434942 Gflop/s
>>>> End of record <<<<
>>>> Begin of record <<<<
Block size: 176x1
Grid size : 24x1
Shared memory size: 140 bytes
GPU kernel version: naive
Checking ... PASSED
Elapsed time: 0.017993 s
Performance:  1.864860 Gflop/s
>>>> End of record <<<<
kernel:0Matrix size: 4096
Adjusted matrix size: 4096
>>>> Begin of record <<<<
Serial version:
Elapsed time: 0.077128 s
Performance:  0.435049 Gflop/s
>>>> End of record <<<<
>>>> Begin of record <<<<
Block size: 192x1
Grid size : 22x1
Shared memory size: 140 bytes
GPU kernel version: naive
Checking ... PASSED
Elapsed time: 0.019249 s
Performance:  1.743178 Gflop/s
>>>> End of record <<<<
kernel:0Matrix size: 4096
Adjusted matrix size: 4096
>>>> Begin of record <<<<
Serial version:
Elapsed time: 0.077117 s
Performance:  0.435111 Gflop/s
>>>> End of record <<<<
>>>> Begin of record <<<<
Block size: 208x1
Grid size : 20x1
Shared memory size: 140 bytes
GPU kernel version: naive
Checking ... PASSED
Elapsed time: 0.014957 s
Performance:  2.243393 Gflop/s
>>>> End of record <<<<
kernel:0Matrix size: 4096
Adjusted matrix size: 4096
>>>> Begin of record <<<<
Serial version:
Elapsed time: 0.077153 s
Performance:  0.434908 Gflop/s
>>>> End of record <<<<
>>>> Begin of record <<<<
Block size: 224x1
Grid size : 19x1
Shared memory size: 140 bytes
GPU kernel version: naive
Checking ... PASSED
Elapsed time: 0.015903 s
Performance:  2.109944 Gflop/s
>>>> End of record <<<<
kernel:0Matrix size: 4096
Adjusted matrix size: 4096
>>>> Begin of record <<<<
Serial version:
Elapsed time: 0.077068 s
Performance:  0.435387 Gflop/s
>>>> End of record <<<<
>>>> Begin of record <<<<
Block size: 240x1
Grid size : 18x1
Shared memory size: 140 bytes
GPU kernel version: naive
Checking ... PASSED
Elapsed time: 0.017001 s
Performance:  1.973674 Gflop/s
>>>> End of record <<<<
kernel:0Matrix size: 4096
Adjusted matrix size: 4096
>>>> Begin of record <<<<
Serial version:
Elapsed time: 0.077134 s
Performance:  0.435015 Gflop/s
>>>> End of record <<<<
>>>> Begin of record <<<<
Block size: 256x1
Grid size : 16x1
Shared memory size: 140 bytes
GPU kernel version: naive
Checking ... PASSED
Elapsed time: 0.017015 s
Performance:  1.972050 Gflop/s
>>>> End of record <<<<
kernel:0Matrix size: 4096
Adjusted matrix size: 4096
>>>> Begin of record <<<<
Serial version:
Elapsed time: 0.077129 s
Performance:  0.435043 Gflop/s
>>>> End of record <<<<
>>>> Begin of record <<<<
Block size: 272x1
Grid size : 16x1
Shared memory size: 140 bytes
GPU kernel version: naive
Checking ... PASSED
Elapsed time: 0.018195 s
Performance:  1.844157 Gflop/s
>>>> End of record <<<<
kernel:0Matrix size: 4096
Adjusted matrix size: 4096
>>>> Begin of record <<<<
Serial version:
Elapsed time: 0.077134 s
Performance:  0.435015 Gflop/s
>>>> End of record <<<<
>>>> Begin of record <<<<
Block size: 288x1
Grid size : 15x1
Shared memory size: 140 bytes
GPU kernel version: naive
Checking ... PASSED
Elapsed time: 0.018749 s
Performance:  1.789665 Gflop/s
>>>> End of record <<<<
kernel:0Matrix size: 4096
Adjusted matrix size: 4096
>>>> Begin of record <<<<
Serial version:
Elapsed time: 0.077117 s
Performance:  0.435111 Gflop/s
>>>> End of record <<<<
>>>> Begin of record <<<<
Block size: 304x1
Grid size : 14x1
Shared memory size: 140 bytes
GPU kernel version: naive
Checking ... PASSED
Elapsed time: 0.020228 s
Performance:  1.658811 Gflop/s
>>>> End of record <<<<
kernel:0Matrix size: 4096
Adjusted matrix size: 4096
>>>> Begin of record <<<<
Serial version:
Elapsed time: 0.077141 s
Performance:  0.434975 Gflop/s
>>>> End of record <<<<
>>>> Begin of record <<<<
Block size: 320x1
Grid size : 13x1
Shared memory size: 140 bytes
GPU kernel version: naive
Checking ... PASSED
Elapsed time: 0.020757 s
Performance:  1.616536 Gflop/s
>>>> End of record <<<<
kernel:0Matrix size: 4096
Adjusted matrix size: 4096
>>>> Begin of record <<<<
Serial version:
Elapsed time: 0.077120 s
Performance:  0.435094 Gflop/s
>>>> End of record <<<<
>>>> Begin of record <<<<
Block size: 336x1
Grid size : 13x1
Shared memory size: 140 bytes
GPU kernel version: naive
Checking ... PASSED
Elapsed time: 0.022202 s
Performance:  1.511325 Gflop/s
>>>> End of record <<<<
kernel:0Matrix size: 4096
Adjusted matrix size: 4096
>>>> Begin of record <<<<
Serial version:
Elapsed time: 0.077129 s
Performance:  0.435043 Gflop/s
>>>> End of record <<<<
>>>> Begin of record <<<<
Block size: 352x1
Grid size : 12x1
Shared memory size: 140 bytes
GPU kernel version: naive
Checking ... PASSED
Elapsed time: 0.022860 s
Performance:  1.467823 Gflop/s
>>>> End of record <<<<
kernel:0Matrix size: 4096
Adjusted matrix size: 4096
>>>> Begin of record <<<<
Serial version:
Elapsed time: 0.077147 s
Performance:  0.434942 Gflop/s
>>>> End of record <<<<
>>>> Begin of record <<<<
Block size: 368x1
Grid size : 12x1
Shared memory size: 140 bytes
GPU kernel version: naive
Checking ... PASSED
Elapsed time: 0.024575 s
Performance:  1.365389 Gflop/s
>>>> End of record <<<<
kernel:0Matrix size: 4096
Adjusted matrix size: 4096
>>>> Begin of record <<<<
Serial version:
Elapsed time: 0.077138 s
Performance:  0.434992 Gflop/s
>>>> End of record <<<<
>>>> Begin of record <<<<
Block size: 384x1
Grid size : 11x1
Shared memory size: 140 bytes
GPU kernel version: naive
Checking ... PASSED
Elapsed time: 0.024954 s
Performance:  1.344651 Gflop/s
>>>> End of record <<<<
kernel:0Matrix size: 4096
Adjusted matrix size: 4096
>>>> Begin of record <<<<
Serial version:
Elapsed time: 0.077094 s
Performance:  0.435241 Gflop/s
>>>> End of record <<<<
>>>> Begin of record <<<<
Block size: 400x1
Grid size : 11x1
Shared memory size: 140 bytes
GPU kernel version: naive
Checking ... PASSED
Elapsed time: 0.016812 s
Performance:  1.995862 Gflop/s
>>>> End of record <<<<
kernel:0Matrix size: 4096
Adjusted matrix size: 4096
>>>> Begin of record <<<<
Serial version:
Elapsed time: 0.077133 s
Performance:  0.435020 Gflop/s
>>>> End of record <<<<
>>>> Begin of record <<<<
Block size: 416x1
Grid size : 10x1
Shared memory size: 140 bytes
GPU kernel version: naive
Checking ... PASSED
Elapsed time: 0.014773 s
Performance:  2.271335 Gflop/s
>>>> End of record <<<<
kernel:0Matrix size: 4096
Adjusted matrix size: 4096
>>>> Begin of record <<<<
Serial version:
Elapsed time: 0.077149 s
Performance:  0.434930 Gflop/s
>>>> End of record <<<<
>>>> Begin of record <<<<
Block size: 432x1
Grid size : 10x1
Shared memory size: 140 bytes
GPU kernel version: naive
Checking ... PASSED
Elapsed time: 0.015825 s
Performance:  2.120343 Gflop/s
>>>> End of record <<<<
kernel:0Matrix size: 4096
Adjusted matrix size: 4096
>>>> Begin of record <<<<
Serial version:
Elapsed time: 0.077073 s
Performance:  0.435359 Gflop/s
>>>> End of record <<<<
>>>> Begin of record <<<<
Block size: 448x1
Grid size : 10x1
Shared memory size: 140 bytes
GPU kernel version: naive
Checking ... PASSED
Elapsed time: 0.015967 s
Performance:  2.101486 Gflop/s
>>>> End of record <<<<
kernel:0Matrix size: 4096
Adjusted matrix size: 4096
>>>> Begin of record <<<<
Serial version:
Elapsed time: 0.077087 s
Performance:  0.435280 Gflop/s
>>>> End of record <<<<
>>>> Begin of record <<<<
Block size: 464x1
Grid size : 9x1
Shared memory size: 140 bytes
GPU kernel version: naive
Checking ... PASSED
Elapsed time: 0.017100 s
Performance:  1.962247 Gflop/s
>>>> End of record <<<<
kernel:0Matrix size: 4096
Adjusted matrix size: 4096
>>>> Begin of record <<<<
Serial version:
Elapsed time: 0.077087 s
Performance:  0.435280 Gflop/s
>>>> End of record <<<<
>>>> Begin of record <<<<
Block size: 480x1
Grid size : 9x1
Shared memory size: 140 bytes
GPU kernel version: naive
Checking ... PASSED
Elapsed time: 0.017143 s
Performance:  1.957326 Gflop/s
>>>> End of record <<<<
kernel:0Matrix size: 4096
Adjusted matrix size: 4096
>>>> Begin of record <<<<
Serial version:
Elapsed time: 0.077116 s
Performance:  0.435116 Gflop/s
>>>> End of record <<<<
>>>> Begin of record <<<<
Block size: 496x1
Grid size : 9x1
Shared memory size: 140 bytes
GPU kernel version: naive
Checking ... PASSED
Elapsed time: 0.018027 s
Performance:  1.861343 Gflop/s
>>>> End of record <<<<
kernel:0Matrix size: 4096
Adjusted matrix size: 4096
>>>> Begin of record <<<<
Serial version:
Elapsed time: 0.077130 s
Performance:  0.435037 Gflop/s
>>>> End of record <<<<
>>>> Begin of record <<<<
Block size: 512x1
Grid size : 8x1
Shared memory size: 140 bytes
GPU kernel version: naive
Checking ... PASSED
Elapsed time: 0.018256 s
Performance:  1.837995 Gflop/s
>>>> End of record <<<<
kernel:0Matrix size: 7168
Adjusted matrix size: 7168
>>>> Begin of record <<<<
Serial version:
Elapsed time: 0.236808 s
Performance:  0.433940 Gflop/s
>>>> End of record <<<<
>>>> Begin of record <<<<
Block size: 16x1
Grid size : 448x1
Shared memory size: 140 bytes
GPU kernel version: naive
Checking ... PASSED
Elapsed time: 0.025593 s
Performance:  4.015178 Gflop/s
>>>> End of record <<<<
kernel:0Matrix size: 7168
Adjusted matrix size: 7168
>>>> Begin of record <<<<
Serial version:
Elapsed time: 0.239198 s
Performance:  0.429604 Gflop/s
>>>> End of record <<<<
>>>> Begin of record <<<<
Block size: 32x1
Grid size : 224x1
Shared memory size: 140 bytes
GPU kernel version: naive
Checking ... PASSED
Elapsed time: 0.033333 s
Performance:  3.082844 Gflop/s
>>>> End of record <<<<
kernel:0Matrix size: 7168
Adjusted matrix size: 7168
>>>> Begin of record <<<<
Serial version:
Elapsed time: 0.236824 s
Performance:  0.433911 Gflop/s
>>>> End of record <<<<
>>>> Begin of record <<<<
Block size: 48x1
Grid size : 150x1
Shared memory size: 140 bytes
GPU kernel version: naive
Checking ... PASSED
Elapsed time: 0.045220 s
Performance:  2.272456 Gflop/s
>>>> End of record <<<<
kernel:0Matrix size: 7168
Adjusted matrix size: 7168
>>>> Begin of record <<<<
Serial version:
Elapsed time: 0.236801 s
Performance:  0.433953 Gflop/s
>>>> End of record <<<<
>>>> Begin of record <<<<
Block size: 64x1
Grid size : 112x1
Shared memory size: 140 bytes
GPU kernel version: naive
Checking ... PASSED
Elapsed time: 0.049945 s
Performance:  2.057472 Gflop/s
>>>> End of record <<<<
kernel:0Matrix size: 7168
Adjusted matrix size: 7168
>>>> Begin of record <<<<
Serial version:
Elapsed time: 0.236834 s
Performance:  0.433892 Gflop/s
>>>> End of record <<<<
>>>> Begin of record <<<<
Block size: 80x1
Grid size : 90x1
Shared memory size: 140 bytes
GPU kernel version: naive
Checking ... PASSED
Elapsed time: 0.047125 s
Performance:  2.180593 Gflop/s
>>>> End of record <<<<
kernel:0Matrix size: 7168
Adjusted matrix size: 7168
>>>> Begin of record <<<<
Serial version:
Elapsed time: 0.236843 s
Performance:  0.433876 Gflop/s
>>>> End of record <<<<
>>>> Begin of record <<<<
Block size: 96x1
Grid size : 75x1
Shared memory size: 140 bytes
GPU kernel version: naive
Checking ... PASSED
Elapsed time: 0.048305 s
Performance:  2.127325 Gflop/s
>>>> End of record <<<<
kernel:0Matrix size: 7168
Adjusted matrix size: 7168
>>>> Begin of record <<<<
Serial version:
Elapsed time: 0.236823 s
Performance:  0.433912 Gflop/s
>>>> End of record <<<<
>>>> Begin of record <<<<
Block size: 112x1
Grid size : 64x1
Shared memory size: 140 bytes
GPU kernel version: naive
Checking ... PASSED
Elapsed time: 0.045851 s
Performance:  2.241182 Gflop/s
>>>> End of record <<<<
kernel:0Matrix size: 7168
Adjusted matrix size: 7168
>>>> Begin of record <<<<
Serial version:
Elapsed time: 0.236808 s
Performance:  0.433940 Gflop/s
>>>> End of record <<<<
>>>> Begin of record <<<<
Block size: 128x1
Grid size : 56x1
Shared memory size: 140 bytes
GPU kernel version: naive
Checking ... PASSED
Elapsed time: 0.047739 s
Performance:  2.152547 Gflop/s
>>>> End of record <<<<
kernel:0Matrix size: 7168
Adjusted matrix size: 7168
>>>> Begin of record <<<<
Serial version:
Elapsed time: 0.236797 s
Performance:  0.433960 Gflop/s
>>>> End of record <<<<
>>>> Begin of record <<<<
Block size: 144x1
Grid size : 50x1
Shared memory size: 140 bytes
GPU kernel version: naive
Checking ... PASSED
Elapsed time: 0.048742 s
Performance:  2.108253 Gflop/s
>>>> End of record <<<<
kernel:0Matrix size: 7168
Adjusted matrix size: 7168
>>>> Begin of record <<<<
Serial version:
Elapsed time: 0.236834 s
Performance:  0.433892 Gflop/s
>>>> End of record <<<<
>>>> Begin of record <<<<
Block size: 160x1
Grid size : 45x1
Shared memory size: 140 bytes
GPU kernel version: naive
Checking ... PASSED
Elapsed time: 0.044360 s
Performance:  2.316511 Gflop/s
>>>> End of record <<<<
kernel:0Matrix size: 7168
Adjusted matrix size: 7168
>>>> Begin of record <<<<
Serial version:
Elapsed time: 0.236853 s
Performance:  0.433857 Gflop/s
>>>> End of record <<<<
>>>> Begin of record <<<<
Block size: 176x1
Grid size : 41x1
Shared memory size: 140 bytes
GPU kernel version: naive
Checking ... PASSED
Elapsed time: 0.048729 s
Performance:  2.108815 Gflop/s
>>>> End of record <<<<
kernel:0Matrix size: 7168
Adjusted matrix size: 7168
>>>> Begin of record <<<<
Serial version:
Elapsed time: 0.236850 s
Performance:  0.433863 Gflop/s
>>>> End of record <<<<
>>>> Begin of record <<<<
Block size: 192x1
Grid size : 38x1
Shared memory size: 140 bytes
GPU kernel version: naive
Checking ... PASSED
Elapsed time: 0.049283 s
Performance:  2.085109 Gflop/s
>>>> End of record <<<<
kernel:0Matrix size: 7168
Adjusted matrix size: 7168
>>>> Begin of record <<<<
Serial version:
Elapsed time: 0.236868 s
Performance:  0.433830 Gflop/s
>>>> End of record <<<<
>>>> Begin of record <<<<
Block size: 208x1
Grid size : 35x1
Shared memory size: 140 bytes
GPU kernel version: naive
Checking ... PASSED
Elapsed time: 0.044337 s
Performance:  2.317713 Gflop/s
>>>> End of record <<<<
kernel:0Matrix size: 7168
Adjusted matrix size: 7168
>>>> Begin of record <<<<
Serial version:
Elapsed time: 0.236705 s
Performance:  0.434129 Gflop/s
>>>> End of record <<<<
>>>> Begin of record <<<<
Block size: 224x1
Grid size : 32x1
Shared memory size: 140 bytes
GPU kernel version: naive
Checking ... PASSED
Elapsed time: 0.045568 s
Performance:  2.255101 Gflop/s
>>>> End of record <<<<
kernel:0Matrix size: 7168
Adjusted matrix size: 7168
>>>> Begin of record <<<<
Serial version:
Elapsed time: 0.236749 s
Performance:  0.434048 Gflop/s
>>>> End of record <<<<
>>>> Begin of record <<<<
Block size: 240x1
Grid size : 30x1
Shared memory size: 140 bytes
GPU kernel version: naive
Checking ... PASSED
Elapsed time: 0.047372 s
Performance:  2.169223 Gflop/s
>>>> End of record <<<<
kernel:0Matrix size: 7168
Adjusted matrix size: 7168
>>>> Begin of record <<<<
Serial version:
Elapsed time: 0.236805 s
Performance:  0.433945 Gflop/s
>>>> End of record <<<<
>>>> Begin of record <<<<
Block size: 256x1
Grid size : 28x1
Shared memory size: 140 bytes
GPU kernel version: naive
Checking ... PASSED
Elapsed time: 0.048987 s
Performance:  2.097709 Gflop/s
>>>> End of record <<<<
kernel:0Matrix size: 7168
Adjusted matrix size: 7168
>>>> Begin of record <<<<
Serial version:
Elapsed time: 0.236834 s
Performance:  0.433892 Gflop/s
>>>> End of record <<<<
>>>> Begin of record <<<<
Block size: 272x1
Grid size : 27x1
Shared memory size: 140 bytes
GPU kernel version: naive
Checking ... PASSED
Elapsed time: 0.052690 s
Performance:  1.950284 Gflop/s
>>>> End of record <<<<
kernel:0Matrix size: 7168
Adjusted matrix size: 7168
>>>> Begin of record <<<<
Serial version:
Elapsed time: 0.236834 s
Performance:  0.433892 Gflop/s
>>>> End of record <<<<
>>>> Begin of record <<<<
Block size: 288x1
Grid size : 25x1
Shared memory size: 140 bytes
GPU kernel version: naive
Checking ... PASSED
Elapsed time: 0.054752 s
Performance:  1.876835 Gflop/s
>>>> End of record <<<<
kernel:0Matrix size: 7168
Adjusted matrix size: 7168
>>>> Begin of record <<<<
Serial version:
Elapsed time: 0.236852 s
Performance:  0.433859 Gflop/s
>>>> End of record <<<<
>>>> Begin of record <<<<
Block size: 304x1
Grid size : 24x1
Shared memory size: 140 bytes
GPU kernel version: naive
Checking ... PASSED
Elapsed time: 0.043113 s
Performance:  2.383514 Gflop/s
>>>> End of record <<<<
kernel:0Matrix size: 7168
Adjusted matrix size: 7168
>>>> Begin of record <<<<
Serial version:
Elapsed time: 0.236786 s
Performance:  0.433980 Gflop/s
>>>> End of record <<<<
>>>> Begin of record <<<<
Block size: 320x1
Grid size : 23x1
Shared memory size: 140 bytes
GPU kernel version: naive
Checking ... PASSED
Elapsed time: 0.044610 s
Performance:  2.303529 Gflop/s
>>>> End of record <<<<
kernel:0Matrix size: 7168
Adjusted matrix size: 7168
>>>> Begin of record <<<<
Serial version:
Elapsed time: 0.236824 s
Performance:  0.433911 Gflop/s
>>>> End of record <<<<
>>>> Begin of record <<<<
Block size: 336x1
Grid size : 22x1
Shared memory size: 140 bytes
GPU kernel version: naive
Checking ... PASSED
Elapsed time: 0.046881 s
Performance:  2.191942 Gflop/s
>>>> End of record <<<<
kernel:0Matrix size: 7168
Adjusted matrix size: 7168
>>>> Begin of record <<<<
Serial version:
Elapsed time: 0.237343 s
Performance:  0.432962 Gflop/s
>>>> End of record <<<<
>>>> Begin of record <<<<
Block size: 352x1
Grid size : 21x1
Shared memory size: 140 bytes
GPU kernel version: naive
Checking ... PASSED
Elapsed time: 0.046974 s
Performance:  2.187603 Gflop/s
>>>> End of record <<<<
kernel:0Matrix size: 7168
Adjusted matrix size: 7168
>>>> Begin of record <<<<
Serial version:
Elapsed time: 0.236836 s
Performance:  0.433889 Gflop/s
>>>> End of record <<<<
>>>> Begin of record <<<<
Block size: 368x1
Grid size : 20x1
Shared memory size: 140 bytes
GPU kernel version: naive
Checking ... PASSED
Elapsed time: 0.048326 s
Performance:  2.126401 Gflop/s
>>>> End of record <<<<
kernel:0Matrix size: 7168
Adjusted matrix size: 7168
>>>> Begin of record <<<<
Serial version:
Elapsed time: 0.236760 s
Performance:  0.434028 Gflop/s
>>>> End of record <<<<
>>>> Begin of record <<<<
Block size: 384x1
Grid size : 19x1
Shared memory size: 140 bytes
GPU kernel version: naive
Checking ... PASSED
Elapsed time: 0.048103 s
Performance:  2.136259 Gflop/s
>>>> End of record <<<<
kernel:0Matrix size: 7168
Adjusted matrix size: 7168
>>>> Begin of record <<<<
Serial version:
Elapsed time: 0.236719 s
Performance:  0.434103 Gflop/s
>>>> End of record <<<<
>>>> Begin of record <<<<
Block size: 400x1
Grid size : 18x1
Shared memory size: 140 bytes
GPU kernel version: naive
Checking ... PASSED
Elapsed time: 0.054014 s
Performance:  1.902478 Gflop/s
>>>> End of record <<<<
kernel:0Matrix size: 7168
Adjusted matrix size: 7168
>>>> Begin of record <<<<
Serial version:
Elapsed time: 0.236776 s
Performance:  0.433999 Gflop/s
>>>> End of record <<<<
>>>> Begin of record <<<<
Block size: 416x1
Grid size : 18x1
Shared memory size: 140 bytes
GPU kernel version: naive
Checking ... PASSED
Elapsed time: 0.052480 s
Performance:  1.958088 Gflop/s
>>>> End of record <<<<
kernel:0Matrix size: 7168
Adjusted matrix size: 7168
>>>> Begin of record <<<<
Serial version:
Elapsed time: 0.236790 s
Performance:  0.433973 Gflop/s
>>>> End of record <<<<
>>>> Begin of record <<<<
Block size: 432x1
Grid size : 17x1
Shared memory size: 140 bytes
GPU kernel version: naive
Checking ... PASSED
Elapsed time: 0.054881 s
Performance:  1.872423 Gflop/s
>>>> End of record <<<<
kernel:0Matrix size: 7168
Adjusted matrix size: 7168
>>>> Begin of record <<<<
Serial version:
Elapsed time: 0.238996 s
Performance:  0.429967 Gflop/s
>>>> End of record <<<<
>>>> Begin of record <<<<
Block size: 448x1
Grid size : 16x1
Shared memory size: 140 bytes
GPU kernel version: naive
Checking ... PASSED
Elapsed time: 0.054829 s
Performance:  1.874199 Gflop/s
>>>> End of record <<<<
kernel:0Matrix size: 7168
Adjusted matrix size: 7168
>>>> Begin of record <<<<
Serial version:
Elapsed time: 0.236919 s
Performance:  0.433737 Gflop/s
>>>> End of record <<<<
>>>> Begin of record <<<<
Block size: 464x1
Grid size : 16x1
Shared memory size: 140 bytes
GPU kernel version: naive
Checking ... PASSED
Elapsed time: 0.057658 s
Performance:  1.782241 Gflop/s
>>>> End of record <<<<
kernel:0Matrix size: 7168
Adjusted matrix size: 7168
>>>> Begin of record <<<<
Serial version:
Elapsed time: 0.236834 s
Performance:  0.433892 Gflop/s
>>>> End of record <<<<
>>>> Begin of record <<<<
Block size: 480x1
Grid size : 15x1
Shared memory size: 140 bytes
GPU kernel version: naive
Checking ... PASSED
Elapsed time: 0.059429 s
Performance:  1.729130 Gflop/s
>>>> End of record <<<<
kernel:0Matrix size: 7168
Adjusted matrix size: 7168
>>>> Begin of record <<<<
Serial version:
Elapsed time: 0.236792 s
Performance:  0.433969 Gflop/s
>>>> End of record <<<<
>>>> Begin of record <<<<
Block size: 496x1
Grid size : 15x1
Shared memory size: 140 bytes
GPU kernel version: naive
Checking ... PASSED
Elapsed time: 0.062485 s
Performance:  1.644562 Gflop/s
>>>> End of record <<<<
kernel:0Matrix size: 7168
Adjusted matrix size: 7168
>>>> Begin of record <<<<
Serial version:
Elapsed time: 0.236801 s
Performance:  0.433953 Gflop/s
>>>> End of record <<<<
>>>> Begin of record <<<<
Block size: 512x1
Grid size : 14x1
Shared memory size: 140 bytes
GPU kernel version: naive
Checking ... PASSED
Elapsed time: 0.063775 s
Performance:  1.611297 Gflop/s
>>>> End of record <<<<
kernel:0Matrix size: 8192
Adjusted matrix size: 8192
>>>> Begin of record <<<<
Serial version:
Elapsed time: 0.309324 s
Performance:  0.433907 Gflop/s
>>>> End of record <<<<
>>>> Begin of record <<<<
Block size: 16x1
Grid size : 512x1
Shared memory size: 140 bytes
GPU kernel version: naive
Checking ... PASSED
Elapsed time: 0.040867 s
Performance:  3.284257 Gflop/s
>>>> End of record <<<<
kernel:0Matrix size: 8192
Adjusted matrix size: 8192
>>>> Begin of record <<<<
Serial version:
Elapsed time: 0.309379 s
Performance:  0.433829 Gflop/s
>>>> End of record <<<<
>>>> Begin of record <<<<
Block size: 32x1
Grid size : 256x1
Shared memory size: 140 bytes
GPU kernel version: naive
Checking ... PASSED
Elapsed time: 0.046499 s
Performance:  2.886465 Gflop/s
>>>> End of record <<<<
kernel:0Matrix size: 8192
Adjusted matrix size: 8192
>>>> Begin of record <<<<
Serial version:
Elapsed time: 0.309246 s
Performance:  0.434016 Gflop/s
>>>> End of record <<<<
>>>> Begin of record <<<<
Block size: 48x1
Grid size : 171x1
Shared memory size: 140 bytes
GPU kernel version: naive
Checking ... PASSED
Elapsed time: 0.049109 s
Performance:  2.733058 Gflop/s
>>>> End of record <<<<
kernel:0Matrix size: 8192
Adjusted matrix size: 8192
>>>> Begin of record <<<<
Serial version:
Elapsed time: 0.315113 s
Performance:  0.425935 Gflop/s
>>>> End of record <<<<
>>>> Begin of record <<<<
Block size: 64x1
Grid size : 128x1
Shared memory size: 140 bytes
GPU kernel version: naive
Checking ... PASSED
Elapsed time: 0.053313 s
Performance:  2.517542 Gflop/s
>>>> End of record <<<<
kernel:0Matrix size: 8192
Adjusted matrix size: 8192
>>>> Begin of record <<<<
Serial version:
Elapsed time: 0.309279 s
Performance:  0.433970 Gflop/s
>>>> End of record <<<<
>>>> Begin of record <<<<
Block size: 80x1
Grid size : 103x1
Shared memory size: 140 bytes
GPU kernel version: naive
Checking ... PASSED
Elapsed time: 0.055724 s
Performance:  2.408616 Gflop/s
>>>> End of record <<<<
kernel:0Matrix size: 8192
Adjusted matrix size: 8192
>>>> Begin of record <<<<
Serial version:
Elapsed time: 0.309422 s
Performance:  0.433769 Gflop/s
>>>> End of record <<<<
>>>> Begin of record <<<<
Block size: 96x1
Grid size : 86x1
Shared memory size: 140 bytes
GPU kernel version: naive
Checking ... PASSED
Elapsed time: 0.055781 s
Performance:  2.406155 Gflop/s
>>>> End of record <<<<
kernel:0Matrix size: 8192
Adjusted matrix size: 8192
>>>> Begin of record <<<<
Serial version:
Elapsed time: 0.309317 s
Performance:  0.433916 Gflop/s
>>>> End of record <<<<
>>>> Begin of record <<<<
Block size: 112x1
Grid size : 74x1
Shared memory size: 140 bytes
GPU kernel version: naive
Checking ... PASSED
Elapsed time: 0.056307 s
Performance:  2.383677 Gflop/s
>>>> End of record <<<<
kernel:0Matrix size: 8192
Adjusted matrix size: 8192
>>>> Begin of record <<<<
Serial version:
Elapsed time: 0.309349 s
Performance:  0.433872 Gflop/s
>>>> End of record <<<<
>>>> Begin of record <<<<
Block size: 128x1
Grid size : 64x1
Shared memory size: 140 bytes
GPU kernel version: naive
Checking ... PASSED
Elapsed time: 0.052144 s
Performance:  2.573982 Gflop/s
>>>> End of record <<<<
kernel:0Matrix size: 8192
Adjusted matrix size: 8192
>>>> Begin of record <<<<
Serial version:
Elapsed time: 0.309297 s
Performance:  0.433944 Gflop/s
>>>> End of record <<<<
>>>> Begin of record <<<<
Block size: 144x1
Grid size : 57x1
Shared memory size: 140 bytes
GPU kernel version: naive
Checking ... PASSED
Elapsed time: 0.057930 s
Performance:  2.316895 Gflop/s
>>>> End of record <<<<
kernel:0Matrix size: 8192
Adjusted matrix size: 8192
>>>> Begin of record <<<<
Serial version:
Elapsed time: 0.309307 s
Performance:  0.433930 Gflop/s
>>>> End of record <<<<
>>>> Begin of record <<<<
Block size: 160x1
Grid size : 52x1
Shared memory size: 140 bytes
GPU kernel version: naive
Checking ... PASSED
Elapsed time: 0.061490 s
Performance:  2.182757 Gflop/s
>>>> End of record <<<<
kernel:0Matrix size: 8192
Adjusted matrix size: 8192
>>>> Begin of record <<<<
Serial version:
Elapsed time: 0.309248 s
Performance:  0.434013 Gflop/s
>>>> End of record <<<<
>>>> Begin of record <<<<
Block size: 176x1
Grid size : 47x1
Shared memory size: 140 bytes
GPU kernel version: naive
Checking ... PASSED
Elapsed time: 0.055648 s
Performance:  2.411906 Gflop/s
>>>> End of record <<<<
kernel:0Matrix size: 8192
Adjusted matrix size: 8192
>>>> Begin of record <<<<
Serial version:
Elapsed time: 0.309221 s
Performance:  0.434051 Gflop/s
>>>> End of record <<<<
>>>> Begin of record <<<<
Block size: 192x1
Grid size : 43x1
Shared memory size: 140 bytes
GPU kernel version: naive
Checking ... PASSED
Elapsed time: 0.056768 s
Performance:  2.364320 Gflop/s
>>>> End of record <<<<
kernel:0Matrix size: 8192
Adjusted matrix size: 8192
>>>> Begin of record <<<<
Serial version:
Elapsed time: 0.309251 s
Performance:  0.434009 Gflop/s
>>>> End of record <<<<
>>>> Begin of record <<<<
Block size: 208x1
Grid size : 40x1
Shared memory size: 140 bytes
GPU kernel version: naive
Checking ... PASSED
Elapsed time: 0.063553 s
Performance:  2.111902 Gflop/s
>>>> End of record <<<<
kernel:0Matrix size: 8192
Adjusted matrix size: 8192
>>>> Begin of record <<<<
Serial version:
Elapsed time: 0.309191 s
Performance:  0.434093 Gflop/s
>>>> End of record <<<<
>>>> Begin of record <<<<
Block size: 224x1
Grid size : 37x1
Shared memory size: 140 bytes
GPU kernel version: naive
Checking ... PASSED
Elapsed time: 0.062132 s
Performance:  2.160203 Gflop/s
>>>> End of record <<<<
kernel:0Matrix size: 8192
Adjusted matrix size: 8192
>>>> Begin of record <<<<
Serial version:
Elapsed time: 0.309717 s
Performance:  0.433356 Gflop/s
>>>> End of record <<<<
>>>> Begin of record <<<<
Block size: 240x1
Grid size : 35x1
Shared memory size: 140 bytes
GPU kernel version: naive
Checking ... PASSED
Elapsed time: 0.055643 s
Performance:  2.412122 Gflop/s
>>>> End of record <<<<
kernel:0Matrix size: 8192
Adjusted matrix size: 8192
>>>> Begin of record <<<<
Serial version:
Elapsed time: 0.309265 s
Performance:  0.433989 Gflop/s
>>>> End of record <<<<
>>>> Begin of record <<<<
Block size: 256x1
Grid size : 32x1
Shared memory size: 140 bytes
GPU kernel version: naive
Checking ... PASSED
Elapsed time: 0.056583 s
Performance:  2.372050 Gflop/s
>>>> End of record <<<<
kernel:0Matrix size: 8192
Adjusted matrix size: 8192
>>>> Begin of record <<<<
Serial version:
Elapsed time: 0.309230 s
Performance:  0.434039 Gflop/s
>>>> End of record <<<<
>>>> Begin of record <<<<
Block size: 272x1
Grid size : 31x1
Shared memory size: 140 bytes
GPU kernel version: naive
Checking ... PASSED
Elapsed time: 0.062690 s
Performance:  2.140975 Gflop/s
>>>> End of record <<<<
kernel:0Matrix size: 8192
Adjusted matrix size: 8192
>>>> Begin of record <<<<
Serial version:
Elapsed time: 0.309245 s
Performance:  0.434017 Gflop/s
>>>> End of record <<<<
>>>> Begin of record <<<<
Block size: 288x1
Grid size : 29x1
Shared memory size: 140 bytes
GPU kernel version: naive
Checking ... PASSED
Elapsed time: 0.061753 s
Performance:  2.173461 Gflop/s
>>>> End of record <<<<
kernel:0Matrix size: 8192
Adjusted matrix size: 8192
>>>> Begin of record <<<<
Serial version:
Elapsed time: 0.309297 s
Performance:  0.433944 Gflop/s
>>>> End of record <<<<
>>>> Begin of record <<<<
Block size: 304x1
Grid size : 27x1
Shared memory size: 140 bytes
GPU kernel version: naive
Checking ... PASSED
Elapsed time: 0.067248 s
Performance:  1.995862 Gflop/s
>>>> End of record <<<<
kernel:0Matrix size: 8192
Adjusted matrix size: 8192
>>>> Begin of record <<<<
Serial version:
Elapsed time: 0.309322 s
Performance:  0.433909 Gflop/s
>>>> End of record <<<<
>>>> Begin of record <<<<
Block size: 320x1
Grid size : 26x1
Shared memory size: 140 bytes
GPU kernel version: naive
Checking ... PASSED
Elapsed time: 0.069476 s
Performance:  1.931857 Gflop/s
>>>> End of record <<<<
kernel:0Matrix size: 8192
Adjusted matrix size: 8192
>>>> Begin of record <<<<
Serial version:
Elapsed time: 0.309307 s
Performance:  0.433930 Gflop/s
>>>> End of record <<<<
>>>> Begin of record <<<<
Block size: 336x1
Grid size : 25x1
Shared memory size: 140 bytes
GPU kernel version: naive
Checking ... PASSED
Elapsed time: 0.059970 s
Performance:  2.238081 Gflop/s
>>>> End of record <<<<
kernel:0Matrix size: 8192
Adjusted matrix size: 8192
>>>> Begin of record <<<<
Serial version:
Elapsed time: 0.309358 s
Performance:  0.433859 Gflop/s
>>>> End of record <<<<
>>>> Begin of record <<<<
Block size: 352x1
Grid size : 24x1
Shared memory size: 140 bytes
GPU kernel version: naive
Checking ... PASSED
Elapsed time: 0.052855 s
Performance:  2.539357 Gflop/s
>>>> End of record <<<<
kernel:0Matrix size: 8192
Adjusted matrix size: 8192
>>>> Begin of record <<<<
Serial version:
Elapsed time: 0.309295 s
Performance:  0.433947 Gflop/s
>>>> End of record <<<<
>>>> Begin of record <<<<
Block size: 368x1
Grid size : 23x1
Shared memory size: 140 bytes
GPU kernel version: naive
Checking ... PASSED
Elapsed time: 0.057160 s
Performance:  2.348106 Gflop/s
>>>> End of record <<<<
kernel:0Matrix size: 8192
Adjusted matrix size: 8192
>>>> Begin of record <<<<
Serial version:
Elapsed time: 0.309397 s
Performance:  0.433804 Gflop/s
>>>> End of record <<<<
>>>> Begin of record <<<<
Block size: 384x1
Grid size : 22x1
Shared memory size: 140 bytes
GPU kernel version: naive
Checking ... PASSED
Elapsed time: 0.056746 s
Performance:  2.365237 Gflop/s
>>>> End of record <<<<
kernel:0Matrix size: 8192
Adjusted matrix size: 8192
>>>> Begin of record <<<<
Serial version:
Elapsed time: 0.309346 s
Performance:  0.433876 Gflop/s
>>>> End of record <<<<
>>>> Begin of record <<<<
Block size: 400x1
Grid size : 21x1
Shared memory size: 140 bytes
GPU kernel version: naive
Checking ... PASSED
Elapsed time: 0.059270 s
Performance:  2.264514 Gflop/s
>>>> End of record <<<<
kernel:0Matrix size: 8192
Adjusted matrix size: 8192
>>>> Begin of record <<<<
Serial version:
Elapsed time: 0.309152 s
Performance:  0.434148 Gflop/s
>>>> End of record <<<<
>>>> Begin of record <<<<
Block size: 416x1
Grid size : 20x1
Shared memory size: 140 bytes
GPU kernel version: naive
Checking ... PASSED
Elapsed time: 0.059600 s
Performance:  2.251975 Gflop/s
>>>> End of record <<<<
kernel:0Matrix size: 8192
Adjusted matrix size: 8192
>>>> Begin of record <<<<
Serial version:
Elapsed time: 0.309271 s
Performance:  0.433981 Gflop/s
>>>> End of record <<<<
>>>> Begin of record <<<<
Block size: 432x1
Grid size : 19x1
Shared memory size: 140 bytes
GPU kernel version: naive
Checking ... PASSED
Elapsed time: 0.063396 s
Performance:  2.117132 Gflop/s
>>>> End of record <<<<
kernel:0Matrix size: 8192
Adjusted matrix size: 8192
>>>> Begin of record <<<<
Serial version:
Elapsed time: 0.309281 s
Performance:  0.433967 Gflop/s
>>>> End of record <<<<
>>>> Begin of record <<<<
Block size: 448x1
Grid size : 19x1
Shared memory size: 140 bytes
GPU kernel version: naive
Checking ... PASSED
Elapsed time: 0.064674 s
Performance:  2.075297 Gflop/s
>>>> End of record <<<<
kernel:0Matrix size: 8192
Adjusted matrix size: 8192
>>>> Begin of record <<<<
Serial version:
Elapsed time: 0.309369 s
Performance:  0.433843 Gflop/s
>>>> End of record <<<<
>>>> Begin of record <<<<
Block size: 464x1
Grid size : 18x1
Shared memory size: 140 bytes
GPU kernel version: naive
Checking ... PASSED
Elapsed time: 0.068140 s
Performance:  1.969735 Gflop/s
>>>> End of record <<<<
kernel:0Matrix size: 8192
Adjusted matrix size: 8192
>>>> Begin of record <<<<
Serial version:
Elapsed time: 0.309320 s
Performance:  0.433912 Gflop/s
>>>> End of record <<<<
>>>> Begin of record <<<<
Block size: 480x1
Grid size : 18x1
Shared memory size: 140 bytes
GPU kernel version: naive
Checking ... PASSED
Elapsed time: 0.067934 s
Performance:  1.975708 Gflop/s
>>>> End of record <<<<
kernel:0Matrix size: 8192
Adjusted matrix size: 8192
>>>> Begin of record <<<<
Serial version:
Elapsed time: 0.309274 s
Performance:  0.433977 Gflop/s
>>>> End of record <<<<
>>>> Begin of record <<<<
Block size: 496x1
Grid size : 17x1
Shared memory size: 140 bytes
GPU kernel version: naive
Checking ... PASSED
Elapsed time: 0.070879 s
Performance:  1.893618 Gflop/s
>>>> End of record <<<<
kernel:0Matrix size: 8192
Adjusted matrix size: 8192
>>>> Begin of record <<<<
Serial version:
Elapsed time: 0.309326 s
Performance:  0.433904 Gflop/s
>>>> End of record <<<<
>>>> Begin of record <<<<
Block size: 512x1
Grid size : 16x1
Shared memory size: 140 bytes
GPU kernel version: naive
Checking ... PASSED
Elapsed time: 0.071353 s
Performance:  1.881038 Gflop/s
>>>> End of record <<<<
kernel:0Matrix size: 14336
Adjusted matrix size: 14336
>>>> Begin of record <<<<
Serial version:
Elapsed time: 0.947784 s
Performance:  0.433687 Gflop/s
>>>> End of record <<<<
>>>> Begin of record <<<<
Block size: 16x1
Grid size : 896x1
Shared memory size: 140 bytes
GPU kernel version: naive
Checking ... PASSED
Elapsed time: 0.097882 s
Performance:  4.199360 Gflop/s
>>>> End of record <<<<
kernel:0Matrix size: 14336
Adjusted matrix size: 14336
>>>> Begin of record <<<<
Serial version:
Elapsed time: 0.948052 s
Performance:  0.433565 Gflop/s
>>>> End of record <<<<
>>>> Begin of record <<<<
Block size: 32x1
Grid size : 448x1
Shared memory size: 140 bytes
GPU kernel version: naive
Checking ... PASSED
Elapsed time: 0.138839 s
Performance:  2.960564 Gflop/s
>>>> End of record <<<<
kernel:0Matrix size: 14336
Adjusted matrix size: 14336
>>>> Begin of record <<<<
Serial version:
Elapsed time: 0.958863 s
Performance:  0.428676 Gflop/s
>>>> End of record <<<<
>>>> Begin of record <<<<
Block size: 48x1
Grid size : 299x1
Shared memory size: 140 bytes
GPU kernel version: naive
Checking ... PASSED
Elapsed time: 0.143226 s
Performance:  2.869883 Gflop/s
>>>> End of record <<<<
kernel:0Matrix size: 14336
Adjusted matrix size: 14336
>>>> Begin of record <<<<
Serial version:
Elapsed time: 0.947688 s
Performance:  0.433731 Gflop/s
>>>> End of record <<<<
>>>> Begin of record <<<<
Block size: 64x1
Grid size : 224x1
Shared memory size: 140 bytes
GPU kernel version: naive
Checking ... PASSED
Elapsed time: 0.201675 s
Performance:  2.038140 Gflop/s
>>>> End of record <<<<
kernel:0Matrix size: 14336
Adjusted matrix size: 14336
>>>> Begin of record <<<<
Serial version:
Elapsed time: 0.947641 s
Performance:  0.433753 Gflop/s
>>>> End of record <<<<
>>>> Begin of record <<<<
Block size: 80x1
Grid size : 180x1
Shared memory size: 140 bytes
GPU kernel version: naive
Checking ... PASSED
Elapsed time: 0.204141 s
Performance:  2.013519 Gflop/s
>>>> End of record <<<<
kernel:0Matrix size: 14336
Adjusted matrix size: 14336
>>>> Begin of record <<<<
Serial version:
Elapsed time: 0.947716 s
Performance:  0.433718 Gflop/s
>>>> End of record <<<<
>>>> Begin of record <<<<
Block size: 96x1
Grid size : 150x1
Shared memory size: 140 bytes
GPU kernel version: naive
Checking ... PASSED
Elapsed time: 0.242559 s
Performance:  1.694605 Gflop/s
>>>> End of record <<<<
kernel:0Matrix size: 14336
Adjusted matrix size: 14336
>>>> Begin of record <<<<
Serial version:
Elapsed time: 0.997826 s
Performance:  0.411937 Gflop/s
>>>> End of record <<<<
>>>> Begin of record <<<<
Block size: 112x1
Grid size : 128x1
Shared memory size: 140 bytes
GPU kernel version: naive
Checking ... PASSED
Elapsed time: 0.264135 s
Performance:  1.556181 Gflop/s
>>>> End of record <<<<
kernel:0Matrix size: 14336
Adjusted matrix size: 14336
>>>> Begin of record <<<<
Serial version:
Elapsed time: 0.947936 s
Performance:  0.433618 Gflop/s
>>>> End of record <<<<
>>>> Begin of record <<<<
Block size: 128x1
Grid size : 112x1
Shared memory size: 140 bytes
GPU kernel version: naive
Checking ... PASSED
Elapsed time: 0.261146 s
Performance:  1.573992 Gflop/s
>>>> End of record <<<<
kernel:0Matrix size: 14336
Adjusted matrix size: 14336
>>>> Begin of record <<<<
Serial version:
Elapsed time: 0.947691 s
Performance:  0.433730 Gflop/s
>>>> End of record <<<<
>>>> Begin of record <<<<
Block size: 144x1
Grid size : 100x1
Shared memory size: 140 bytes
GPU kernel version: naive
Checking ... PASSED
Elapsed time: 0.279857 s
Performance:  1.468757 Gflop/s
>>>> End of record <<<<
kernel:0Matrix size: 14336
Adjusted matrix size: 14336
>>>> Begin of record <<<<
Serial version:
Elapsed time: 1.002156 s
Performance:  0.410157 Gflop/s
>>>> End of record <<<<
>>>> Begin of record <<<<
Block size: 160x1
Grid size : 90x1
Shared memory size: 140 bytes
GPU kernel version: naive
Checking ... PASSED
Elapsed time: 0.262900 s
Performance:  1.563491 Gflop/s
>>>> End of record <<<<
kernel:0Matrix size: 14336
Adjusted matrix size: 14336
>>>> Begin of record <<<<
Serial version:
Elapsed time: 0.947908 s
Performance:  0.433630 Gflop/s
>>>> End of record <<<<
>>>> Begin of record <<<<
Block size: 176x1
Grid size : 82x1
Shared memory size: 140 bytes
GPU kernel version: naive
Checking ... PASSED
Elapsed time: 0.270721 s
Performance:  1.518323 Gflop/s
>>>> End of record <<<<
kernel:0Matrix size: 14336
Adjusted matrix size: 14336
>>>> Begin of record <<<<
Serial version:
Elapsed time: 0.948513 s
Performance:  0.433354 Gflop/s
>>>> End of record <<<<
>>>> Begin of record <<<<
Block size: 192x1
Grid size : 75x1
Shared memory size: 140 bytes
GPU kernel version: naive
Checking ... PASSED
Elapsed time: 0.255230 s
Performance:  1.610476 Gflop/s
>>>> End of record <<<<
kernel:0Matrix size: 14336
Adjusted matrix size: 14336
>>>> Begin of record <<<<
Serial version:
Elapsed time: 0.947685 s
Performance:  0.433733 Gflop/s
>>>> End of record <<<<
>>>> Begin of record <<<<
Block size: 208x1
Grid size : 69x1
Shared memory size: 140 bytes
GPU kernel version: naive
Checking ... PASSED
Elapsed time: 0.276685 s
Performance:  1.485595 Gflop/s
>>>> End of record <<<<
kernel:0Matrix size: 14336
Adjusted matrix size: 14336
>>>> Begin of record <<<<
Serial version:
Elapsed time: 0.947567 s
Performance:  0.433787 Gflop/s
>>>> End of record <<<<
>>>> Begin of record <<<<
Block size: 224x1
Grid size : 64x1
Shared memory size: 140 bytes
GPU kernel version: naive
Checking ... PASSED
Elapsed time: 0.252877 s
Performance:  1.625461 Gflop/s
>>>> End of record <<<<
kernel:0Matrix size: 14336
Adjusted matrix size: 14336
>>>> Begin of record <<<<
Serial version:
Elapsed time: 0.947902 s
Performance:  0.433633 Gflop/s
>>>> End of record <<<<
>>>> Begin of record <<<<
Block size: 240x1
Grid size : 60x1
Shared memory size: 140 bytes
GPU kernel version: naive
Checking ... PASSED
Elapsed time: 0.281994 s
Performance:  1.457626 Gflop/s
>>>> End of record <<<<
kernel:0Matrix size: 14336
Adjusted matrix size: 14336
>>>> Begin of record <<<<
Serial version:
Elapsed time: 0.947411 s
Performance:  0.433858 Gflop/s
>>>> End of record <<<<
>>>> Begin of record <<<<
Block size: 256x1
Grid size : 56x1
Shared memory size: 140 bytes
GPU kernel version: naive
Checking ... PASSED
Elapsed time: 0.271985 s
Performance:  1.511266 Gflop/s
>>>> End of record <<<<
kernel:0Matrix size: 14336
Adjusted matrix size: 14336
>>>> Begin of record <<<<
Serial version:
Elapsed time: 0.947740 s
Performance:  0.433707 Gflop/s
>>>> End of record <<<<
>>>> Begin of record <<<<
Block size: 272x1
Grid size : 53x1
Shared memory size: 140 bytes
GPU kernel version: naive
Checking ... PASSED
Elapsed time: 0.264290 s
Performance:  1.555268 Gflop/s
>>>> End of record <<<<
kernel:0Matrix size: 14336
Adjusted matrix size: 14336
>>>> Begin of record <<<<
Serial version:
Elapsed time: 0.947712 s
Performance:  0.433720 Gflop/s
>>>> End of record <<<<
>>>> Begin of record <<<<
Block size: 288x1
Grid size : 50x1
Shared memory size: 140 bytes
GPU kernel version: naive
Checking ... PASSED
Elapsed time: 0.254032 s
Performance:  1.618071 Gflop/s
>>>> End of record <<<<
kernel:0Matrix size: 14336
Adjusted matrix size: 14336
>>>> Begin of record <<<<
Serial version:
Elapsed time: 0.947698 s
Performance:  0.433727 Gflop/s
>>>> End of record <<<<
>>>> Begin of record <<<<
Block size: 304x1
Grid size : 48x1
Shared memory size: 140 bytes
GPU kernel version: naive
Checking ... PASSED
Elapsed time: 0.280486 s
Performance:  1.465463 Gflop/s
>>>> End of record <<<<
kernel:0Matrix size: 14336
Adjusted matrix size: 14336
>>>> Begin of record <<<<
Serial version:
Elapsed time: 0.947802 s
Performance:  0.433679 Gflop/s
>>>> End of record <<<<
>>>> Begin of record <<<<
Block size: 320x1
Grid size : 45x1
Shared memory size: 140 bytes
GPU kernel version: naive
Checking ... PASSED
Elapsed time: 0.279279 s
Performance:  1.471796 Gflop/s
>>>> End of record <<<<
kernel:0Matrix size: 14336
Adjusted matrix size: 14336
>>>> Begin of record <<<<
Serial version:
Elapsed time: 0.947596 s
Performance:  0.433773 Gflop/s
>>>> End of record <<<<
>>>> Begin of record <<<<
Block size: 336x1
Grid size : 43x1
Shared memory size: 140 bytes
GPU kernel version: naive
Checking ... PASSED
Elapsed time: 0.298036 s
Performance:  1.379168 Gflop/s
>>>> End of record <<<<
kernel:0Matrix size: 14336
Adjusted matrix size: 14336
>>>> Begin of record <<<<
Serial version:
Elapsed time: 0.947689 s
Performance:  0.433731 Gflop/s
>>>> End of record <<<<
>>>> Begin of record <<<<
Block size: 352x1
Grid size : 41x1
Shared memory size: 140 bytes
GPU kernel version: naive
Checking ... PASSED
Elapsed time: 0.276840 s
Performance:  1.484763 Gflop/s
>>>> End of record <<<<
kernel:0Matrix size: 14336
Adjusted matrix size: 14336
>>>> Begin of record <<<<
Serial version:
Elapsed time: 0.947655 s
Performance:  0.433746 Gflop/s
>>>> End of record <<<<
>>>> Begin of record <<<<
Block size: 368x1
Grid size : 39x1
Shared memory size: 140 bytes
GPU kernel version: naive
Checking ... PASSED
Elapsed time: 0.266337 s
Performance:  1.543315 Gflop/s
>>>> End of record <<<<
kernel:0Matrix size: 14336
Adjusted matrix size: 14336
>>>> Begin of record <<<<
Serial version:
Elapsed time: 0.948397 s
Performance:  0.433407 Gflop/s
>>>> End of record <<<<
>>>> Begin of record <<<<
Block size: 384x1
Grid size : 38x1
Shared memory size: 140 bytes
GPU kernel version: naive
Checking ... PASSED
Elapsed time: 0.248599 s
Performance:  1.653433 Gflop/s
>>>> End of record <<<<
kernel:0Matrix size: 14336
Adjusted matrix size: 14336
>>>> Begin of record <<<<
Serial version:
Elapsed time: 0.947632 s
Performance:  0.433757 Gflop/s
>>>> End of record <<<<
>>>> Begin of record <<<<
Block size: 400x1
Grid size : 36x1
Shared memory size: 140 bytes
GPU kernel version: naive
Checking ... PASSED
Elapsed time: 0.270209 s
Performance:  1.521199 Gflop/s
>>>> End of record <<<<
kernel:0Matrix size: 14336
Adjusted matrix size: 14336
>>>> Begin of record <<<<
Serial version:
Elapsed time: 0.947829 s
Performance:  0.433667 Gflop/s
>>>> End of record <<<<
>>>> Begin of record <<<<
Block size: 416x1
Grid size : 35x1
Shared memory size: 140 bytes
GPU kernel version: naive
Checking ... PASSED
Elapsed time: 0.258963 s
Performance:  1.587261 Gflop/s
>>>> End of record <<<<
kernel:0Matrix size: 14336
Adjusted matrix size: 14336
>>>> Begin of record <<<<
Serial version:
Elapsed time: 0.947861 s
Performance:  0.433652 Gflop/s
>>>> End of record <<<<
>>>> Begin of record <<<<
Block size: 432x1
Grid size : 34x1
Shared memory size: 140 bytes
GPU kernel version: naive
Checking ... PASSED
Elapsed time: 0.279646 s
Performance:  1.469865 Gflop/s
>>>> End of record <<<<
kernel:0Matrix size: 14336
Adjusted matrix size: 14336
>>>> Begin of record <<<<
Serial version:
Elapsed time: 0.948437 s
Performance:  0.433389 Gflop/s
>>>> End of record <<<<
>>>> Begin of record <<<<
Block size: 448x1
Grid size : 32x1
Shared memory size: 140 bytes
GPU kernel version: naive
Checking ... PASSED
Elapsed time: 0.276004 s
Performance:  1.489260 Gflop/s
>>>> End of record <<<<
kernel:0Matrix size: 14336
Adjusted matrix size: 14336
>>>> Begin of record <<<<
Serial version:
Elapsed time: 0.947603 s
Performance:  0.433770 Gflop/s
>>>> End of record <<<<
>>>> Begin of record <<<<
Block size: 464x1
Grid size : 31x1
Shared memory size: 140 bytes
GPU kernel version: naive
Checking ... PASSED
Elapsed time: 0.298411 s
Performance:  1.377435 Gflop/s
>>>> End of record <<<<
kernel:0Matrix size: 14336
Adjusted matrix size: 14336
>>>> Begin of record <<<<
Serial version:
Elapsed time: 0.947690 s
Performance:  0.433730 Gflop/s
>>>> End of record <<<<
>>>> Begin of record <<<<
Block size: 480x1
Grid size : 30x1
Shared memory size: 140 bytes
GPU kernel version: naive
Checking ... PASSED
Elapsed time: 0.293808 s
Performance:  1.399015 Gflop/s
>>>> End of record <<<<
kernel:0Matrix size: 14336
Adjusted matrix size: 14336
>>>> Begin of record <<<<
Serial version:
Elapsed time: 0.947556 s
Performance:  0.433792 Gflop/s
>>>> End of record <<<<
>>>> Begin of record <<<<
Block size: 496x1
Grid size : 29x1
Shared memory size: 140 bytes
GPU kernel version: naive
Checking ... PASSED
Elapsed time: 0.302739 s
Performance:  1.357743 Gflop/s
>>>> End of record <<<<
kernel:0Matrix size: 14336
Adjusted matrix size: 14336
>>>> Begin of record <<<<
Serial version:
Elapsed time: 0.948305 s
Performance:  0.433449 Gflop/s
>>>> End of record <<<<
>>>> Begin of record <<<<
Block size: 512x1
Grid size : 28x1
Shared memory size: 140 bytes
GPU kernel version: naive
Checking ... PASSED
Elapsed time: 0.283444 s
Performance:  1.450169 Gflop/s
>>>> End of record <<<<
kernel:0Matrix size: 16384
Adjusted matrix size: 16384
>>>> Begin of record <<<<
Serial version:
Elapsed time: 1.235339 s
Performance:  0.434594 Gflop/s
>>>> End of record <<<<
>>>> Begin of record <<<<
Block size: 16x1
Grid size : 1024x1
Shared memory size: 140 bytes
GPU kernel version: naive
Checking ... PASSED
Elapsed time: 0.170946 s
Performance:  3.140588 Gflop/s
>>>> End of record <<<<
kernel:0Matrix size: 16384
Adjusted matrix size: 16384
>>>> Begin of record <<<<
Serial version:
Elapsed time: 1.235557 s
Performance:  0.434517 Gflop/s
>>>> End of record <<<<
>>>> Begin of record <<<<
Block size: 32x1
Grid size : 512x1
Shared memory size: 140 bytes
GPU kernel version: naive
Checking ... PASSED
Elapsed time: 0.197388 s
Performance:  2.719876 Gflop/s
>>>> End of record <<<<
kernel:0Matrix size: 16384
Adjusted matrix size: 16384
>>>> Begin of record <<<<
Serial version:
Elapsed time: 1.234260 s
Performance:  0.434974 Gflop/s
>>>> End of record <<<<
>>>> Begin of record <<<<
Block size: 48x1
Grid size : 342x1
Shared memory size: 140 bytes
GPU kernel version: naive
Checking ... PASSED
Elapsed time: 0.191535 s
Performance:  2.802991 Gflop/s
>>>> End of record <<<<
kernel:0Matrix size: 16384
Adjusted matrix size: 16384
>>>> Begin of record <<<<
Serial version:
Elapsed time: 1.234637 s
Performance:  0.434841 Gflop/s
>>>> End of record <<<<
>>>> Begin of record <<<<
Block size: 64x1
Grid size : 256x1
Shared memory size: 140 bytes
GPU kernel version: naive
Checking ... PASSED
Elapsed time: 0.223485 s
Performance:  2.402268 Gflop/s
>>>> End of record <<<<
kernel:0Matrix size: 16384
Adjusted matrix size: 16384
>>>> Begin of record <<<<
Serial version:
Elapsed time: 1.235002 s
Performance:  0.434713 Gflop/s
>>>> End of record <<<<
>>>> Begin of record <<<<
Block size: 80x1
Grid size : 205x1
Shared memory size: 140 bytes
GPU kernel version: naive
Checking ... PASSED
Elapsed time: 0.218710 s
Performance:  2.454716 Gflop/s
>>>> End of record <<<<
kernel:0Matrix size: 16384
Adjusted matrix size: 16384
>>>> Begin of record <<<<
Serial version:
Elapsed time: 1.236110 s
Performance:  0.434323 Gflop/s
>>>> End of record <<<<
>>>> Begin of record <<<<
Block size: 96x1
Grid size : 171x1
Shared memory size: 140 bytes
GPU kernel version: naive
Checking ... PASSED
Elapsed time: 0.288637 s
Performance:  1.860021 Gflop/s
>>>> End of record <<<<
kernel:0Matrix size: 16384
Adjusted matrix size: 16384
>>>> Begin of record <<<<
Serial version:
Elapsed time: 1.235391 s
Performance:  0.434576 Gflop/s
>>>> End of record <<<<
>>>> Begin of record <<<<
Block size: 112x1
Grid size : 147x1
Shared memory size: 140 bytes
GPU kernel version: naive
Checking ... PASSED
Elapsed time: 0.334615 s
Performance:  1.604444 Gflop/s
>>>> End of record <<<<
kernel:0Matrix size: 16384
Adjusted matrix size: 16384
>>>> Begin of record <<<<
Serial version:
Elapsed time: 1.235673 s
Performance:  0.434477 Gflop/s
>>>> End of record <<<<
>>>> Begin of record <<<<
Block size: 128x1
Grid size : 128x1
Shared memory size: 140 bytes
GPU kernel version: naive
Checking ... PASSED
Elapsed time: 0.345332 s
Performance:  1.554652 Gflop/s
>>>> End of record <<<<
kernel:0Matrix size: 16384
Adjusted matrix size: 16384
>>>> Begin of record <<<<
Serial version:
Elapsed time: 1.235602 s
Performance:  0.434501 Gflop/s
>>>> End of record <<<<
>>>> Begin of record <<<<
Block size: 144x1
Grid size : 114x1
Shared memory size: 140 bytes
GPU kernel version: naive
Checking ... PASSED
Elapsed time: 0.379200 s
Performance:  1.415799 Gflop/s
>>>> End of record <<<<
kernel:0Matrix size: 16384
Adjusted matrix size: 16384
>>>> Begin of record <<<<
Serial version:
Elapsed time: 1.234327 s
Performance:  0.434950 Gflop/s
>>>> End of record <<<<
>>>> Begin of record <<<<
Block size: 160x1
Grid size : 103x1
Shared memory size: 140 bytes
GPU kernel version: naive
Checking ... PASSED
Elapsed time: 0.356572 s
Performance:  1.505645 Gflop/s
>>>> End of record <<<<
kernel:0Matrix size: 16384
Adjusted matrix size: 16384
>>>> Begin of record <<<<
Serial version:
Elapsed time: 1.234573 s
Performance:  0.434864 Gflop/s
>>>> End of record <<<<
>>>> Begin of record <<<<
Block size: 176x1
Grid size : 94x1
Shared memory size: 140 bytes
GPU kernel version: naive
Checking ... PASSED
Elapsed time: 0.376669 s
Performance:  1.425312 Gflop/s
>>>> End of record <<<<
kernel:0Matrix size: 16384
Adjusted matrix size: 16384
>>>> Begin of record <<<<
Serial version:
Elapsed time: 1.234726 s
Performance:  0.434810 Gflop/s
>>>> End of record <<<<
>>>> Begin of record <<<<
Block size: 192x1
Grid size : 86x1
Shared memory size: 140 bytes
GPU kernel version: naive
Checking ... PASSED
Elapsed time: 0.356262 s
Performance:  1.506955 Gflop/s
>>>> End of record <<<<
kernel:0Matrix size: 16384
Adjusted matrix size: 16384
>>>> Begin of record <<<<
Serial version:
Elapsed time: 1.234844 s
Performance:  0.434768 Gflop/s
>>>> End of record <<<<
>>>> Begin of record <<<<
Block size: 208x1
Grid size : 79x1
Shared memory size: 140 bytes
GPU kernel version: naive
Checking ... PASSED
Elapsed time: 0.381384 s
Performance:  1.407691 Gflop/s
>>>> End of record <<<<
kernel:0Matrix size: 16384
Adjusted matrix size: 16384
>>>> Begin of record <<<<
Serial version:
Elapsed time: 1.234742 s
Performance:  0.434804 Gflop/s
>>>> End of record <<<<
>>>> Begin of record <<<<
Block size: 224x1
Grid size : 74x1
Shared memory size: 140 bytes
GPU kernel version: naive
Checking ... PASSED
Elapsed time: 0.362852 s
Performance:  1.479586 Gflop/s
>>>> End of record <<<<
kernel:0Matrix size: 16384
Adjusted matrix size: 16384
>>>> Begin of record <<<<
Serial version:
Elapsed time: 1.234462 s
Performance:  0.434903 Gflop/s
>>>> End of record <<<<
>>>> Begin of record <<<<
Block size: 240x1
Grid size : 69x1
Shared memory size: 140 bytes
GPU kernel version: naive
Checking ... PASSED
Elapsed time: 0.376640 s
Performance:  1.425422 Gflop/s
>>>> End of record <<<<
kernel:0Matrix size: 16384
Adjusted matrix size: 16384
>>>> Begin of record <<<<
Serial version:
Elapsed time: 1.234907 s
Performance:  0.434746 Gflop/s
>>>> End of record <<<<
>>>> Begin of record <<<<
Block size: 256x1
Grid size : 64x1
Shared memory size: 140 bytes
GPU kernel version: naive
Checking ... PASSED
Elapsed time: 0.344089 s
Performance:  1.560268 Gflop/s
>>>> End of record <<<<
kernel:0Matrix size: 16384
Adjusted matrix size: 16384
>>>> Begin of record <<<<
Serial version:
Elapsed time: 1.235436 s
Performance:  0.434560 Gflop/s
>>>> End of record <<<<
>>>> Begin of record <<<<
Block size: 272x1
Grid size : 61x1
Shared memory size: 140 bytes
GPU kernel version: naive
Checking ... PASSED
Elapsed time: 0.392582 s
Performance:  1.367538 Gflop/s
>>>> End of record <<<<
kernel:0Matrix size: 16384
Adjusted matrix size: 16384
>>>> Begin of record <<<<
Serial version:
Elapsed time: 1.234582 s
Performance:  0.434860 Gflop/s
>>>> End of record <<<<
>>>> Begin of record <<<<
Block size: 288x1
Grid size : 57x1
Shared memory size: 140 bytes
GPU kernel version: naive
Checking ... PASSED
Elapsed time: 0.370281 s
Performance:  1.449901 Gflop/s
>>>> End of record <<<<
kernel:0Matrix size: 16384
Adjusted matrix size: 16384
>>>> Begin of record <<<<
Serial version:
Elapsed time: 1.234603 s
Performance:  0.434853 Gflop/s
>>>> End of record <<<<
>>>> Begin of record <<<<
Block size: 304x1
Grid size : 54x1
Shared memory size: 140 bytes
GPU kernel version: naive
Checking ... PASSED
Elapsed time: 0.376799 s
Performance:  1.424820 Gflop/s
>>>> End of record <<<<
kernel:0Matrix size: 16384
Adjusted matrix size: 16384
>>>> Begin of record <<<<
Serial version:
Elapsed time: 1.236145 s
Performance:  0.434311 Gflop/s
>>>> End of record <<<<
>>>> Begin of record <<<<
Block size: 320x1
Grid size : 52x1
Shared memory size: 140 bytes
GPU kernel version: naive
Checking ... PASSED
Elapsed time: 0.339179 s
Performance:  1.582854 Gflop/s
>>>> End of record <<<<
kernel:0Matrix size: 16384
Adjusted matrix size: 16384
>>>> Begin of record <<<<
Serial version:
Elapsed time: 1.234751 s
Performance:  0.434801 Gflop/s
>>>> End of record <<<<
>>>> Begin of record <<<<
Block size: 336x1
Grid size : 49x1
Shared memory size: 140 bytes
GPU kernel version: naive
Checking ... PASSED
Elapsed time: 0.393320 s
Performance:  1.364972 Gflop/s
>>>> End of record <<<<
kernel:0Matrix size: 16384
Adjusted matrix size: 16384
>>>> Begin of record <<<<
Serial version:
Elapsed time: 1.234927 s
Performance:  0.434739 Gflop/s
>>>> End of record <<<<
>>>> Begin of record <<<<
Block size: 352x1
Grid size : 47x1
Shared memory size: 140 bytes
GPU kernel version: naive
Checking ... PASSED
Elapsed time: 0.360411 s
Performance:  1.489607 Gflop/s
>>>> End of record <<<<
kernel:0Matrix size: 16384
Adjusted matrix size: 16384
>>>> Begin of record <<<<
Serial version:
Elapsed time: 1.234884 s
Performance:  0.434754 Gflop/s
>>>> End of record <<<<
>>>> Begin of record <<<<
Block size: 368x1
Grid size : 45x1
Shared memory size: 140 bytes
GPU kernel version: naive
Checking ... PASSED
Elapsed time: 0.406199 s
Performance:  1.321694 Gflop/s
>>>> End of record <<<<
kernel:0Matrix size: 16384
Adjusted matrix size: 16384
>>>> Begin of record <<<<
Serial version:
Elapsed time: 1.235361 s
Performance:  0.434586 Gflop/s
>>>> End of record <<<<
>>>> Begin of record <<<<
Block size: 384x1
Grid size : 43x1
Shared memory size: 140 bytes
GPU kernel version: naive
Checking ... PASSED
Elapsed time: 0.374933 s
Performance:  1.431912 Gflop/s
>>>> End of record <<<<
kernel:0Matrix size: 16384
Adjusted matrix size: 16384
>>>> Begin of record <<<<
Serial version:
Elapsed time: 1.235072 s
Performance:  0.434688 Gflop/s
>>>> End of record <<<<
>>>> Begin of record <<<<
Block size: 400x1
Grid size : 41x1
Shared memory size: 140 bytes
GPU kernel version: naive
Checking ... PASSED
Elapsed time: 0.387230 s
Performance:  1.386439 Gflop/s
>>>> End of record <<<<
kernel:0Matrix size: 16384
Adjusted matrix size: 16384
>>>> Begin of record <<<<
Serial version:
Elapsed time: 1.235147 s
Performance:  0.434662 Gflop/s
>>>> End of record <<<<
>>>> Begin of record <<<<
Block size: 416x1
Grid size : 40x1
Shared memory size: 140 bytes
GPU kernel version: naive
Checking ... PASSED
Elapsed time: 0.342458 s
Performance:  1.567699 Gflop/s
>>>> End of record <<<<
kernel:0Matrix size: 16384
Adjusted matrix size: 16384
>>>> Begin of record <<<<
Serial version:
Elapsed time: 1.235516 s
Performance:  0.434532 Gflop/s
>>>> End of record <<<<
>>>> Begin of record <<<<
Block size: 432x1
Grid size : 38x1
Shared memory size: 140 bytes
GPU kernel version: naive
Checking ... PASSED
Elapsed time: 0.370285 s
Performance:  1.449886 Gflop/s
>>>> End of record <<<<
kernel:0Matrix size: 16384
Adjusted matrix size: 16384
>>>> Begin of record <<<<
Serial version:
Elapsed time: 1.234438 s
Performance:  0.434911 Gflop/s
>>>> End of record <<<<
>>>> Begin of record <<<<
Block size: 448x1
Grid size : 37x1
Shared memory size: 140 bytes
GPU kernel version: naive
Checking ... PASSED
Elapsed time: 0.336234 s
Performance:  1.596718 Gflop/s
>>>> End of record <<<<
kernel:0Matrix size: 16384
Adjusted matrix size: 16384
>>>> Begin of record <<<<
Serial version:
Elapsed time: 1.234388 s
Performance:  0.434929 Gflop/s
>>>> End of record <<<<
>>>> Begin of record <<<<
Block size: 464x1
Grid size : 36x1
Shared memory size: 140 bytes
GPU kernel version: naive
Checking ... PASSED
Elapsed time: 0.374836 s
Performance:  1.432282 Gflop/s
>>>> End of record <<<<
kernel:0Matrix size: 16384
Adjusted matrix size: 16384
>>>> Begin of record <<<<
Serial version:
Elapsed time: 1.234887 s
Performance:  0.434753 Gflop/s
>>>> End of record <<<<
>>>> Begin of record <<<<
Block size: 480x1
Grid size : 35x1
Shared memory size: 140 bytes
GPU kernel version: naive
Checking ... PASSED
Elapsed time: 0.345520 s
Performance:  1.553806 Gflop/s
>>>> End of record <<<<
kernel:0Matrix size: 16384
Adjusted matrix size: 16384
>>>> Begin of record <<<<
Serial version:
Elapsed time: 1.235850 s
Performance:  0.434414 Gflop/s
>>>> End of record <<<<
>>>> Begin of record <<<<
Block size: 496x1
Grid size : 34x1
Shared memory size: 140 bytes
GPU kernel version: naive
Checking ... PASSED
Elapsed time: 0.388323 s
Performance:  1.382537 Gflop/s
>>>> End of record <<<<
kernel:0Matrix size: 16384
Adjusted matrix size: 16384
>>>> Begin of record <<<<
Serial version:
Elapsed time: 1.264367 s
Performance:  0.424616 Gflop/s
>>>> End of record <<<<
>>>> Begin of record <<<<
Block size: 512x1
Grid size : 32x1
Shared memory size: 140 bytes
GPU kernel version: naive
Checking ... PASSED
Elapsed time: 0.364621 s
Performance:  1.472408 Gflop/s
>>>> End of record <<<<
Benchmark ended on Mon Jan 16 02:14:04 EET 2017 in termi3
