Benchmark started on Mon Jan 16 01:07:11 EET 2017 in termi1
kernel:1Matrix size: 1024
Adjusted matrix size: 1024
>>>> Begin of record <<<<
Serial version:
Elapsed time: 0.004781 s
Performance:  0.438643 Gflop/s
>>>> End of record <<<<
>>>> Begin of record <<<<
Block size: 16x1
Grid size : 64x1
Shared memory size: 140 bytes
transposedGPU kernel version: coalesced
Checking ... PASSED
Elapsed time: 0.001645 s
Performance:  1.274864 Gflop/s
>>>> End of record <<<<
kernel:1Matrix size: 1024
Adjusted matrix size: 1024
>>>> Begin of record <<<<
Serial version:
Elapsed time: 0.004773 s
Performance:  0.439378 Gflop/s
>>>> End of record <<<<
>>>> Begin of record <<<<
Block size: 32x1
Grid size : 32x1
Shared memory size: 140 bytes
transposedGPU kernel version: coalesced
Checking ... PASSED
Elapsed time: 0.001633 s
Performance:  1.284233 Gflop/s
>>>> End of record <<<<
kernel:1Matrix size: 1024
Adjusted matrix size: 1024
>>>> Begin of record <<<<
Serial version:
Elapsed time: 0.004778 s
Performance:  0.438918 Gflop/s
>>>> End of record <<<<
>>>> Begin of record <<<<
Block size: 48x1
Grid size : 22x1
Shared memory size: 140 bytes
transposedGPU kernel version: coalesced
Checking ... PASSED
Elapsed time: 0.001635 s
Performance:  1.282662 Gflop/s
>>>> End of record <<<<
kernel:1Matrix size: 1024
Adjusted matrix size: 1024
>>>> Begin of record <<<<
Serial version:
Elapsed time: 0.004793 s
Performance:  0.437545 Gflop/s
>>>> End of record <<<<
>>>> Begin of record <<<<
Block size: 64x1
Grid size : 16x1
Shared memory size: 140 bytes
transposedGPU kernel version: coalesced
Checking ... PASSED
Elapsed time: 0.001642 s
Performance:  1.277194 Gflop/s
>>>> End of record <<<<
kernel:1Matrix size: 1024
Adjusted matrix size: 1024
>>>> Begin of record <<<<
Serial version:
Elapsed time: 0.004758 s
Performance:  0.440763 Gflop/s
>>>> End of record <<<<
>>>> Begin of record <<<<
Block size: 80x1
Grid size : 13x1
Shared memory size: 140 bytes
transposedGPU kernel version: coalesced
Checking ... PASSED
Elapsed time: 0.001647 s
Performance:  1.273316 Gflop/s
>>>> End of record <<<<
kernel:1Matrix size: 1024
Adjusted matrix size: 1024
>>>> Begin of record <<<<
Serial version:
Elapsed time: 0.004786 s
Performance:  0.438185 Gflop/s
>>>> End of record <<<<
>>>> Begin of record <<<<
Block size: 96x1
Grid size : 11x1
Shared memory size: 140 bytes
transposedGPU kernel version: coalesced
Checking ... PASSED
Elapsed time: 0.001636 s
Performance:  1.281878 Gflop/s
>>>> End of record <<<<
kernel:1Matrix size: 1024
Adjusted matrix size: 1024
>>>> Begin of record <<<<
Serial version:
Elapsed time: 0.004766 s
Performance:  0.440023 Gflop/s
>>>> End of record <<<<
>>>> Begin of record <<<<
Block size: 112x1
Grid size : 10x1
Shared memory size: 140 bytes
transposedGPU kernel version: coalesced
Checking ... PASSED
Elapsed time: 0.001644 s
Performance:  1.275640 Gflop/s
>>>> End of record <<<<
kernel:1Matrix size: 1024
Adjusted matrix size: 1024
>>>> Begin of record <<<<
Serial version:
Elapsed time: 0.004774 s
Performance:  0.439286 Gflop/s
>>>> End of record <<<<
>>>> Begin of record <<<<
Block size: 128x1
Grid size : 8x1
Shared memory size: 140 bytes
transposedGPU kernel version: coalesced
Checking ... PASSED
Elapsed time: 0.001632 s
Performance:  1.285020 Gflop/s
>>>> End of record <<<<
kernel:1Matrix size: 1024
Adjusted matrix size: 1024
>>>> Begin of record <<<<
Serial version:
Elapsed time: 0.004784 s
Performance:  0.438368 Gflop/s
>>>> End of record <<<<
>>>> Begin of record <<<<
Block size: 144x1
Grid size : 8x1
Shared memory size: 140 bytes
transposedGPU kernel version: coalesced
Checking ... PASSED
Elapsed time: 0.001655 s
Performance:  1.267161 Gflop/s
>>>> End of record <<<<
kernel:1Matrix size: 1024
Adjusted matrix size: 1024
>>>> Begin of record <<<<
Serial version:
Elapsed time: 0.004776 s
Performance:  0.439102 Gflop/s
>>>> End of record <<<<
>>>> Begin of record <<<<
Block size: 160x1
Grid size : 7x1
Shared memory size: 140 bytes
transposedGPU kernel version: coalesced
Checking ... PASSED
Elapsed time: 0.001647 s
Performance:  1.273316 Gflop/s
>>>> End of record <<<<
kernel:1Matrix size: 1024
Adjusted matrix size: 1024
>>>> Begin of record <<<<
Serial version:
Elapsed time: 0.004778 s
Performance:  0.438918 Gflop/s
>>>> End of record <<<<
>>>> Begin of record <<<<
Block size: 176x1
Grid size : 6x1
Shared memory size: 140 bytes
transposedGPU kernel version: coalesced
Checking ... PASSED
Elapsed time: 0.001661 s
Performance:  1.262584 Gflop/s
>>>> End of record <<<<
kernel:1Matrix size: 1024
Adjusted matrix size: 1024
>>>> Begin of record <<<<
Serial version:
Elapsed time: 0.004790 s
Performance:  0.437819 Gflop/s
>>>> End of record <<<<
>>>> Begin of record <<<<
Block size: 192x1
Grid size : 6x1
Shared memory size: 140 bytes
transposedGPU kernel version: coalesced
Checking ... PASSED
Elapsed time: 0.001648 s
Performance:  1.272544 Gflop/s
>>>> End of record <<<<
kernel:1Matrix size: 1024
Adjusted matrix size: 1024
>>>> Begin of record <<<<
Serial version:
Elapsed time: 0.004769 s
Performance:  0.439747 Gflop/s
>>>> End of record <<<<
>>>> Begin of record <<<<
Block size: 208x1
Grid size : 5x1
Shared memory size: 140 bytes
transposedGPU kernel version: coalesced
Checking ... PASSED
Elapsed time: 0.001676 s
Performance:  1.251284 Gflop/s
>>>> End of record <<<<
kernel:1Matrix size: 1024
Adjusted matrix size: 1024
>>>> Begin of record <<<<
Serial version:
Elapsed time: 0.004766 s
Performance:  0.440023 Gflop/s
>>>> End of record <<<<
>>>> Begin of record <<<<
Block size: 224x1
Grid size : 5x1
Shared memory size: 140 bytes
transposedGPU kernel version: coalesced
Checking ... PASSED
Elapsed time: 0.001662 s
Performance:  1.261824 Gflop/s
>>>> End of record <<<<
kernel:1Matrix size: 1024
Adjusted matrix size: 1024
>>>> Begin of record <<<<
Serial version:
Elapsed time: 0.004769 s
Performance:  0.439747 Gflop/s
>>>> End of record <<<<
>>>> Begin of record <<<<
Block size: 240x1
Grid size : 5x1
Shared memory size: 140 bytes
transposedGPU kernel version: coalesced
Checking ... PASSED
Elapsed time: 0.001684 s
Performance:  1.245340 Gflop/s
>>>> End of record <<<<
kernel:1Matrix size: 1024
Adjusted matrix size: 1024
>>>> Begin of record <<<<
Serial version:
Elapsed time: 0.004765 s
Performance:  0.440116 Gflop/s
>>>> End of record <<<<
>>>> Begin of record <<<<
Block size: 256x1
Grid size : 4x1
Shared memory size: 140 bytes
transposedGPU kernel version: coalesced
Checking ... PASSED
Elapsed time: 0.001662 s
Performance:  1.261824 Gflop/s
>>>> End of record <<<<
kernel:1Matrix size: 1024
Adjusted matrix size: 1024
>>>> Begin of record <<<<
Serial version:
Elapsed time: 0.004764 s
Performance:  0.440208 Gflop/s
>>>> End of record <<<<
>>>> Begin of record <<<<
Block size: 272x1
Grid size : 4x1
Shared memory size: 140 bytes
transposedGPU kernel version: coalesced
Checking ... PASSED
Elapsed time: 0.001687 s
Performance:  1.243125 Gflop/s
>>>> End of record <<<<
kernel:1Matrix size: 1024
Adjusted matrix size: 1024
>>>> Begin of record <<<<
Serial version:
Elapsed time: 0.004759 s
Performance:  0.440671 Gflop/s
>>>> End of record <<<<
>>>> Begin of record <<<<
Block size: 288x1
Grid size : 4x1
Shared memory size: 140 bytes
transposedGPU kernel version: coalesced
Checking ... PASSED
Elapsed time: 0.001677 s
Performance:  1.250538 Gflop/s
>>>> End of record <<<<
kernel:1Matrix size: 1024
Adjusted matrix size: 1024
>>>> Begin of record <<<<
Serial version:
Elapsed time: 0.004781 s
Performance:  0.438643 Gflop/s
>>>> End of record <<<<
>>>> Begin of record <<<<
Block size: 304x1
Grid size : 4x1
Shared memory size: 140 bytes
transposedGPU kernel version: coalesced
Checking ... PASSED
Elapsed time: 0.001697 s
Performance:  1.235800 Gflop/s
>>>> End of record <<<<
kernel:1Matrix size: 1024
Adjusted matrix size: 1024
>>>> Begin of record <<<<
Serial version:
Elapsed time: 0.004767 s
Performance:  0.439931 Gflop/s
>>>> End of record <<<<
>>>> Begin of record <<<<
Block size: 320x1
Grid size : 4x1
Shared memory size: 140 bytes
transposedGPU kernel version: coalesced
Checking ... PASSED
Elapsed time: 0.001687 s
Performance:  1.243125 Gflop/s
>>>> End of record <<<<
kernel:1Matrix size: 1024
Adjusted matrix size: 1024
>>>> Begin of record <<<<
Serial version:
Elapsed time: 0.004767 s
Performance:  0.439931 Gflop/s
>>>> End of record <<<<
>>>> Begin of record <<<<
Block size: 336x1
Grid size : 4x1
Shared memory size: 140 bytes
transposedGPU kernel version: coalesced
Checking ... PASSED
Elapsed time: 0.001709 s
Performance:  1.227122 Gflop/s
>>>> End of record <<<<
kernel:1Matrix size: 1024
Adjusted matrix size: 1024
>>>> Begin of record <<<<
Serial version:
Elapsed time: 0.004766 s
Performance:  0.440023 Gflop/s
>>>> End of record <<<<
>>>> Begin of record <<<<
Block size: 352x1
Grid size : 3x1
Shared memory size: 140 bytes
transposedGPU kernel version: coalesced
Checking ... PASSED
Elapsed time: 0.001703 s
Performance:  1.231446 Gflop/s
>>>> End of record <<<<
kernel:1Matrix size: 1024
Adjusted matrix size: 1024
>>>> Begin of record <<<<
Serial version:
Elapsed time: 0.004780 s
Performance:  0.438735 Gflop/s
>>>> End of record <<<<
>>>> Begin of record <<<<
Block size: 368x1
Grid size : 3x1
Shared memory size: 140 bytes
transposedGPU kernel version: coalesced
Checking ... PASSED
Elapsed time: 0.001721 s
Performance:  1.218566 Gflop/s
>>>> End of record <<<<
kernel:1Matrix size: 1024
Adjusted matrix size: 1024
>>>> Begin of record <<<<
Serial version:
Elapsed time: 0.004773 s
Performance:  0.439378 Gflop/s
>>>> End of record <<<<
>>>> Begin of record <<<<
Block size: 384x1
Grid size : 3x1
Shared memory size: 140 bytes
transposedGPU kernel version: coalesced
Checking ... PASSED
Elapsed time: 0.001708 s
Performance:  1.227841 Gflop/s
>>>> End of record <<<<
kernel:1Matrix size: 1024
Adjusted matrix size: 1024
>>>> Begin of record <<<<
Serial version:
Elapsed time: 0.004781 s
Performance:  0.438643 Gflop/s
>>>> End of record <<<<
>>>> Begin of record <<<<
Block size: 400x1
Grid size : 3x1
Shared memory size: 140 bytes
transposedGPU kernel version: coalesced
Checking ... PASSED
Elapsed time: 0.001739 s
Performance:  1.205953 Gflop/s
>>>> End of record <<<<
kernel:1Matrix size: 1024
Adjusted matrix size: 1024
>>>> Begin of record <<<<
Serial version:
Elapsed time: 0.004768 s
Performance:  0.439839 Gflop/s
>>>> End of record <<<<
>>>> Begin of record <<<<
Block size: 416x1
Grid size : 3x1
Shared memory size: 140 bytes
transposedGPU kernel version: coalesced
Checking ... PASSED
Elapsed time: 0.001745 s
Performance:  1.201806 Gflop/s
>>>> End of record <<<<
kernel:1Matrix size: 1024
Adjusted matrix size: 1024
>>>> Begin of record <<<<
Serial version:
Elapsed time: 0.004769 s
Performance:  0.439747 Gflop/s
>>>> End of record <<<<
>>>> Begin of record <<<<
Block size: 432x1
Grid size : 3x1
Shared memory size: 140 bytes
transposedGPU kernel version: coalesced
Checking ... PASSED
Elapsed time: 0.001750 s
Performance:  1.198373 Gflop/s
>>>> End of record <<<<
kernel:1Matrix size: 1024
Adjusted matrix size: 1024
>>>> Begin of record <<<<
Serial version:
Elapsed time: 0.004785 s
Performance:  0.438276 Gflop/s
>>>> End of record <<<<
>>>> Begin of record <<<<
Block size: 448x1
Grid size : 3x1
Shared memory size: 140 bytes
transposedGPU kernel version: coalesced
Checking ... PASSED
Elapsed time: 0.001748 s
Performance:  1.199744 Gflop/s
>>>> End of record <<<<
kernel:1Matrix size: 1024
Adjusted matrix size: 1024
>>>> Begin of record <<<<
Serial version:
Elapsed time: 0.004766 s
Performance:  0.440023 Gflop/s
>>>> End of record <<<<
>>>> Begin of record <<<<
Block size: 464x1
Grid size : 3x1
Shared memory size: 140 bytes
transposedGPU kernel version: coalesced
Checking ... PASSED
Elapsed time: 0.001795 s
Performance:  1.168330 Gflop/s
>>>> End of record <<<<
kernel:1Matrix size: 1024
Adjusted matrix size: 1024
>>>> Begin of record <<<<
Serial version:
Elapsed time: 0.004767 s
Performance:  0.439931 Gflop/s
>>>> End of record <<<<
>>>> Begin of record <<<<
Block size: 480x1
Grid size : 3x1
Shared memory size: 140 bytes
transposedGPU kernel version: coalesced
Checking ... PASSED
Elapsed time: 0.001781 s
Performance:  1.177514 Gflop/s
>>>> End of record <<<<
kernel:1Matrix size: 1024
Adjusted matrix size: 1024
>>>> Begin of record <<<<
Serial version:
Elapsed time: 0.004771 s
Performance:  0.439562 Gflop/s
>>>> End of record <<<<
>>>> Begin of record <<<<
Block size: 496x1
Grid size : 3x1
Shared memory size: 140 bytes
transposedGPU kernel version: coalesced
Checking ... PASSED
Elapsed time: 0.001787 s
Performance:  1.173560 Gflop/s
>>>> End of record <<<<
kernel:1Matrix size: 1024
Adjusted matrix size: 1024
>>>> Begin of record <<<<
Serial version:
Elapsed time: 0.004765 s
Performance:  0.440116 Gflop/s
>>>> End of record <<<<
>>>> Begin of record <<<<
Block size: 512x1
Grid size : 2x1
Shared memory size: 140 bytes
transposedGPU kernel version: coalesced
Checking ... PASSED
Elapsed time: 0.001782 s
Performance:  1.176853 Gflop/s
>>>> End of record <<<<
kernel:1Matrix size: 2048
Adjusted matrix size: 2048
>>>> Begin of record <<<<
Serial version:
Elapsed time: 0.019262 s
Performance:  0.435500 Gflop/s
>>>> End of record <<<<
>>>> Begin of record <<<<
Block size: 16x1
Grid size : 128x1
Shared memory size: 140 bytes
transposedGPU kernel version: coalesced
Checking ... PASSED
Elapsed time: 0.006411 s
Performance:  1.308471 Gflop/s
>>>> End of record <<<<
kernel:1Matrix size: 2048
Adjusted matrix size: 2048
>>>> Begin of record <<<<
Serial version:
Elapsed time: 0.019330 s
Performance:  0.433968 Gflop/s
>>>> End of record <<<<
>>>> Begin of record <<<<
Block size: 32x1
Grid size : 64x1
Shared memory size: 140 bytes
transposedGPU kernel version: coalesced
Checking ... PASSED
Elapsed time: 0.003273 s
Performance:  2.562972 Gflop/s
>>>> End of record <<<<
kernel:1Matrix size: 2048
Adjusted matrix size: 2048
>>>> Begin of record <<<<
Serial version:
Elapsed time: 0.019264 s
Performance:  0.435455 Gflop/s
>>>> End of record <<<<
>>>> Begin of record <<<<
Block size: 48x1
Grid size : 43x1
Shared memory size: 140 bytes
transposedGPU kernel version: coalesced
Checking ... PASSED
Elapsed time: 0.003322 s
Performance:  2.525168 Gflop/s
>>>> End of record <<<<
kernel:1Matrix size: 2048
Adjusted matrix size: 2048
>>>> Begin of record <<<<
Serial version:
Elapsed time: 0.019268 s
Performance:  0.435365 Gflop/s
>>>> End of record <<<<
>>>> Begin of record <<<<
Block size: 64x1
Grid size : 32x1
Shared memory size: 140 bytes
transposedGPU kernel version: coalesced
Checking ... PASSED
Elapsed time: 0.003270 s
Performance:  2.565324 Gflop/s
>>>> End of record <<<<
kernel:1Matrix size: 2048
Adjusted matrix size: 2048
>>>> Begin of record <<<<
Serial version:
Elapsed time: 0.019247 s
Performance:  0.435840 Gflop/s
>>>> End of record <<<<
>>>> Begin of record <<<<
Block size: 80x1
Grid size : 26x1
Shared memory size: 140 bytes
transposedGPU kernel version: coalesced
Checking ... PASSED
Elapsed time: 0.003337 s
Performance:  2.513817 Gflop/s
>>>> End of record <<<<
kernel:1Matrix size: 2048
Adjusted matrix size: 2048
>>>> Begin of record <<<<
Serial version:
Elapsed time: 0.019274 s
Performance:  0.435229 Gflop/s
>>>> End of record <<<<
>>>> Begin of record <<<<
Block size: 96x1
Grid size : 22x1
Shared memory size: 140 bytes
transposedGPU kernel version: coalesced
Checking ... PASSED
Elapsed time: 0.003265 s
Performance:  2.569252 Gflop/s
>>>> End of record <<<<
kernel:1Matrix size: 2048
Adjusted matrix size: 2048
>>>> Begin of record <<<<
Serial version:
Elapsed time: 0.019278 s
Performance:  0.435139 Gflop/s
>>>> End of record <<<<
>>>> Begin of record <<<<
Block size: 112x1
Grid size : 19x1
Shared memory size: 140 bytes
transposedGPU kernel version: coalesced
Checking ... PASSED
Elapsed time: 0.003338 s
Performance:  2.513064 Gflop/s
>>>> End of record <<<<
kernel:1Matrix size: 2048
Adjusted matrix size: 2048
>>>> Begin of record <<<<
Serial version:
Elapsed time: 0.019339 s
Performance:  0.433766 Gflop/s
>>>> End of record <<<<
>>>> Begin of record <<<<
Block size: 128x1
Grid size : 16x1
Shared memory size: 140 bytes
transposedGPU kernel version: coalesced
Checking ... PASSED
Elapsed time: 0.003307 s
Performance:  2.536622 Gflop/s
>>>> End of record <<<<
kernel:1Matrix size: 2048
Adjusted matrix size: 2048
>>>> Begin of record <<<<
Serial version:
Elapsed time: 0.019255 s
Performance:  0.435659 Gflop/s
>>>> End of record <<<<
>>>> Begin of record <<<<
Block size: 144x1
Grid size : 15x1
Shared memory size: 140 bytes
transposedGPU kernel version: coalesced
Checking ... PASSED
Elapsed time: 0.003377 s
Performance:  2.484041 Gflop/s
>>>> End of record <<<<
kernel:1Matrix size: 2048
Adjusted matrix size: 2048
>>>> Begin of record <<<<
Serial version:
Elapsed time: 0.019265 s
Performance:  0.435433 Gflop/s
>>>> End of record <<<<
>>>> Begin of record <<<<
Block size: 160x1
Grid size : 13x1
Shared memory size: 140 bytes
transposedGPU kernel version: coalesced
Checking ... PASSED
Elapsed time: 0.003369 s
Performance:  2.489940 Gflop/s
>>>> End of record <<<<
kernel:1Matrix size: 2048
Adjusted matrix size: 2048
>>>> Begin of record <<<<
Serial version:
Elapsed time: 0.019255 s
Performance:  0.435659 Gflop/s
>>>> End of record <<<<
>>>> Begin of record <<<<
Block size: 176x1
Grid size : 12x1
Shared memory size: 140 bytes
transposedGPU kernel version: coalesced
Checking ... PASSED
Elapsed time: 0.003292 s
Performance:  2.548180 Gflop/s
>>>> End of record <<<<
kernel:1Matrix size: 2048
Adjusted matrix size: 2048
>>>> Begin of record <<<<
Serial version:
Elapsed time: 0.019261 s
Performance:  0.435523 Gflop/s
>>>> End of record <<<<
>>>> Begin of record <<<<
Block size: 192x1
Grid size : 11x1
Shared memory size: 140 bytes
transposedGPU kernel version: coalesced
Checking ... PASSED
Elapsed time: 0.003272 s
Performance:  2.563756 Gflop/s
>>>> End of record <<<<
kernel:1Matrix size: 2048
Adjusted matrix size: 2048
>>>> Begin of record <<<<
Serial version:
Elapsed time: 0.019331 s
Performance:  0.433946 Gflop/s
>>>> End of record <<<<
>>>> Begin of record <<<<
Block size: 208x1
Grid size : 10x1
Shared memory size: 140 bytes
transposedGPU kernel version: coalesced
Checking ... PASSED
Elapsed time: 0.003323 s
Performance:  2.524408 Gflop/s
>>>> End of record <<<<
kernel:1Matrix size: 2048
Adjusted matrix size: 2048
>>>> Begin of record <<<<
Serial version:
Elapsed time: 0.019261 s
Performance:  0.435523 Gflop/s
>>>> End of record <<<<
>>>> Begin of record <<<<
Block size: 224x1
Grid size : 10x1
Shared memory size: 140 bytes
transposedGPU kernel version: coalesced
Checking ... PASSED
Elapsed time: 0.003292 s
Performance:  2.548180 Gflop/s
>>>> End of record <<<<
kernel:1Matrix size: 2048
Adjusted matrix size: 2048
>>>> Begin of record <<<<
Serial version:
Elapsed time: 0.019407 s
Performance:  0.432247 Gflop/s
>>>> End of record <<<<
>>>> Begin of record <<<<
Block size: 240x1
Grid size : 9x1
Shared memory size: 140 bytes
transposedGPU kernel version: coalesced
Checking ... PASSED
Elapsed time: 0.003340 s
Performance:  2.511559 Gflop/s
>>>> End of record <<<<
kernel:1Matrix size: 2048
Adjusted matrix size: 2048
>>>> Begin of record <<<<
Serial version:
Elapsed time: 0.019250 s
Performance:  0.435772 Gflop/s
>>>> End of record <<<<
>>>> Begin of record <<<<
Block size: 256x1
Grid size : 8x1
Shared memory size: 140 bytes
transposedGPU kernel version: coalesced
Checking ... PASSED
Elapsed time: 0.003294 s
Performance:  2.546633 Gflop/s
>>>> End of record <<<<
kernel:1Matrix size: 2048
Adjusted matrix size: 2048
>>>> Begin of record <<<<
Serial version:
Elapsed time: 0.019262 s
Performance:  0.435500 Gflop/s
>>>> End of record <<<<
>>>> Begin of record <<<<
Block size: 272x1
Grid size : 8x1
Shared memory size: 140 bytes
transposedGPU kernel version: coalesced
Checking ... PASSED
Elapsed time: 0.003347 s
Performance:  2.506307 Gflop/s
>>>> End of record <<<<
kernel:1Matrix size: 2048
Adjusted matrix size: 2048
>>>> Begin of record <<<<
Serial version:
Elapsed time: 0.019262 s
Performance:  0.435500 Gflop/s
>>>> End of record <<<<
>>>> Begin of record <<<<
Block size: 288x1
Grid size : 8x1
Shared memory size: 140 bytes
transposedGPU kernel version: coalesced
Checking ... PASSED
Elapsed time: 0.003337 s
Performance:  2.513817 Gflop/s
>>>> End of record <<<<
kernel:1Matrix size: 2048
Adjusted matrix size: 2048
>>>> Begin of record <<<<
Serial version:
Elapsed time: 0.019292 s
Performance:  0.434823 Gflop/s
>>>> End of record <<<<
>>>> Begin of record <<<<
Block size: 304x1
Grid size : 7x1
Shared memory size: 140 bytes
transposedGPU kernel version: coalesced
Checking ... PASSED
Elapsed time: 0.003359 s
Performance:  2.497353 Gflop/s
>>>> End of record <<<<
kernel:1Matrix size: 2048
Adjusted matrix size: 2048
>>>> Begin of record <<<<
Serial version:
Elapsed time: 0.019257 s
Performance:  0.435613 Gflop/s
>>>> End of record <<<<
>>>> Begin of record <<<<
Block size: 320x1
Grid size : 7x1
Shared memory size: 140 bytes
transposedGPU kernel version: coalesced
Checking ... PASSED
Elapsed time: 0.003337 s
Performance:  2.513817 Gflop/s
>>>> End of record <<<<
kernel:1Matrix size: 2048
Adjusted matrix size: 2048
>>>> Begin of record <<<<
Serial version:
Elapsed time: 0.019278 s
Performance:  0.435139 Gflop/s
>>>> End of record <<<<
>>>> Begin of record <<<<
Block size: 336x1
Grid size : 7x1
Shared memory size: 140 bytes
transposedGPU kernel version: coalesced
Checking ... PASSED
Elapsed time: 0.003401 s
Performance:  2.466512 Gflop/s
>>>> End of record <<<<
kernel:1Matrix size: 2048
Adjusted matrix size: 2048
>>>> Begin of record <<<<
Serial version:
Elapsed time: 0.019281 s
Performance:  0.435071 Gflop/s
>>>> End of record <<<<
>>>> Begin of record <<<<
Block size: 352x1
Grid size : 6x1
Shared memory size: 140 bytes
transposedGPU kernel version: coalesced
Checking ... PASSED
Elapsed time: 0.003380 s
Performance:  2.481837 Gflop/s
>>>> End of record <<<<
kernel:1Matrix size: 2048
Adjusted matrix size: 2048
>>>> Begin of record <<<<
Serial version:
Elapsed time: 0.019281 s
Performance:  0.435071 Gflop/s
>>>> End of record <<<<
>>>> Begin of record <<<<
Block size: 368x1
Grid size : 6x1
Shared memory size: 140 bytes
transposedGPU kernel version: coalesced
Checking ... PASSED
Elapsed time: 0.003395 s
Performance:  2.470871 Gflop/s
>>>> End of record <<<<
kernel:1Matrix size: 2048
Adjusted matrix size: 2048
>>>> Begin of record <<<<
Serial version:
Elapsed time: 0.019343 s
Performance:  0.433677 Gflop/s
>>>> End of record <<<<
>>>> Begin of record <<<<
Block size: 384x1
Grid size : 6x1
Shared memory size: 140 bytes
transposedGPU kernel version: coalesced
Checking ... PASSED
Elapsed time: 0.003391 s
Performance:  2.473786 Gflop/s
>>>> End of record <<<<
kernel:1Matrix size: 2048
Adjusted matrix size: 2048
>>>> Begin of record <<<<
Serial version:
Elapsed time: 0.019358 s
Performance:  0.433341 Gflop/s
>>>> End of record <<<<
>>>> Begin of record <<<<
Block size: 400x1
Grid size : 6x1
Shared memory size: 140 bytes
transposedGPU kernel version: coalesced
Checking ... PASSED
Elapsed time: 0.003445 s
Performance:  2.435010 Gflop/s
>>>> End of record <<<<
kernel:1Matrix size: 2048
Adjusted matrix size: 2048
>>>> Begin of record <<<<
Serial version:
Elapsed time: 0.019247 s
Performance:  0.435840 Gflop/s
>>>> End of record <<<<
>>>> Begin of record <<<<
Block size: 416x1
Grid size : 5x1
Shared memory size: 140 bytes
transposedGPU kernel version: coalesced
Checking ... PASSED
Elapsed time: 0.003450 s
Performance:  2.431481 Gflop/s
>>>> End of record <<<<
kernel:1Matrix size: 2048
Adjusted matrix size: 2048
>>>> Begin of record <<<<
Serial version:
Elapsed time: 0.019268 s
Performance:  0.435365 Gflop/s
>>>> End of record <<<<
>>>> Begin of record <<<<
Block size: 432x1
Grid size : 5x1
Shared memory size: 140 bytes
transposedGPU kernel version: coalesced
Checking ... PASSED
Elapsed time: 0.003464 s
Performance:  2.421654 Gflop/s
>>>> End of record <<<<
kernel:1Matrix size: 2048
Adjusted matrix size: 2048
>>>> Begin of record <<<<
Serial version:
Elapsed time: 0.019263 s
Performance:  0.435478 Gflop/s
>>>> End of record <<<<
>>>> Begin of record <<<<
Block size: 448x1
Grid size : 5x1
Shared memory size: 140 bytes
transposedGPU kernel version: coalesced
Checking ... PASSED
Elapsed time: 0.003452 s
Performance:  2.430072 Gflop/s
>>>> End of record <<<<
kernel:1Matrix size: 2048
Adjusted matrix size: 2048
>>>> Begin of record <<<<
Serial version:
Elapsed time: 0.019339 s
Performance:  0.433766 Gflop/s
>>>> End of record <<<<
>>>> Begin of record <<<<
Block size: 464x1
Grid size : 5x1
Shared memory size: 140 bytes
transposedGPU kernel version: coalesced
Checking ... PASSED
Elapsed time: 0.003508 s
Performance:  2.391279 Gflop/s
>>>> End of record <<<<
kernel:1Matrix size: 2048
Adjusted matrix size: 2048
>>>> Begin of record <<<<
Serial version:
Elapsed time: 0.019251 s
Performance:  0.435749 Gflop/s
>>>> End of record <<<<
>>>> Begin of record <<<<
Block size: 480x1
Grid size : 5x1
Shared memory size: 140 bytes
transposedGPU kernel version: coalesced
Checking ... PASSED
Elapsed time: 0.003534 s
Performance:  2.373686 Gflop/s
>>>> End of record <<<<
kernel:1Matrix size: 2048
Adjusted matrix size: 2048
>>>> Begin of record <<<<
Serial version:
Elapsed time: 0.019266 s
Performance:  0.435410 Gflop/s
>>>> End of record <<<<
>>>> Begin of record <<<<
Block size: 496x1
Grid size : 5x1
Shared memory size: 140 bytes
transposedGPU kernel version: coalesced
Checking ... PASSED
Elapsed time: 0.003539 s
Performance:  2.370333 Gflop/s
>>>> End of record <<<<
kernel:1Matrix size: 2048
Adjusted matrix size: 2048
>>>> Begin of record <<<<
Serial version:
Elapsed time: 0.019258 s
Performance:  0.435591 Gflop/s
>>>> End of record <<<<
>>>> Begin of record <<<<
Block size: 512x1
Grid size : 4x1
Shared memory size: 140 bytes
transposedGPU kernel version: coalesced
Checking ... PASSED
Elapsed time: 0.003539 s
Performance:  2.370333 Gflop/s
>>>> End of record <<<<
kernel:1Matrix size: 4096
Adjusted matrix size: 4096
>>>> Begin of record <<<<
Serial version:
Elapsed time: 0.077140 s
Performance:  0.434981 Gflop/s
>>>> End of record <<<<
>>>> Begin of record <<<<
Block size: 16x1
Grid size : 256x1
Shared memory size: 140 bytes
transposedGPU kernel version: coalesced
Checking ... PASSED
Elapsed time: 0.019217 s
Performance:  1.746081 Gflop/s
>>>> End of record <<<<
kernel:1Matrix size: 4096
Adjusted matrix size: 4096
>>>> Begin of record <<<<
Serial version:
Elapsed time: 0.077506 s
Performance:  0.432927 Gflop/s
>>>> End of record <<<<
>>>> Begin of record <<<<
Block size: 32x1
Grid size : 128x1
Shared memory size: 140 bytes
transposedGPU kernel version: coalesced
Checking ... PASSED
Elapsed time: 0.012793 s
Performance:  2.622874 Gflop/s
>>>> End of record <<<<
kernel:1Matrix size: 4096
Adjusted matrix size: 4096
>>>> Begin of record <<<<
Serial version:
Elapsed time: 0.077144 s
Performance:  0.434958 Gflop/s
>>>> End of record <<<<
>>>> Begin of record <<<<
Block size: 48x1
Grid size : 86x1
Shared memory size: 140 bytes
transposedGPU kernel version: coalesced
Checking ... PASSED
Elapsed time: 0.007159 s
Performance:  4.687028 Gflop/s
>>>> End of record <<<<
kernel:1Matrix size: 4096
Adjusted matrix size: 4096
>>>> Begin of record <<<<
Serial version:
Elapsed time: 0.077103 s
Performance:  0.435190 Gflop/s
>>>> End of record <<<<
>>>> Begin of record <<<<
Block size: 64x1
Grid size : 64x1
Shared memory size: 140 bytes
transposedGPU kernel version: coalesced
Checking ... PASSED
Elapsed time: 0.006734 s
Performance:  4.982838 Gflop/s
>>>> End of record <<<<
kernel:1Matrix size: 4096
Adjusted matrix size: 4096
>>>> Begin of record <<<<
Serial version:
Elapsed time: 0.077138 s
Performance:  0.434992 Gflop/s
>>>> End of record <<<<
>>>> Begin of record <<<<
Block size: 80x1
Grid size : 52x1
Shared memory size: 140 bytes
transposedGPU kernel version: coalesced
Checking ... PASSED
Elapsed time: 0.007297 s
Performance:  4.598387 Gflop/s
>>>> End of record <<<<
kernel:1Matrix size: 4096
Adjusted matrix size: 4096
>>>> Begin of record <<<<
Serial version:
Elapsed time: 0.077167 s
Performance:  0.434829 Gflop/s
>>>> End of record <<<<
>>>> Begin of record <<<<
Block size: 96x1
Grid size : 43x1
Shared memory size: 140 bytes
transposedGPU kernel version: coalesced
Checking ... PASSED
Elapsed time: 0.006904 s
Performance:  4.860144 Gflop/s
>>>> End of record <<<<
kernel:1Matrix size: 4096
Adjusted matrix size: 4096
>>>> Begin of record <<<<
Serial version:
Elapsed time: 0.077114 s
Performance:  0.435128 Gflop/s
>>>> End of record <<<<
>>>> Begin of record <<<<
Block size: 112x1
Grid size : 37x1
Shared memory size: 140 bytes
transposedGPU kernel version: coalesced
Checking ... PASSED
Elapsed time: 0.007149 s
Performance:  4.693584 Gflop/s
>>>> End of record <<<<
kernel:1Matrix size: 4096
Adjusted matrix size: 4096
>>>> Begin of record <<<<
Serial version:
Elapsed time: 0.077118 s
Performance:  0.435105 Gflop/s
>>>> End of record <<<<
>>>> Begin of record <<<<
Block size: 128x1
Grid size : 32x1
Shared memory size: 140 bytes
transposedGPU kernel version: coalesced
Checking ... PASSED
Elapsed time: 0.006858 s
Performance:  4.892743 Gflop/s
>>>> End of record <<<<
kernel:1Matrix size: 4096
Adjusted matrix size: 4096
>>>> Begin of record <<<<
Serial version:
Elapsed time: 0.077126 s
Performance:  0.435060 Gflop/s
>>>> End of record <<<<
>>>> Begin of record <<<<
Block size: 144x1
Grid size : 29x1
Shared memory size: 140 bytes
transposedGPU kernel version: coalesced
Checking ... PASSED
Elapsed time: 0.007224 s
Performance:  4.644855 Gflop/s
>>>> End of record <<<<
kernel:1Matrix size: 4096
Adjusted matrix size: 4096
>>>> Begin of record <<<<
Serial version:
Elapsed time: 0.077044 s
Performance:  0.435523 Gflop/s
>>>> End of record <<<<
>>>> Begin of record <<<<
Block size: 160x1
Grid size : 26x1
Shared memory size: 140 bytes
transposedGPU kernel version: coalesced
Checking ... PASSED
Elapsed time: 0.007244 s
Performance:  4.632031 Gflop/s
>>>> End of record <<<<
kernel:1Matrix size: 4096
Adjusted matrix size: 4096
>>>> Begin of record <<<<
Serial version:
Elapsed time: 0.077452 s
Performance:  0.433229 Gflop/s
>>>> End of record <<<<
>>>> Begin of record <<<<
Block size: 176x1
Grid size : 24x1
Shared memory size: 140 bytes
transposedGPU kernel version: coalesced
Checking ... PASSED
Elapsed time: 0.006871 s
Performance:  4.883486 Gflop/s
>>>> End of record <<<<
kernel:1Matrix size: 4096
Adjusted matrix size: 4096
>>>> Begin of record <<<<
Serial version:
Elapsed time: 0.077130 s
Performance:  0.435037 Gflop/s
>>>> End of record <<<<
>>>> Begin of record <<<<
Block size: 192x1
Grid size : 22x1
Shared memory size: 140 bytes
transposedGPU kernel version: coalesced
Checking ... PASSED
Elapsed time: 0.006801 s
Performance:  4.933750 Gflop/s
>>>> End of record <<<<
kernel:1Matrix size: 4096
Adjusted matrix size: 4096
>>>> Begin of record <<<<
Serial version:
Elapsed time: 0.077491 s
Performance:  0.433011 Gflop/s
>>>> End of record <<<<
>>>> Begin of record <<<<
Block size: 208x1
Grid size : 20x1
Shared memory size: 140 bytes
transposedGPU kernel version: coalesced
Checking ... PASSED
Elapsed time: 0.007034 s
Performance:  4.770320 Gflop/s
>>>> End of record <<<<
kernel:1Matrix size: 4096
Adjusted matrix size: 4096
>>>> Begin of record <<<<
Serial version:
Elapsed time: 0.077088 s
Performance:  0.435274 Gflop/s
>>>> End of record <<<<
>>>> Begin of record <<<<
Block size: 224x1
Grid size : 19x1
Shared memory size: 140 bytes
transposedGPU kernel version: coalesced
Checking ... PASSED
Elapsed time: 0.007003 s
Performance:  4.791437 Gflop/s
>>>> End of record <<<<
kernel:1Matrix size: 4096
Adjusted matrix size: 4096
>>>> Begin of record <<<<
Serial version:
Elapsed time: 0.077139 s
Performance:  0.434987 Gflop/s
>>>> End of record <<<<
>>>> Begin of record <<<<
Block size: 240x1
Grid size : 18x1
Shared memory size: 140 bytes
transposedGPU kernel version: coalesced
Checking ... PASSED
Elapsed time: 0.007245 s
Performance:  4.631392 Gflop/s
>>>> End of record <<<<
kernel:1Matrix size: 4096
Adjusted matrix size: 4096
>>>> Begin of record <<<<
Serial version:
Elapsed time: 0.077171 s
Performance:  0.434806 Gflop/s
>>>> End of record <<<<
>>>> Begin of record <<<<
Block size: 256x1
Grid size : 16x1
Shared memory size: 140 bytes
transposedGPU kernel version: coalesced
Checking ... PASSED
Elapsed time: 0.007199 s
Performance:  4.660985 Gflop/s
>>>> End of record <<<<
kernel:1Matrix size: 4096
Adjusted matrix size: 4096
>>>> Begin of record <<<<
Serial version:
Elapsed time: 0.077122 s
Performance:  0.435082 Gflop/s
>>>> End of record <<<<
>>>> Begin of record <<<<
Block size: 272x1
Grid size : 16x1
Shared memory size: 140 bytes
transposedGPU kernel version: coalesced
Checking ... PASSED
Elapsed time: 0.007518 s
Performance:  4.463213 Gflop/s
>>>> End of record <<<<
kernel:1Matrix size: 4096
Adjusted matrix size: 4096
>>>> Begin of record <<<<
Serial version:
Elapsed time: 0.077166 s
Performance:  0.434834 Gflop/s
>>>> End of record <<<<
>>>> Begin of record <<<<
Block size: 288x1
Grid size : 15x1
Shared memory size: 140 bytes
transposedGPU kernel version: coalesced
Checking ... PASSED
Elapsed time: 0.007507 s
Performance:  4.469752 Gflop/s
>>>> End of record <<<<
kernel:1Matrix size: 4096
Adjusted matrix size: 4096
>>>> Begin of record <<<<
Serial version:
Elapsed time: 0.077167 s
Performance:  0.434829 Gflop/s
>>>> End of record <<<<
>>>> Begin of record <<<<
Block size: 304x1
Grid size : 14x1
Shared memory size: 140 bytes
transposedGPU kernel version: coalesced
Checking ... PASSED
Elapsed time: 0.007855 s
Performance:  4.271729 Gflop/s
>>>> End of record <<<<
kernel:1Matrix size: 4096
Adjusted matrix size: 4096
>>>> Begin of record <<<<
Serial version:
Elapsed time: 0.077161 s
Performance:  0.434863 Gflop/s
>>>> End of record <<<<
>>>> Begin of record <<<<
Block size: 320x1
Grid size : 13x1
Shared memory size: 140 bytes
transposedGPU kernel version: coalesced
Checking ... PASSED
Elapsed time: 0.007539 s
Performance:  4.450780 Gflop/s
>>>> End of record <<<<
kernel:1Matrix size: 4096
Adjusted matrix size: 4096
>>>> Begin of record <<<<
Serial version:
Elapsed time: 0.077134 s
Performance:  0.435015 Gflop/s
>>>> End of record <<<<
>>>> Begin of record <<<<
Block size: 336x1
Grid size : 13x1
Shared memory size: 140 bytes
transposedGPU kernel version: coalesced
Checking ... PASSED
Elapsed time: 0.007284 s
Performance:  4.606594 Gflop/s
>>>> End of record <<<<
kernel:1Matrix size: 4096
Adjusted matrix size: 4096
>>>> Begin of record <<<<
Serial version:
Elapsed time: 0.077106 s
Performance:  0.435173 Gflop/s
>>>> End of record <<<<
>>>> Begin of record <<<<
Block size: 352x1
Grid size : 12x1
Shared memory size: 140 bytes
transposedGPU kernel version: coalesced
Checking ... PASSED
Elapsed time: 0.006710 s
Performance:  5.000661 Gflop/s
>>>> End of record <<<<
kernel:1Matrix size: 4096
Adjusted matrix size: 4096
>>>> Begin of record <<<<
Serial version:
Elapsed time: 0.077134 s
Performance:  0.435015 Gflop/s
>>>> End of record <<<<
>>>> Begin of record <<<<
Block size: 368x1
Grid size : 12x1
Shared memory size: 140 bytes
transposedGPU kernel version: coalesced
Checking ... PASSED
Elapsed time: 0.006757 s
Performance:  4.965877 Gflop/s
>>>> End of record <<<<
kernel:1Matrix size: 4096
Adjusted matrix size: 4096
>>>> Begin of record <<<<
Serial version:
Elapsed time: 0.077089 s
Performance:  0.435269 Gflop/s
>>>> End of record <<<<
>>>> Begin of record <<<<
Block size: 384x1
Grid size : 11x1
Shared memory size: 140 bytes
transposedGPU kernel version: coalesced
Checking ... PASSED
Elapsed time: 0.006729 s
Performance:  4.986541 Gflop/s
>>>> End of record <<<<
kernel:1Matrix size: 4096
Adjusted matrix size: 4096
>>>> Begin of record <<<<
Serial version:
Elapsed time: 0.077114 s
Performance:  0.435128 Gflop/s
>>>> End of record <<<<
>>>> Begin of record <<<<
Block size: 400x1
Grid size : 11x1
Shared memory size: 140 bytes
transposedGPU kernel version: coalesced
Checking ... PASSED
Elapsed time: 0.006863 s
Performance:  4.889178 Gflop/s
>>>> End of record <<<<
kernel:1Matrix size: 4096
Adjusted matrix size: 4096
>>>> Begin of record <<<<
Serial version:
Elapsed time: 0.077094 s
Performance:  0.435241 Gflop/s
>>>> End of record <<<<
>>>> Begin of record <<<<
Block size: 416x1
Grid size : 10x1
Shared memory size: 140 bytes
transposedGPU kernel version: coalesced
Checking ... PASSED
Elapsed time: 0.006841 s
Performance:  4.904902 Gflop/s
>>>> End of record <<<<
kernel:1Matrix size: 4096
Adjusted matrix size: 4096
>>>> Begin of record <<<<
Serial version:
Elapsed time: 0.077481 s
Performance:  0.433067 Gflop/s
>>>> End of record <<<<
>>>> Begin of record <<<<
Block size: 432x1
Grid size : 10x1
Shared memory size: 140 bytes
transposedGPU kernel version: coalesced
Checking ... PASSED
Elapsed time: 0.006877 s
Performance:  4.879225 Gflop/s
>>>> End of record <<<<
kernel:1Matrix size: 4096
Adjusted matrix size: 4096
>>>> Begin of record <<<<
Serial version:
Elapsed time: 0.077433 s
Performance:  0.433335 Gflop/s
>>>> End of record <<<<
>>>> Begin of record <<<<
Block size: 448x1
Grid size : 10x1
Shared memory size: 140 bytes
transposedGPU kernel version: coalesced
Checking ... PASSED
Elapsed time: 0.006855 s
Performance:  4.894884 Gflop/s
>>>> End of record <<<<
kernel:1Matrix size: 4096
Adjusted matrix size: 4096
>>>> Begin of record <<<<
Serial version:
Elapsed time: 0.077123 s
Performance:  0.435077 Gflop/s
>>>> End of record <<<<
>>>> Begin of record <<<<
Block size: 464x1
Grid size : 9x1
Shared memory size: 140 bytes
transposedGPU kernel version: coalesced
Checking ... PASSED
Elapsed time: 0.006987 s
Performance:  4.802409 Gflop/s
>>>> End of record <<<<
kernel:1Matrix size: 4096
Adjusted matrix size: 4096
>>>> Begin of record <<<<
Serial version:
Elapsed time: 0.077057 s
Performance:  0.435449 Gflop/s
>>>> End of record <<<<
>>>> Begin of record <<<<
Block size: 480x1
Grid size : 9x1
Shared memory size: 140 bytes
transposedGPU kernel version: coalesced
Checking ... PASSED
Elapsed time: 0.007021 s
Performance:  4.779153 Gflop/s
>>>> End of record <<<<
kernel:1Matrix size: 4096
Adjusted matrix size: 4096
>>>> Begin of record <<<<
Serial version:
Elapsed time: 0.077434 s
Performance:  0.433329 Gflop/s
>>>> End of record <<<<
>>>> Begin of record <<<<
Block size: 496x1
Grid size : 9x1
Shared memory size: 140 bytes
transposedGPU kernel version: coalesced
Checking ... PASSED
Elapsed time: 0.007041 s
Performance:  4.765578 Gflop/s
>>>> End of record <<<<
kernel:1Matrix size: 4096
Adjusted matrix size: 4096
>>>> Begin of record <<<<
Serial version:
Elapsed time: 0.077057 s
Performance:  0.435449 Gflop/s
>>>> End of record <<<<
>>>> Begin of record <<<<
Block size: 512x1
Grid size : 8x1
Shared memory size: 140 bytes
transposedGPU kernel version: coalesced
Checking ... PASSED
Elapsed time: 0.007023 s
Performance:  4.777792 Gflop/s
>>>> End of record <<<<
kernel:1Matrix size: 7168
Adjusted matrix size: 7168
>>>> Begin of record <<<<
Serial version:
Elapsed time: 0.235314 s
Performance:  0.436695 Gflop/s
>>>> End of record <<<<
>>>> Begin of record <<<<
Block size: 16x1
Grid size : 448x1
Shared memory size: 140 bytes
transposedGPU kernel version: coalesced
Checking ... PASSED
Elapsed time: 0.045753 s
Performance:  2.245983 Gflop/s
>>>> End of record <<<<
kernel:1Matrix size: 7168
Adjusted matrix size: 7168
>>>> Begin of record <<<<
Serial version:
Elapsed time: 0.236920 s
Performance:  0.433735 Gflop/s
>>>> End of record <<<<
>>>> Begin of record <<<<
Block size: 32x1
Grid size : 224x1
Shared memory size: 140 bytes
transposedGPU kernel version: coalesced
Checking ... PASSED
Elapsed time: 0.022978 s
Performance:  4.472123 Gflop/s
>>>> End of record <<<<
kernel:1Matrix size: 7168
Adjusted matrix size: 7168
>>>> Begin of record <<<<
Serial version:
Elapsed time: 0.236929 s
Performance:  0.433718 Gflop/s
>>>> End of record <<<<
>>>> Begin of record <<<<
Block size: 48x1
Grid size : 150x1
Shared memory size: 140 bytes
transposedGPU kernel version: coalesced
Checking ... PASSED
Elapsed time: 0.023176 s
Performance:  4.433916 Gflop/s
>>>> End of record <<<<
kernel:1Matrix size: 7168
Adjusted matrix size: 7168
>>>> Begin of record <<<<
Serial version:
Elapsed time: 0.236961 s
Performance:  0.433660 Gflop/s
>>>> End of record <<<<
>>>> Begin of record <<<<
Block size: 64x1
Grid size : 112x1
Shared memory size: 140 bytes
transposedGPU kernel version: coalesced
Checking ... PASSED
Elapsed time: 0.012833 s
Performance:  8.007516 Gflop/s
>>>> End of record <<<<
kernel:1Matrix size: 7168
Adjusted matrix size: 7168
>>>> Begin of record <<<<
Serial version:
Elapsed time: 0.234472 s
Performance:  0.438263 Gflop/s
>>>> End of record <<<<
>>>> Begin of record <<<<
Block size: 80x1
Grid size : 90x1
Shared memory size: 140 bytes
transposedGPU kernel version: coalesced
Checking ... PASSED
Elapsed time: 0.015433 s
Performance:  6.658488 Gflop/s
>>>> End of record <<<<
kernel:1Matrix size: 7168
Adjusted matrix size: 7168
>>>> Begin of record <<<<
Serial version:
Elapsed time: 0.213850 s
Performance:  0.480526 Gflop/s
>>>> End of record <<<<
>>>> Begin of record <<<<
Block size: 96x1
Grid size : 75x1
Shared memory size: 140 bytes
transposedGPU kernel version: coalesced
Checking ... PASSED
Elapsed time: 0.013750 s
Performance:  7.473487 Gflop/s
>>>> End of record <<<<
kernel:1Matrix size: 7168
Adjusted matrix size: 7168
>>>> Begin of record <<<<
Serial version:
Elapsed time: 0.236867 s
Performance:  0.433832 Gflop/s
>>>> End of record <<<<
>>>> Begin of record <<<<
Block size: 112x1
Grid size : 64x1
Shared memory size: 140 bytes
transposedGPU kernel version: coalesced
Checking ... PASSED
Elapsed time: 0.014543 s
Performance:  7.065973 Gflop/s
>>>> End of record <<<<
kernel:1Matrix size: 7168
Adjusted matrix size: 7168
>>>> Begin of record <<<<
Serial version:
Elapsed time: 0.236505 s
Performance:  0.434496 Gflop/s
>>>> End of record <<<<
>>>> Begin of record <<<<
Block size: 128x1
Grid size : 56x1
Shared memory size: 140 bytes
transposedGPU kernel version: coalesced
Checking ... PASSED
Elapsed time: 0.014289 s
Performance:  7.191577 Gflop/s
>>>> End of record <<<<
kernel:1Matrix size: 7168
Adjusted matrix size: 7168
>>>> Begin of record <<<<
Serial version:
Elapsed time: 0.236840 s
Performance:  0.433881 Gflop/s
>>>> End of record <<<<
>>>> Begin of record <<<<
Block size: 144x1
Grid size : 50x1
Shared memory size: 140 bytes
transposedGPU kernel version: coalesced
Checking ... PASSED
Elapsed time: 0.016817 s
Performance:  6.110510 Gflop/s
>>>> End of record <<<<
kernel:1Matrix size: 7168
Adjusted matrix size: 7168
>>>> Begin of record <<<<
Serial version:
Elapsed time: 0.236973 s
Performance:  0.433638 Gflop/s
>>>> End of record <<<<
>>>> Begin of record <<<<
Block size: 160x1
Grid size : 45x1
Shared memory size: 140 bytes
transposedGPU kernel version: coalesced
Checking ... PASSED
Elapsed time: 0.014322 s
Performance:  7.175007 Gflop/s
>>>> End of record <<<<
kernel:1Matrix size: 7168
Adjusted matrix size: 7168
>>>> Begin of record <<<<
Serial version:
Elapsed time: 0.236934 s
Performance:  0.433709 Gflop/s
>>>> End of record <<<<
>>>> Begin of record <<<<
Block size: 176x1
Grid size : 41x1
Shared memory size: 140 bytes
transposedGPU kernel version: coalesced
Checking ... PASSED
Elapsed time: 0.016032 s
Performance:  6.409709 Gflop/s
>>>> End of record <<<<
kernel:1Matrix size: 7168
Adjusted matrix size: 7168
>>>> Begin of record <<<<
Serial version:
Elapsed time: 0.236975 s
Performance:  0.433634 Gflop/s
>>>> End of record <<<<
>>>> Begin of record <<<<
Block size: 192x1
Grid size : 38x1
Shared memory size: 140 bytes
transposedGPU kernel version: coalesced
Checking ... PASSED
Elapsed time: 0.015917 s
Performance:  6.456019 Gflop/s
>>>> End of record <<<<
kernel:1Matrix size: 7168
Adjusted matrix size: 7168
>>>> Begin of record <<<<
Serial version:
Elapsed time: 0.234682 s
Performance:  0.437871 Gflop/s
>>>> End of record <<<<
>>>> Begin of record <<<<
Block size: 208x1
Grid size : 35x1
Shared memory size: 140 bytes
transposedGPU kernel version: coalesced
Checking ... PASSED
Elapsed time: 0.014896 s
Performance:  6.898526 Gflop/s
>>>> End of record <<<<
kernel:1Matrix size: 7168
Adjusted matrix size: 7168
>>>> Begin of record <<<<
Serial version:
Elapsed time: 0.235587 s
Performance:  0.436189 Gflop/s
>>>> End of record <<<<
>>>> Begin of record <<<<
Block size: 224x1
Grid size : 32x1
Shared memory size: 140 bytes
transposedGPU kernel version: coalesced
Checking ... PASSED
Elapsed time: 0.014762 s
Performance:  6.961147 Gflop/s
>>>> End of record <<<<
kernel:1Matrix size: 7168
Adjusted matrix size: 7168
>>>> Begin of record <<<<
Serial version:
Elapsed time: 0.237217 s
Performance:  0.433192 Gflop/s
>>>> End of record <<<<
>>>> Begin of record <<<<
Block size: 240x1
Grid size : 30x1
Shared memory size: 140 bytes
transposedGPU kernel version: coalesced
Checking ... PASSED
Elapsed time: 0.015782 s
Performance:  6.511244 Gflop/s
>>>> End of record <<<<
kernel:1Matrix size: 7168
Adjusted matrix size: 7168
>>>> Begin of record <<<<
Serial version:
Elapsed time: 0.236869 s
Performance:  0.433828 Gflop/s
>>>> End of record <<<<
>>>> Begin of record <<<<
Block size: 256x1
Grid size : 28x1
Shared memory size: 140 bytes
transposedGPU kernel version: coalesced
Checking ... PASSED
Elapsed time: 0.015716 s
Performance:  6.538588 Gflop/s
>>>> End of record <<<<
kernel:1Matrix size: 7168
Adjusted matrix size: 7168
>>>> Begin of record <<<<
Serial version:
Elapsed time: 0.215041 s
Performance:  0.477864 Gflop/s
>>>> End of record <<<<
>>>> Begin of record <<<<
Block size: 272x1
Grid size : 27x1
Shared memory size: 140 bytes
transposedGPU kernel version: coalesced
Checking ... PASSED
Elapsed time: 0.017680 s
Performance:  5.812243 Gflop/s
>>>> End of record <<<<
kernel:1Matrix size: 7168
Adjusted matrix size: 7168
>>>> Begin of record <<<<
Serial version:
Elapsed time: 0.236063 s
Performance:  0.435309 Gflop/s
>>>> End of record <<<<
>>>> Begin of record <<<<
Block size: 288x1
Grid size : 25x1
Shared memory size: 140 bytes
transposedGPU kernel version: coalesced
Checking ... PASSED
Elapsed time: 0.016843 s
Performance:  6.101077 Gflop/s
>>>> End of record <<<<
kernel:1Matrix size: 7168
Adjusted matrix size: 7168
>>>> Begin of record <<<<
Serial version:
Elapsed time: 0.236361 s
Performance:  0.434761 Gflop/s
>>>> End of record <<<<
>>>> Begin of record <<<<
Block size: 304x1
Grid size : 24x1
Shared memory size: 140 bytes
transposedGPU kernel version: coalesced
Checking ... PASSED
Elapsed time: 0.013739 s
Performance:  7.479471 Gflop/s
>>>> End of record <<<<
kernel:1Matrix size: 7168
Adjusted matrix size: 7168
>>>> Begin of record <<<<
Serial version:
Elapsed time: 0.237012 s
Performance:  0.433566 Gflop/s
>>>> End of record <<<<
>>>> Begin of record <<<<
Block size: 320x1
Grid size : 23x1
Shared memory size: 140 bytes
transposedGPU kernel version: coalesced
Checking ... PASSED
Elapsed time: 0.013718 s
Performance:  7.490921 Gflop/s
>>>> End of record <<<<
kernel:1Matrix size: 7168
Adjusted matrix size: 7168
>>>> Begin of record <<<<
Serial version:
Elapsed time: 0.232464 s
Performance:  0.442049 Gflop/s
>>>> End of record <<<<
>>>> Begin of record <<<<
Block size: 336x1
Grid size : 22x1
Shared memory size: 140 bytes
transposedGPU kernel version: coalesced
Checking ... PASSED
Elapsed time: 0.014615 s
Performance:  7.031163 Gflop/s
>>>> End of record <<<<
kernel:1Matrix size: 7168
Adjusted matrix size: 7168
>>>> Begin of record <<<<
Serial version:
Elapsed time: 0.236115 s
Performance:  0.435214 Gflop/s
>>>> End of record <<<<
>>>> Begin of record <<<<
Block size: 352x1
Grid size : 21x1
Shared memory size: 140 bytes
transposedGPU kernel version: coalesced
Checking ... PASSED
Elapsed time: 0.014607 s
Performance:  7.035014 Gflop/s
>>>> End of record <<<<
kernel:1Matrix size: 7168
Adjusted matrix size: 7168
>>>> Begin of record <<<<
Serial version:
Elapsed time: 0.236513 s
Performance:  0.434481 Gflop/s
>>>> End of record <<<<
>>>> Begin of record <<<<
Block size: 368x1
Grid size : 20x1
Shared memory size: 140 bytes
transposedGPU kernel version: coalesced
Checking ... PASSED
Elapsed time: 0.015449 s
Performance:  6.651592 Gflop/s
>>>> End of record <<<<
kernel:1Matrix size: 7168
Adjusted matrix size: 7168
>>>> Begin of record <<<<
Serial version:
Elapsed time: 0.237126 s
Performance:  0.433358 Gflop/s
>>>> End of record <<<<
>>>> Begin of record <<<<
Block size: 384x1
Grid size : 19x1
Shared memory size: 140 bytes
transposedGPU kernel version: coalesced
Checking ... PASSED
Elapsed time: 0.015419 s
Performance:  6.664534 Gflop/s
>>>> End of record <<<<
kernel:1Matrix size: 7168
Adjusted matrix size: 7168
>>>> Begin of record <<<<
Serial version:
Elapsed time: 0.235541 s
Performance:  0.436274 Gflop/s
>>>> End of record <<<<
>>>> Begin of record <<<<
Block size: 400x1
Grid size : 18x1
Shared memory size: 140 bytes
transposedGPU kernel version: coalesced
Checking ... PASSED
Elapsed time: 0.016769 s
Performance:  6.128001 Gflop/s
>>>> End of record <<<<
kernel:1Matrix size: 7168
Adjusted matrix size: 7168
>>>> Begin of record <<<<
Serial version:
Elapsed time: 0.236899 s
Performance:  0.433773 Gflop/s
>>>> End of record <<<<
>>>> Begin of record <<<<
Block size: 416x1
Grid size : 18x1
Shared memory size: 140 bytes
transposedGPU kernel version: coalesced
Checking ... PASSED
Elapsed time: 0.016494 s
Performance:  6.230171 Gflop/s
>>>> End of record <<<<
kernel:1Matrix size: 7168
Adjusted matrix size: 7168
>>>> Begin of record <<<<
Serial version:
Elapsed time: 0.236239 s
Performance:  0.434985 Gflop/s
>>>> End of record <<<<
>>>> Begin of record <<<<
Block size: 432x1
Grid size : 17x1
Shared memory size: 140 bytes
transposedGPU kernel version: coalesced
Checking ... PASSED
Elapsed time: 0.017710 s
Performance:  5.802397 Gflop/s
>>>> End of record <<<<
kernel:1Matrix size: 7168
Adjusted matrix size: 7168
>>>> Begin of record <<<<
Serial version:
Elapsed time: 0.236514 s
Performance:  0.434479 Gflop/s
>>>> End of record <<<<
>>>> Begin of record <<<<
Block size: 448x1
Grid size : 16x1
Shared memory size: 140 bytes
transposedGPU kernel version: coalesced
Checking ... PASSED
Elapsed time: 0.017550 s
Performance:  5.855296 Gflop/s
>>>> End of record <<<<
kernel:1Matrix size: 7168
Adjusted matrix size: 7168
>>>> Begin of record <<<<
Serial version:
Elapsed time: 0.236998 s
Performance:  0.433592 Gflop/s
>>>> End of record <<<<
>>>> Begin of record <<<<
Block size: 464x1
Grid size : 16x1
Shared memory size: 140 bytes
transposedGPU kernel version: coalesced
Checking ... PASSED
Elapsed time: 0.019583 s
Performance:  5.247431 Gflop/s
>>>> End of record <<<<
kernel:1Matrix size: 7168
Adjusted matrix size: 7168
>>>> Begin of record <<<<
Serial version:
Elapsed time: 0.236917 s
Performance:  0.433740 Gflop/s
>>>> End of record <<<<
>>>> Begin of record <<<<
Block size: 480x1
Grid size : 15x1
Shared memory size: 140 bytes
transposedGPU kernel version: coalesced
Checking ... PASSED
Elapsed time: 0.018915 s
Performance:  5.432749 Gflop/s
>>>> End of record <<<<
kernel:1Matrix size: 7168
Adjusted matrix size: 7168
>>>> Begin of record <<<<
Serial version:
Elapsed time: 0.236880 s
Performance:  0.433808 Gflop/s
>>>> End of record <<<<
>>>> Begin of record <<<<
Block size: 496x1
Grid size : 15x1
Shared memory size: 140 bytes
transposedGPU kernel version: coalesced
Checking ... PASSED
Elapsed time: 0.020074 s
Performance:  5.119082 Gflop/s
>>>> End of record <<<<
kernel:1Matrix size: 7168
Adjusted matrix size: 7168
>>>> Begin of record <<<<
Serial version:
Elapsed time: 0.237541 s
Performance:  0.432601 Gflop/s
>>>> End of record <<<<
>>>> Begin of record <<<<
Block size: 512x1
Grid size : 14x1
Shared memory size: 140 bytes
transposedGPU kernel version: coalesced
Checking ... PASSED
Elapsed time: 0.020140 s
Performance:  5.102306 Gflop/s
>>>> End of record <<<<
kernel:1Matrix size: 8192
Adjusted matrix size: 8192
>>>> Begin of record <<<<
Serial version:
Elapsed time: 0.271647 s
Performance:  0.494089 Gflop/s
>>>> End of record <<<<
>>>> Begin of record <<<<
Block size: 16x1
Grid size : 512x1
Shared memory size: 140 bytes
transposedGPU kernel version: coalesced
Checking ... PASSED
Elapsed time: 0.064538 s
Performance:  2.079670 Gflop/s
>>>> End of record <<<<
kernel:1Matrix size: 8192
Adjusted matrix size: 8192
>>>> Begin of record <<<<
Serial version:
Elapsed time: 0.271170 s
Performance:  0.494958 Gflop/s
>>>> End of record <<<<
>>>> Begin of record <<<<
Block size: 32x1
Grid size : 256x1
Shared memory size: 140 bytes
transposedGPU kernel version: coalesced
Checking ... PASSED
Elapsed time: 0.038438 s
Performance:  3.491798 Gflop/s
>>>> End of record <<<<
kernel:1Matrix size: 8192
Adjusted matrix size: 8192
>>>> Begin of record <<<<
Serial version:
Elapsed time: 0.282087 s
Performance:  0.475803 Gflop/s
>>>> End of record <<<<
>>>> Begin of record <<<<
Block size: 48x1
Grid size : 171x1
Shared memory size: 140 bytes
transposedGPU kernel version: coalesced
Checking ... PASSED
Elapsed time: 0.027134 s
Performance:  4.946478 Gflop/s
>>>> End of record <<<<
kernel:1Matrix size: 8192
Adjusted matrix size: 8192
>>>> Begin of record <<<<
Serial version:
Elapsed time: 0.271311 s
Performance:  0.494701 Gflop/s
>>>> End of record <<<<
>>>> Begin of record <<<<
Block size: 64x1
Grid size : 128x1
Shared memory size: 140 bytes
transposedGPU kernel version: coalesced
Checking ... PASSED
Elapsed time: 0.026146 s
Performance:  5.133394 Gflop/s
>>>> End of record <<<<
kernel:1Matrix size: 8192
Adjusted matrix size: 8192
>>>> Begin of record <<<<
Serial version:
Elapsed time: 0.282070 s
Performance:  0.475831 Gflop/s
>>>> End of record <<<<
>>>> Begin of record <<<<
Block size: 80x1
Grid size : 103x1
Shared memory size: 140 bytes
transposedGPU kernel version: coalesced
Checking ... PASSED
Elapsed time: 0.018679 s
Performance:  7.185488 Gflop/s
>>>> End of record <<<<
kernel:1Matrix size: 8192
Adjusted matrix size: 8192
>>>> Begin of record <<<<
Serial version:
Elapsed time: 0.270357 s
Performance:  0.496446 Gflop/s
>>>> End of record <<<<
>>>> Begin of record <<<<
Block size: 96x1
Grid size : 86x1
Shared memory size: 140 bytes
transposedGPU kernel version: coalesced
Checking ... PASSED
Elapsed time: 0.017386 s
Performance:  7.719874 Gflop/s
>>>> End of record <<<<
kernel:1Matrix size: 8192
Adjusted matrix size: 8192
>>>> Begin of record <<<<
Serial version:
Elapsed time: 0.282319 s
Performance:  0.475412 Gflop/s
>>>> End of record <<<<
>>>> Begin of record <<<<
Block size: 112x1
Grid size : 74x1
Shared memory size: 140 bytes
transposedGPU kernel version: coalesced
Checking ... PASSED
Elapsed time: 0.019113 s
Performance:  7.022327 Gflop/s
>>>> End of record <<<<
kernel:1Matrix size: 8192
Adjusted matrix size: 8192
>>>> Begin of record <<<<
Serial version:
Elapsed time: 0.270257 s
Performance:  0.496630 Gflop/s
>>>> End of record <<<<
>>>> Begin of record <<<<
Block size: 128x1
Grid size : 64x1
Shared memory size: 140 bytes
transposedGPU kernel version: coalesced
Checking ... PASSED
Elapsed time: 0.016338 s
Performance:  8.215065 Gflop/s
>>>> End of record <<<<
kernel:1Matrix size: 8192
Adjusted matrix size: 8192
>>>> Begin of record <<<<
Serial version:
Elapsed time: 0.270051 s
Performance:  0.497009 Gflop/s
>>>> End of record <<<<
>>>> Begin of record <<<<
Block size: 144x1
Grid size : 57x1
Shared memory size: 140 bytes
transposedGPU kernel version: coalesced
Checking ... PASSED
Elapsed time: 0.019407 s
Performance:  6.915944 Gflop/s
>>>> End of record <<<<
kernel:1Matrix size: 8192
Adjusted matrix size: 8192
>>>> Begin of record <<<<
Serial version:
Elapsed time: 0.270132 s
Performance:  0.496860 Gflop/s
>>>> End of record <<<<
>>>> Begin of record <<<<
Block size: 160x1
Grid size : 52x1
Shared memory size: 140 bytes
transposedGPU kernel version: coalesced
Checking ... PASSED
Elapsed time: 0.019352 s
Performance:  6.935600 Gflop/s
>>>> End of record <<<<
kernel:1Matrix size: 8192
Adjusted matrix size: 8192
>>>> Begin of record <<<<
Serial version:
Elapsed time: 0.271292 s
Performance:  0.494735 Gflop/s
>>>> End of record <<<<
>>>> Begin of record <<<<
Block size: 176x1
Grid size : 47x1
Shared memory size: 140 bytes
transposedGPU kernel version: coalesced
Checking ... PASSED
Elapsed time: 0.018604 s
Performance:  7.214455 Gflop/s
>>>> End of record <<<<
kernel:1Matrix size: 8192
Adjusted matrix size: 8192
>>>> Begin of record <<<<
Serial version:
Elapsed time: 0.270234 s
Performance:  0.496672 Gflop/s
>>>> End of record <<<<
>>>> Begin of record <<<<
Block size: 192x1
Grid size : 43x1
Shared memory size: 140 bytes
transposedGPU kernel version: coalesced
Checking ... PASSED
Elapsed time: 0.018190 s
Performance:  7.378655 Gflop/s
>>>> End of record <<<<
kernel:1Matrix size: 8192
Adjusted matrix size: 8192
>>>> Begin of record <<<<
Serial version:
Elapsed time: 0.271055 s
Performance:  0.495168 Gflop/s
>>>> End of record <<<<
>>>> Begin of record <<<<
Block size: 208x1
Grid size : 40x1
Shared memory size: 140 bytes
transposedGPU kernel version: coalesced
Checking ... PASSED
Elapsed time: 0.020695 s
Performance:  6.485515 Gflop/s
>>>> End of record <<<<
kernel:1Matrix size: 8192
Adjusted matrix size: 8192
>>>> Begin of record <<<<
Serial version:
Elapsed time: 0.270060 s
Performance:  0.496992 Gflop/s
>>>> End of record <<<<
>>>> Begin of record <<<<
Block size: 224x1
Grid size : 37x1
Shared memory size: 140 bytes
transposedGPU kernel version: coalesced
Checking ... PASSED
Elapsed time: 0.019677 s
Performance:  6.821046 Gflop/s
>>>> End of record <<<<
kernel:1Matrix size: 8192
Adjusted matrix size: 8192
>>>> Begin of record <<<<
Serial version:
Elapsed time: 0.270321 s
Performance:  0.496512 Gflop/s
>>>> End of record <<<<
>>>> Begin of record <<<<
Block size: 240x1
Grid size : 35x1
Shared memory size: 140 bytes
transposedGPU kernel version: coalesced
Checking ... PASSED
Elapsed time: 0.018047 s
Performance:  7.437121 Gflop/s
>>>> End of record <<<<
kernel:1Matrix size: 8192
Adjusted matrix size: 8192
>>>> Begin of record <<<<
Serial version:
Elapsed time: 0.269835 s
Performance:  0.497407 Gflop/s
>>>> End of record <<<<
>>>> Begin of record <<<<
Block size: 256x1
Grid size : 32x1
Shared memory size: 140 bytes
transposedGPU kernel version: coalesced
Checking ... PASSED
Elapsed time: 0.017971 s
Performance:  7.468573 Gflop/s
>>>> End of record <<<<
kernel:1Matrix size: 8192
Adjusted matrix size: 8192
>>>> Begin of record <<<<
Serial version:
Elapsed time: 0.270293 s
Performance:  0.496564 Gflop/s
>>>> End of record <<<<
>>>> Begin of record <<<<
Block size: 272x1
Grid size : 31x1
Shared memory size: 140 bytes
transposedGPU kernel version: coalesced
Checking ... PASSED
Elapsed time: 0.020231 s
Performance:  6.634261 Gflop/s
>>>> End of record <<<<
kernel:1Matrix size: 8192
Adjusted matrix size: 8192
>>>> Begin of record <<<<
Serial version:
Elapsed time: 0.270250 s
Performance:  0.496643 Gflop/s
>>>> End of record <<<<
>>>> Begin of record <<<<
Block size: 288x1
Grid size : 29x1
Shared memory size: 140 bytes
transposedGPU kernel version: coalesced
Checking ... PASSED
Elapsed time: 0.020325 s
Performance:  6.603578 Gflop/s
>>>> End of record <<<<
kernel:1Matrix size: 8192
Adjusted matrix size: 8192
>>>> Begin of record <<<<
Serial version:
Elapsed time: 0.270070 s
Performance:  0.496974 Gflop/s
>>>> End of record <<<<
>>>> Begin of record <<<<
Block size: 304x1
Grid size : 27x1
Shared memory size: 140 bytes
transposedGPU kernel version: coalesced
Checking ... PASSED
Elapsed time: 0.022297 s
Performance:  6.019542 Gflop/s
>>>> End of record <<<<
kernel:1Matrix size: 8192
Adjusted matrix size: 8192
>>>> Begin of record <<<<
Serial version:
Elapsed time: 0.271273 s
Performance:  0.494770 Gflop/s
>>>> End of record <<<<
>>>> Begin of record <<<<
Block size: 320x1
Grid size : 26x1
Shared memory size: 140 bytes
transposedGPU kernel version: coalesced
Checking ... PASSED
Elapsed time: 0.021737 s
Performance:  6.174621 Gflop/s
>>>> End of record <<<<
kernel:1Matrix size: 8192
Adjusted matrix size: 8192
>>>> Begin of record <<<<
Serial version:
Elapsed time: 0.270216 s
Performance:  0.496705 Gflop/s
>>>> End of record <<<<
>>>> Begin of record <<<<
Block size: 336x1
Grid size : 25x1
Shared memory size: 140 bytes
transposedGPU kernel version: coalesced
Checking ... PASSED
Elapsed time: 0.020266 s
Performance:  6.622803 Gflop/s
>>>> End of record <<<<
kernel:1Matrix size: 8192
Adjusted matrix size: 8192
>>>> Begin of record <<<<
Serial version:
Elapsed time: 0.271320 s
Performance:  0.494684 Gflop/s
>>>> End of record <<<<
>>>> Begin of record <<<<
Block size: 352x1
Grid size : 24x1
Shared memory size: 140 bytes
transposedGPU kernel version: coalesced
Checking ... PASSED
Elapsed time: 0.016682 s
Performance:  8.045662 Gflop/s
>>>> End of record <<<<
kernel:1Matrix size: 8192
Adjusted matrix size: 8192
>>>> Begin of record <<<<
Serial version:
Elapsed time: 0.270417 s
Performance:  0.496336 Gflop/s
>>>> End of record <<<<
>>>> Begin of record <<<<
Block size: 368x1
Grid size : 23x1
Shared memory size: 140 bytes
transposedGPU kernel version: coalesced
Checking ... PASSED
Elapsed time: 0.017651 s
Performance:  7.603973 Gflop/s
>>>> End of record <<<<
kernel:1Matrix size: 8192
Adjusted matrix size: 8192
>>>> Begin of record <<<<
Serial version:
Elapsed time: 0.270106 s
Performance:  0.496908 Gflop/s
>>>> End of record <<<<
>>>> Begin of record <<<<
Block size: 384x1
Grid size : 22x1
Shared memory size: 140 bytes
transposedGPU kernel version: coalesced
Checking ... PASSED
Elapsed time: 0.017645 s
Performance:  7.606559 Gflop/s
>>>> End of record <<<<
kernel:1Matrix size: 8192
Adjusted matrix size: 8192
>>>> Begin of record <<<<
Serial version:
Elapsed time: 0.271499 s
Performance:  0.494358 Gflop/s
>>>> End of record <<<<
>>>> Begin of record <<<<
Block size: 400x1
Grid size : 21x1
Shared memory size: 140 bytes
transposedGPU kernel version: coalesced
Checking ... PASSED
Elapsed time: 0.019146 s
Performance:  7.010223 Gflop/s
>>>> End of record <<<<
kernel:1Matrix size: 8192
Adjusted matrix size: 8192
>>>> Begin of record <<<<
Serial version:
Elapsed time: 0.270234 s
Performance:  0.496672 Gflop/s
>>>> End of record <<<<
>>>> Begin of record <<<<
Block size: 416x1
Grid size : 20x1
Shared memory size: 140 bytes
transposedGPU kernel version: coalesced
Checking ... PASSED
Elapsed time: 0.018848 s
Performance:  7.121059 Gflop/s
>>>> End of record <<<<
kernel:1Matrix size: 8192
Adjusted matrix size: 8192
>>>> Begin of record <<<<
Serial version:
Elapsed time: 0.270397 s
Performance:  0.496373 Gflop/s
>>>> End of record <<<<
>>>> Begin of record <<<<
Block size: 432x1
Grid size : 19x1
Shared memory size: 140 bytes
transposedGPU kernel version: coalesced
Checking ... PASSED
Elapsed time: 0.020196 s
Performance:  6.645758 Gflop/s
>>>> End of record <<<<
kernel:1Matrix size: 8192
Adjusted matrix size: 8192
>>>> Begin of record <<<<
Serial version:
Elapsed time: 0.270383 s
Performance:  0.496399 Gflop/s
>>>> End of record <<<<
>>>> Begin of record <<<<
Block size: 448x1
Grid size : 19x1
Shared memory size: 140 bytes
transposedGPU kernel version: coalesced
Checking ... PASSED
Elapsed time: 0.020054 s
Performance:  6.692816 Gflop/s
>>>> End of record <<<<
kernel:1Matrix size: 8192
Adjusted matrix size: 8192
>>>> Begin of record <<<<
Serial version:
Elapsed time: 0.270272 s
Performance:  0.496602 Gflop/s
>>>> End of record <<<<
>>>> Begin of record <<<<
Block size: 464x1
Grid size : 18x1
Shared memory size: 140 bytes
transposedGPU kernel version: coalesced
Checking ... PASSED
Elapsed time: 0.022582 s
Performance:  5.943571 Gflop/s
>>>> End of record <<<<
kernel:1Matrix size: 8192
Adjusted matrix size: 8192
>>>> Begin of record <<<<
Serial version:
Elapsed time: 0.270327 s
Performance:  0.496501 Gflop/s
>>>> End of record <<<<
>>>> Begin of record <<<<
Block size: 480x1
Grid size : 18x1
Shared memory size: 140 bytes
transposedGPU kernel version: coalesced
Checking ... PASSED
Elapsed time: 0.021571 s
Performance:  6.222137 Gflop/s
>>>> End of record <<<<
kernel:1Matrix size: 8192
Adjusted matrix size: 8192
>>>> Begin of record <<<<
Serial version:
Elapsed time: 0.270182 s
Performance:  0.496768 Gflop/s
>>>> End of record <<<<
>>>> Begin of record <<<<
Block size: 496x1
Grid size : 17x1
Shared memory size: 140 bytes
transposedGPU kernel version: coalesced
Checking ... PASSED
Elapsed time: 0.025301 s
Performance:  5.304839 Gflop/s
>>>> End of record <<<<
kernel:1Matrix size: 8192
Adjusted matrix size: 8192
>>>> Begin of record <<<<
Serial version:
Elapsed time: 0.269982 s
Performance:  0.497136 Gflop/s
>>>> End of record <<<<
>>>> Begin of record <<<<
Block size: 512x1
Grid size : 16x1
Shared memory size: 140 bytes
transposedGPU kernel version: coalesced
Checking ... PASSED
Elapsed time: 0.023032 s
Performance:  5.827446 Gflop/s
>>>> End of record <<<<
kernel:1Matrix size: 14336
Adjusted matrix size: 14336
>>>> Begin of record <<<<
Serial version:
Elapsed time: 0.826973 s
Performance:  0.497044 Gflop/s
>>>> End of record <<<<
>>>> Begin of record <<<<
Block size: 16x1
Grid size : 896x1
Shared memory size: 140 bytes
transposedGPU kernel version: coalesced
Checking ... PASSED
Elapsed time: 0.183438 s
Performance:  2.240767 Gflop/s
>>>> End of record <<<<
kernel:1Matrix size: 14336
Adjusted matrix size: 14336
>>>> Begin of record <<<<
Serial version:
Elapsed time: 0.826893 s
Performance:  0.497092 Gflop/s
>>>> End of record <<<<
>>>> Begin of record <<<<
Block size: 32x1
Grid size : 448x1
Shared memory size: 140 bytes
transposedGPU kernel version: coalesced
Checking ... PASSED
Elapsed time: 0.091990 s
Performance:  4.468331 Gflop/s
>>>> End of record <<<<
kernel:1Matrix size: 14336
Adjusted matrix size: 14336
>>>> Begin of record <<<<
Serial version:
Elapsed time: 0.859775 s
Performance:  0.478081 Gflop/s
>>>> End of record <<<<
>>>> Begin of record <<<<
Block size: 48x1
Grid size : 299x1
Shared memory size: 140 bytes
transposedGPU kernel version: coalesced
Checking ... PASSED
Elapsed time: 0.073089 s
Performance:  5.623853 Gflop/s
>>>> End of record <<<<
kernel:1Matrix size: 14336
Adjusted matrix size: 14336
>>>> Begin of record <<<<
Serial version:
Elapsed time: 0.866211 s
Performance:  0.474528 Gflop/s
>>>> End of record <<<<
>>>> Begin of record <<<<
Block size: 64x1
Grid size : 224x1
Shared memory size: 140 bytes
transposedGPU kernel version: coalesced
Checking ... PASSED
Elapsed time: 0.051104 s
Performance:  8.043241 Gflop/s
>>>> End of record <<<<
kernel:1Matrix size: 14336
Adjusted matrix size: 14336
>>>> Begin of record <<<<
Serial version:
Elapsed time: 0.826902 s
Performance:  0.497086 Gflop/s
>>>> End of record <<<<
>>>> Begin of record <<<<
Block size: 80x1
Grid size : 180x1
Shared memory size: 140 bytes
transposedGPU kernel version: coalesced
Checking ... PASSED
Elapsed time: 0.055416 s
Performance:  7.417385 Gflop/s
>>>> End of record <<<<
kernel:1Matrix size: 14336
Adjusted matrix size: 14336
>>>> Begin of record <<<<
Serial version:
Elapsed time: 0.826844 s
Performance:  0.497121 Gflop/s
>>>> End of record <<<<
>>>> Begin of record <<<<
Block size: 96x1
Grid size : 150x1
Shared memory size: 140 bytes
transposedGPU kernel version: coalesced
Checking ... PASSED
Elapsed time: 0.052102 s
Performance:  7.889175 Gflop/s
>>>> End of record <<<<
kernel:1Matrix size: 14336
Adjusted matrix size: 14336
>>>> Begin of record <<<<
Serial version:
Elapsed time: 0.826849 s
Performance:  0.497118 Gflop/s
>>>> End of record <<<<
>>>> Begin of record <<<<
Block size: 112x1
Grid size : 128x1
Shared memory size: 140 bytes
transposedGPU kernel version: coalesced
Checking ... PASSED
Elapsed time: 0.061886 s
Performance:  6.641919 Gflop/s
>>>> End of record <<<<
kernel:1Matrix size: 14336
Adjusted matrix size: 14336
>>>> Begin of record <<<<
Serial version:
Elapsed time: 0.826885 s
Performance:  0.497097 Gflop/s
>>>> End of record <<<<
>>>> Begin of record <<<<
Block size: 128x1
Grid size : 112x1
Shared memory size: 140 bytes
transposedGPU kernel version: coalesced
Checking ... PASSED
Elapsed time: 0.041220 s
Performance:  9.971902 Gflop/s
>>>> End of record <<<<
kernel:1Matrix size: 14336
Adjusted matrix size: 14336
>>>> Begin of record <<<<
Serial version:
Elapsed time: 0.829715 s
Performance:  0.495401 Gflop/s
>>>> End of record <<<<
>>>> Begin of record <<<<
Block size: 144x1
Grid size : 100x1
Shared memory size: 140 bytes
transposedGPU kernel version: coalesced
Checking ... PASSED
Elapsed time: 0.050528 s
Performance:  8.134931 Gflop/s
>>>> End of record <<<<
kernel:1Matrix size: 14336
Adjusted matrix size: 14336
>>>> Begin of record <<<<
Serial version:
Elapsed time: 0.862914 s
Performance:  0.476342 Gflop/s
>>>> End of record <<<<
>>>> Begin of record <<<<
Block size: 160x1
Grid size : 90x1
Shared memory size: 140 bytes
transposedGPU kernel version: coalesced
Checking ... PASSED
Elapsed time: 0.046219 s
Performance:  8.893351 Gflop/s
>>>> End of record <<<<
kernel:1Matrix size: 14336
Adjusted matrix size: 14336
>>>> Begin of record <<<<
Serial version:
Elapsed time: 0.829586 s
Performance:  0.495478 Gflop/s
>>>> End of record <<<<
>>>> Begin of record <<<<
Block size: 176x1
Grid size : 82x1
Shared memory size: 140 bytes
transposedGPU kernel version: coalesced
Checking ... PASSED
Elapsed time: 0.053579 s
Performance:  7.671696 Gflop/s
>>>> End of record <<<<
kernel:1Matrix size: 14336
Adjusted matrix size: 14336
>>>> Begin of record <<<<
Serial version:
Elapsed time: 0.826667 s
Performance:  0.497228 Gflop/s
>>>> End of record <<<<
>>>> Begin of record <<<<
Block size: 192x1
Grid size : 75x1
Shared memory size: 140 bytes
transposedGPU kernel version: coalesced
Checking ... PASSED
Elapsed time: 0.046299 s
Performance:  8.877984 Gflop/s
>>>> End of record <<<<
kernel:1Matrix size: 14336
Adjusted matrix size: 14336
>>>> Begin of record <<<<
Serial version:
Elapsed time: 0.826778 s
Performance:  0.497161 Gflop/s
>>>> End of record <<<<
>>>> Begin of record <<<<
Block size: 208x1
Grid size : 69x1
Shared memory size: 140 bytes
transposedGPU kernel version: coalesced
Checking ... PASSED
Elapsed time: 0.053696 s
Performance:  7.654980 Gflop/s
>>>> End of record <<<<
kernel:1Matrix size: 14336
Adjusted matrix size: 14336
>>>> Begin of record <<<<
Serial version:
Elapsed time: 0.826943 s
Performance:  0.497062 Gflop/s
>>>> End of record <<<<
>>>> Begin of record <<<<
Block size: 224x1
Grid size : 64x1
Shared memory size: 140 bytes
transposedGPU kernel version: coalesced
Checking ... PASSED
Elapsed time: 0.045921 s
Performance:  8.951064 Gflop/s
>>>> End of record <<<<
kernel:1Matrix size: 14336
Adjusted matrix size: 14336
>>>> Begin of record <<<<
Serial version:
Elapsed time: 0.826565 s
Performance:  0.497289 Gflop/s
>>>> End of record <<<<
>>>> Begin of record <<<<
Block size: 240x1
Grid size : 60x1
Shared memory size: 140 bytes
transposedGPU kernel version: coalesced
Checking ... PASSED
Elapsed time: 0.052722 s
Performance:  7.796400 Gflop/s
>>>> End of record <<<<
kernel:1Matrix size: 14336
Adjusted matrix size: 14336
>>>> Begin of record <<<<
Serial version:
Elapsed time: 0.873964 s
Performance:  0.470319 Gflop/s
>>>> End of record <<<<
>>>> Begin of record <<<<
Block size: 256x1
Grid size : 56x1
Shared memory size: 140 bytes
transposedGPU kernel version: coalesced
Checking ... PASSED
Elapsed time: 0.050700 s
Performance:  8.107333 Gflop/s
>>>> End of record <<<<
kernel:1Matrix size: 14336
Adjusted matrix size: 14336
>>>> Begin of record <<<<
Serial version:
Elapsed time: 0.826699 s
Performance:  0.497209 Gflop/s
>>>> End of record <<<<
>>>> Begin of record <<<<
Block size: 272x1
Grid size : 53x1
Shared memory size: 140 bytes
transposedGPU kernel version: coalesced
Checking ... PASSED
Elapsed time: 0.046004 s
Performance:  8.934914 Gflop/s
>>>> End of record <<<<
kernel:1Matrix size: 14336
Adjusted matrix size: 14336
>>>> Begin of record <<<<
Serial version:
Elapsed time: 0.830737 s
Performance:  0.494792 Gflop/s
>>>> End of record <<<<
>>>> Begin of record <<<<
Block size: 288x1
Grid size : 50x1
Shared memory size: 140 bytes
transposedGPU kernel version: coalesced
Checking ... PASSED
Elapsed time: 0.045756 s
Performance:  8.983342 Gflop/s
>>>> End of record <<<<
kernel:1Matrix size: 14336
Adjusted matrix size: 14336
>>>> Begin of record <<<<
Serial version:
Elapsed time: 0.829681 s
Performance:  0.495421 Gflop/s
>>>> End of record <<<<
>>>> Begin of record <<<<
Block size: 304x1
Grid size : 48x1
Shared memory size: 140 bytes
transposedGPU kernel version: coalesced
Checking ... PASSED
Elapsed time: 0.050868 s
Performance:  8.080557 Gflop/s
>>>> End of record <<<<
kernel:1Matrix size: 14336
Adjusted matrix size: 14336
>>>> Begin of record <<<<
Serial version:
Elapsed time: 0.827033 s
Performance:  0.497008 Gflop/s
>>>> End of record <<<<
>>>> Begin of record <<<<
Block size: 320x1
Grid size : 45x1
Shared memory size: 140 bytes
transposedGPU kernel version: coalesced
Checking ... PASSED
Elapsed time: 0.050269 s
Performance:  8.176844 Gflop/s
>>>> End of record <<<<
kernel:1Matrix size: 14336
Adjusted matrix size: 14336
>>>> Begin of record <<<<
Serial version:
Elapsed time: 0.826595 s
Performance:  0.497271 Gflop/s
>>>> End of record <<<<
>>>> Begin of record <<<<
Block size: 336x1
Grid size : 43x1
Shared memory size: 140 bytes
transposedGPU kernel version: coalesced
Checking ... PASSED
Elapsed time: 0.055236 s
Performance:  7.441556 Gflop/s
>>>> End of record <<<<
kernel:1Matrix size: 14336
Adjusted matrix size: 14336
>>>> Begin of record <<<<
Serial version:
Elapsed time: 0.829974 s
Performance:  0.495247 Gflop/s
>>>> End of record <<<<
>>>> Begin of record <<<<
Block size: 352x1
Grid size : 41x1
Shared memory size: 140 bytes
transposedGPU kernel version: coalesced
Checking ... PASSED
Elapsed time: 0.053373 s
Performance:  7.701306 Gflop/s
>>>> End of record <<<<
kernel:1Matrix size: 14336
Adjusted matrix size: 14336
>>>> Begin of record <<<<
Serial version:
Elapsed time: 0.830416 s
Performance:  0.494983 Gflop/s
>>>> End of record <<<<
>>>> Begin of record <<<<
Block size: 368x1
Grid size : 39x1
Shared memory size: 140 bytes
transposedGPU kernel version: coalesced
Checking ... PASSED
Elapsed time: 0.046217 s
Performance:  8.893736 Gflop/s
>>>> End of record <<<<
kernel:1Matrix size: 14336
Adjusted matrix size: 14336
>>>> Begin of record <<<<
Serial version:
Elapsed time: 0.829407 s
Performance:  0.495585 Gflop/s
>>>> End of record <<<<
>>>> Begin of record <<<<
Block size: 384x1
Grid size : 38x1
Shared memory size: 140 bytes
transposedGPU kernel version: coalesced
Checking ... PASSED
Elapsed time: 0.045686 s
Performance:  8.997106 Gflop/s
>>>> End of record <<<<
kernel:1Matrix size: 14336
Adjusted matrix size: 14336
>>>> Begin of record <<<<
Serial version:
Elapsed time: 0.830351 s
Performance:  0.495022 Gflop/s
>>>> End of record <<<<
>>>> Begin of record <<<<
Block size: 400x1
Grid size : 36x1
Shared memory size: 140 bytes
transposedGPU kernel version: coalesced
Checking ... PASSED
Elapsed time: 0.051125 s
Performance:  8.039937 Gflop/s
>>>> End of record <<<<
kernel:1Matrix size: 14336
Adjusted matrix size: 14336
>>>> Begin of record <<<<
Serial version:
Elapsed time: 0.829881 s
Performance:  0.495302 Gflop/s
>>>> End of record <<<<
>>>> Begin of record <<<<
Block size: 416x1
Grid size : 35x1
Shared memory size: 140 bytes
transposedGPU kernel version: coalesced
Checking ... PASSED
Elapsed time: 0.050947 s
Performance:  8.068027 Gflop/s
>>>> End of record <<<<
kernel:1Matrix size: 14336
Adjusted matrix size: 14336
>>>> Begin of record <<<<
Serial version:
Elapsed time: 0.826642 s
Performance:  0.497243 Gflop/s
>>>> End of record <<<<
>>>> Begin of record <<<<
Block size: 432x1
Grid size : 34x1
Shared memory size: 140 bytes
transposedGPU kernel version: coalesced
Checking ... PASSED
Elapsed time: 0.053433 s
Performance:  7.692658 Gflop/s
>>>> End of record <<<<
kernel:1Matrix size: 14336
Adjusted matrix size: 14336
>>>> Begin of record <<<<
Serial version:
Elapsed time: 0.826629 s
Performance:  0.497251 Gflop/s
>>>> End of record <<<<
>>>> Begin of record <<<<
Block size: 448x1
Grid size : 32x1
Shared memory size: 140 bytes
transposedGPU kernel version: coalesced
Checking ... PASSED
Elapsed time: 0.053618 s
Performance:  7.666116 Gflop/s
>>>> End of record <<<<
kernel:1Matrix size: 14336
Adjusted matrix size: 14336
>>>> Begin of record <<<<
Serial version:
Elapsed time: 0.826875 s
Performance:  0.497103 Gflop/s
>>>> End of record <<<<
>>>> Begin of record <<<<
Block size: 464x1
Grid size : 31x1
Shared memory size: 140 bytes
transposedGPU kernel version: coalesced
Checking ... PASSED
Elapsed time: 0.058878 s
Performance:  6.981246 Gflop/s
>>>> End of record <<<<
kernel:1Matrix size: 14336
Adjusted matrix size: 14336
>>>> Begin of record <<<<
Serial version:
Elapsed time: 0.830631 s
Performance:  0.494855 Gflop/s
>>>> End of record <<<<
>>>> Begin of record <<<<
Block size: 480x1
Grid size : 30x1
Shared memory size: 140 bytes
transposedGPU kernel version: coalesced
Checking ... PASSED
Elapsed time: 0.058679 s
Performance:  7.004922 Gflop/s
>>>> End of record <<<<
kernel:1Matrix size: 14336
Adjusted matrix size: 14336
>>>> Begin of record <<<<
Serial version:
Elapsed time: 0.826632 s
Performance:  0.497249 Gflop/s
>>>> End of record <<<<
>>>> Begin of record <<<<
Block size: 496x1
Grid size : 29x1
Shared memory size: 140 bytes
transposedGPU kernel version: coalesced
Checking ... PASSED
Elapsed time: 0.061876 s
Performance:  6.642992 Gflop/s
>>>> End of record <<<<
kernel:1Matrix size: 14336
Adjusted matrix size: 14336
>>>> Begin of record <<<<
Serial version:
Elapsed time: 0.826815 s
Performance:  0.497139 Gflop/s
>>>> End of record <<<<
>>>> Begin of record <<<<
Block size: 512x1
Grid size : 28x1
Shared memory size: 140 bytes
transposedGPU kernel version: coalesced
Checking ... PASSED
Elapsed time: 0.061794 s
Performance:  6.651807 Gflop/s
>>>> End of record <<<<
kernel:1Matrix size: 16384
Adjusted matrix size: 16384
>>>> Begin of record <<<<
Serial version:
Elapsed time: 1.076354 s
Performance:  0.498787 Gflop/s
>>>> End of record <<<<
>>>> Begin of record <<<<
Block size: 16x1
Grid size : 1024x1
Shared memory size: 140 bytes
transposedGPU kernel version: coalesced
Checking ... PASSED
Elapsed time: 0.257029 s
Performance:  2.088756 Gflop/s
>>>> End of record <<<<
kernel:1Matrix size: 16384
Adjusted matrix size: 16384
>>>> Begin of record <<<<
Serial version:
Elapsed time: 1.076184 s
Performance:  0.498865 Gflop/s
>>>> End of record <<<<
>>>> Begin of record <<<<
Block size: 32x1
Grid size : 512x1
Shared memory size: 140 bytes
transposedGPU kernel version: coalesced
Checking ... PASSED
Elapsed time: 0.129495 s
Performance:  4.145881 Gflop/s
>>>> End of record <<<<
kernel:1Matrix size: 16384
Adjusted matrix size: 16384
>>>> Begin of record <<<<
Serial version:
Elapsed time: 1.076046 s
Performance:  0.498929 Gflop/s
>>>> End of record <<<<
>>>> Begin of record <<<<
Block size: 48x1
Grid size : 342x1
Shared memory size: 140 bytes
transposedGPU kernel version: coalesced
Checking ... PASSED
Elapsed time: 0.105807 s
Performance:  5.074059 Gflop/s
>>>> End of record <<<<
kernel:1Matrix size: 16384
Adjusted matrix size: 16384
>>>> Begin of record <<<<
Serial version:
Elapsed time: 1.076709 s
Performance:  0.498622 Gflop/s
>>>> End of record <<<<
>>>> Begin of record <<<<
Block size: 64x1
Grid size : 256x1
Shared memory size: 140 bytes
transposedGPU kernel version: coalesced
Checking ... PASSED
Elapsed time: 0.079944 s
Performance:  6.715587 Gflop/s
>>>> End of record <<<<
kernel:1Matrix size: 16384
Adjusted matrix size: 16384
>>>> Begin of record <<<<
Serial version:
Elapsed time: 1.076489 s
Performance:  0.498724 Gflop/s
>>>> End of record <<<<
>>>> Begin of record <<<<
Block size: 80x1
Grid size : 205x1
Shared memory size: 140 bytes
transposedGPU kernel version: coalesced
Checking ... PASSED
Elapsed time: 0.072231 s
Performance:  7.432694 Gflop/s
>>>> End of record <<<<
kernel:1Matrix size: 16384
Adjusted matrix size: 16384
>>>> Begin of record <<<<
Serial version:
Elapsed time: 1.080558 s
Performance:  0.496846 Gflop/s
>>>> End of record <<<<
>>>> Begin of record <<<<
Block size: 96x1
Grid size : 171x1
Shared memory size: 140 bytes
transposedGPU kernel version: coalesced
Checking ... PASSED
Elapsed time: 0.062980 s
Performance:  8.524467 Gflop/s
>>>> End of record <<<<
kernel:1Matrix size: 16384
Adjusted matrix size: 16384
>>>> Begin of record <<<<
Serial version:
Elapsed time: 1.129242 s
Performance:  0.475426 Gflop/s
>>>> End of record <<<<
>>>> Begin of record <<<<
Block size: 112x1
Grid size : 147x1
Shared memory size: 140 bytes
transposedGPU kernel version: coalesced
Checking ... PASSED
Elapsed time: 0.073758 s
Performance:  7.278816 Gflop/s
>>>> End of record <<<<
kernel:1Matrix size: 16384
Adjusted matrix size: 16384
>>>> Begin of record <<<<
Serial version:
Elapsed time: 1.080243 s
Performance:  0.496991 Gflop/s
>>>> End of record <<<<
>>>> Begin of record <<<<
Block size: 128x1
Grid size : 128x1
Shared memory size: 140 bytes
transposedGPU kernel version: coalesced
Checking ... PASSED
Elapsed time: 0.070897 s
Performance:  7.572548 Gflop/s
>>>> End of record <<<<
kernel:1Matrix size: 16384
Adjusted matrix size: 16384
>>>> Begin of record <<<<
Serial version:
Elapsed time: 1.075995 s
Performance:  0.498953 Gflop/s
>>>> End of record <<<<
>>>> Begin of record <<<<
Block size: 144x1
Grid size : 114x1
Shared memory size: 140 bytes
transposedGPU kernel version: coalesced
Checking ... PASSED
Elapsed time: 0.078967 s
Performance:  6.798674 Gflop/s
>>>> End of record <<<<
kernel:1Matrix size: 16384
Adjusted matrix size: 16384
>>>> Begin of record <<<<
Serial version:
Elapsed time: 1.076344 s
Performance:  0.498791 Gflop/s
>>>> End of record <<<<
>>>> Begin of record <<<<
Block size: 160x1
Grid size : 103x1
Shared memory size: 140 bytes
transposedGPU kernel version: coalesced
Checking ... PASSED
Elapsed time: 0.057970 s
Performance:  9.261185 Gflop/s
>>>> End of record <<<<
kernel:1Matrix size: 16384
Adjusted matrix size: 16384
>>>> Begin of record <<<<
Serial version:
Elapsed time: 1.076770 s
Performance:  0.498594 Gflop/s
>>>> End of record <<<<
>>>> Begin of record <<<<
Block size: 176x1
Grid size : 94x1
Shared memory size: 140 bytes
transposedGPU kernel version: coalesced
Checking ... PASSED
Elapsed time: 0.061630 s
Performance:  8.711194 Gflop/s
>>>> End of record <<<<
kernel:1Matrix size: 16384
Adjusted matrix size: 16384
>>>> Begin of record <<<<
Serial version:
Elapsed time: 1.076926 s
Performance:  0.498522 Gflop/s
>>>> End of record <<<<
>>>> Begin of record <<<<
Block size: 192x1
Grid size : 86x1
Shared memory size: 140 bytes
transposedGPU kernel version: coalesced
Checking ... PASSED
Elapsed time: 0.061336 s
Performance:  8.752950 Gflop/s
>>>> End of record <<<<
kernel:1Matrix size: 16384
Adjusted matrix size: 16384
>>>> Begin of record <<<<
Serial version:
Elapsed time: 1.076543 s
Performance:  0.498699 Gflop/s
>>>> End of record <<<<
>>>> Begin of record <<<<
Block size: 208x1
Grid size : 79x1
Shared memory size: 140 bytes
transposedGPU kernel version: coalesced
Checking ... PASSED
Elapsed time: 0.061889 s
Performance:  8.674739 Gflop/s
>>>> End of record <<<<
kernel:1Matrix size: 16384
Adjusted matrix size: 16384
>>>> Begin of record <<<<
Serial version:
Elapsed time: 1.080834 s
Performance:  0.496719 Gflop/s
>>>> End of record <<<<
>>>> Begin of record <<<<
Block size: 224x1
Grid size : 74x1
Shared memory size: 140 bytes
transposedGPU kernel version: coalesced
Checking ... PASSED
Elapsed time: 0.061808 s
Performance:  8.686107 Gflop/s
>>>> End of record <<<<
kernel:1Matrix size: 16384
Adjusted matrix size: 16384
>>>> Begin of record <<<<
Serial version:
Elapsed time: 1.076821 s
Performance:  0.498570 Gflop/s
>>>> End of record <<<<
>>>> Begin of record <<<<
Block size: 240x1
Grid size : 69x1
Shared memory size: 140 bytes
transposedGPU kernel version: coalesced
Checking ... PASSED
Elapsed time: 0.063034 s
Performance:  8.517164 Gflop/s
>>>> End of record <<<<
kernel:1Matrix size: 16384
Adjusted matrix size: 16384
>>>> Begin of record <<<<
Serial version:
Elapsed time: 1.080851 s
Performance:  0.496711 Gflop/s
>>>> End of record <<<<
>>>> Begin of record <<<<
Block size: 256x1
Grid size : 64x1
Shared memory size: 140 bytes
transposedGPU kernel version: coalesced
Checking ... PASSED
Elapsed time: 0.057946 s
Performance:  9.265021 Gflop/s
>>>> End of record <<<<
kernel:1Matrix size: 16384
Adjusted matrix size: 16384
>>>> Begin of record <<<<
Serial version:
Elapsed time: 1.077154 s
Performance:  0.498416 Gflop/s
>>>> End of record <<<<
>>>> Begin of record <<<<
Block size: 272x1
Grid size : 61x1
Shared memory size: 140 bytes
transposedGPU kernel version: coalesced
Checking ... PASSED
Elapsed time: 0.067491 s
Performance:  7.954704 Gflop/s
>>>> End of record <<<<
kernel:1Matrix size: 16384
Adjusted matrix size: 16384
>>>> Begin of record <<<<
Serial version:
Elapsed time: 1.076755 s
Performance:  0.498601 Gflop/s
>>>> End of record <<<<
>>>> Begin of record <<<<
Block size: 288x1
Grid size : 57x1
Shared memory size: 140 bytes
transposedGPU kernel version: coalesced
Checking ... PASSED
Elapsed time: 0.066018 s
Performance:  8.132190 Gflop/s
>>>> End of record <<<<
kernel:1Matrix size: 16384
Adjusted matrix size: 16384
>>>> Begin of record <<<<
Serial version:
Elapsed time: 1.080440 s
Performance:  0.496900 Gflop/s
>>>> End of record <<<<
>>>> Begin of record <<<<
Block size: 304x1
Grid size : 54x1
Shared memory size: 140 bytes
transposedGPU kernel version: coalesced
Checking ... PASSED
Elapsed time: 0.059079 s
Performance:  9.087339 Gflop/s
>>>> End of record <<<<
kernel:1Matrix size: 16384
Adjusted matrix size: 16384
>>>> Begin of record <<<<
Serial version:
Elapsed time: 1.076962 s
Performance:  0.498505 Gflop/s
>>>> End of record <<<<
>>>> Begin of record <<<<
Block size: 320x1
Grid size : 52x1
Shared memory size: 140 bytes
transposedGPU kernel version: coalesced
Checking ... PASSED
Elapsed time: 0.057429 s
Performance:  9.348429 Gflop/s
>>>> End of record <<<<
kernel:1Matrix size: 16384
Adjusted matrix size: 16384
>>>> Begin of record <<<<
Serial version:
Elapsed time: 1.076739 s
Performance:  0.498608 Gflop/s
>>>> End of record <<<<
>>>> Begin of record <<<<
Block size: 336x1
Grid size : 49x1
Shared memory size: 140 bytes
transposedGPU kernel version: coalesced
Checking ... PASSED
Elapsed time: 0.063827 s
Performance:  8.411345 Gflop/s
>>>> End of record <<<<
kernel:1Matrix size: 16384
Adjusted matrix size: 16384
>>>> Begin of record <<<<
Serial version:
Elapsed time: 1.077324 s
Performance:  0.498337 Gflop/s
>>>> End of record <<<<
>>>> Begin of record <<<<
Block size: 352x1
Grid size : 47x1
Shared memory size: 140 bytes
transposedGPU kernel version: coalesced
Checking ... PASSED
Elapsed time: 0.063177 s
Performance:  8.497885 Gflop/s
>>>> End of record <<<<
kernel:1Matrix size: 16384
Adjusted matrix size: 16384
>>>> Begin of record <<<<
Serial version:
Elapsed time: 1.081398 s
Performance:  0.496460 Gflop/s
>>>> End of record <<<<
>>>> Begin of record <<<<
Block size: 368x1
Grid size : 45x1
Shared memory size: 140 bytes
transposedGPU kernel version: coalesced
Checking ... PASSED
Elapsed time: 0.068498 s
Performance:  7.837760 Gflop/s
>>>> End of record <<<<
kernel:1Matrix size: 16384
Adjusted matrix size: 16384
>>>> Begin of record <<<<
Serial version:
Elapsed time: 1.080344 s
Performance:  0.496944 Gflop/s
>>>> End of record <<<<
>>>> Begin of record <<<<
Block size: 384x1
Grid size : 43x1
Shared memory size: 140 bytes
transposedGPU kernel version: coalesced
Checking ... PASSED
Elapsed time: 0.068486 s
Performance:  7.839134 Gflop/s
>>>> End of record <<<<
kernel:1Matrix size: 16384
Adjusted matrix size: 16384
>>>> Begin of record <<<<
Serial version:
Elapsed time: 1.076571 s
Performance:  0.498686 Gflop/s
>>>> End of record <<<<
>>>> Begin of record <<<<
Block size: 400x1
Grid size : 41x1
Shared memory size: 140 bytes
transposedGPU kernel version: coalesced
Checking ... PASSED
Elapsed time: 0.058499 s
Performance:  9.177437 Gflop/s
>>>> End of record <<<<
kernel:1Matrix size: 16384
Adjusted matrix size: 16384
>>>> Begin of record <<<<
Serial version:
Elapsed time: 1.076499 s
Performance:  0.498719 Gflop/s
>>>> End of record <<<<
>>>> Begin of record <<<<
Block size: 416x1
Grid size : 40x1
Shared memory size: 140 bytes
transposedGPU kernel version: coalesced
Checking ... PASSED
Elapsed time: 0.058422 s
Performance:  9.189533 Gflop/s
>>>> End of record <<<<
kernel:1Matrix size: 16384
Adjusted matrix size: 16384
>>>> Begin of record <<<<
Serial version:
Elapsed time: 1.081514 s
Performance:  0.496407 Gflop/s
>>>> End of record <<<<
>>>> Begin of record <<<<
Block size: 432x1
Grid size : 38x1
Shared memory size: 140 bytes
transposedGPU kernel version: coalesced
Checking ... PASSED
Elapsed time: 0.061561 s
Performance:  8.720958 Gflop/s
>>>> End of record <<<<
kernel:1Matrix size: 16384
Adjusted matrix size: 16384
>>>> Begin of record <<<<
Serial version:
Elapsed time: 1.076868 s
Performance:  0.498548 Gflop/s
>>>> End of record <<<<
>>>> Begin of record <<<<
Block size: 448x1
Grid size : 37x1
Shared memory size: 140 bytes
transposedGPU kernel version: coalesced
Checking ... PASSED
Elapsed time: 0.061329 s
Performance:  8.753949 Gflop/s
>>>> End of record <<<<
kernel:1Matrix size: 16384
Adjusted matrix size: 16384
>>>> Begin of record <<<<
Serial version:
Elapsed time: 1.076399 s
Performance:  0.498766 Gflop/s
>>>> End of record <<<<
>>>> Begin of record <<<<
Block size: 464x1
Grid size : 36x1
Shared memory size: 140 bytes
transposedGPU kernel version: coalesced
Checking ... PASSED
Elapsed time: 0.067619 s
Performance:  7.939646 Gflop/s
>>>> End of record <<<<
kernel:1Matrix size: 16384
Adjusted matrix size: 16384
>>>> Begin of record <<<<
Serial version:
Elapsed time: 1.077153 s
Performance:  0.498417 Gflop/s
>>>> End of record <<<<
>>>> Begin of record <<<<
Block size: 480x1
Grid size : 35x1
Shared memory size: 140 bytes
transposedGPU kernel version: coalesced
Checking ... PASSED
Elapsed time: 0.067357 s
Performance:  7.970529 Gflop/s
>>>> End of record <<<<
kernel:1Matrix size: 16384
Adjusted matrix size: 16384
>>>> Begin of record <<<<
Serial version:
Elapsed time: 1.081066 s
Performance:  0.496613 Gflop/s
>>>> End of record <<<<
>>>> Begin of record <<<<
Block size: 496x1
Grid size : 34x1
Shared memory size: 140 bytes
transposedGPU kernel version: coalesced
Checking ... PASSED
Elapsed time: 0.070763 s
Performance:  7.586887 Gflop/s
>>>> End of record <<<<
kernel:1Matrix size: 16384
Adjusted matrix size: 16384
>>>> Begin of record <<<<
Serial version:
Elapsed time: 1.077221 s
Performance:  0.498385 Gflop/s
>>>> End of record <<<<
>>>> Begin of record <<<<
Block size: 512x1
Grid size : 32x1
Shared memory size: 140 bytes
transposedGPU kernel version: coalesced
Checking ... PASSED
Elapsed time: 0.070670 s
Performance:  7.596872 Gflop/s
>>>> End of record <<<<
Benchmark ended on Mon Jan 16 01:25:12 EET 2017 in termi1
